2024-05-21 17:16:37,066 - root - INFO - Using GPU: GeForce RTX 3090
2024-05-21 17:17:34,188 - root - INFO - Epoch 1/100 - Policy Loss: 82.59785461425781, Value Loss: 1.085167646408081, Reward: 0.2969908118247986
2024-05-21 17:17:34,188 - root - INFO - Selected domain: [[], [3, 2], [2, 3, 1]]
2024-05-21 17:18:42,096 - root - INFO - Epoch 2/100 - Policy Loss: 1.3747766017913818, Value Loss: 0.7525156736373901, Reward: 0.00620076060295105
2024-05-21 17:18:42,096 - root - INFO - Selected domain: [[0, 1, 3, 2], [2, 1, 3, 0], [2, 1, 3, 0]]
2024-05-21 17:19:49,959 - root - INFO - Epoch 3/100 - Policy Loss: 1.2240984439849854, Value Loss: 0.6574368476867676, Reward: 0.007568091154098511
2024-05-21 17:19:49,959 - root - INFO - Selected domain: [[2, 3, 1, 0], [2, 1, 3, 0], [2, 0, 1, 3]]
2024-05-21 17:20:58,212 - root - INFO - Epoch 4/100 - Policy Loss: 0.6921141147613525, Value Loss: 0.540916919708252, Reward: 0.006277735345065594
2024-05-21 17:20:58,213 - root - INFO - Selected domain: [[2, 1, 3, 0], [3, 2, 0, 1], [3, 2, 1, 0]]
2024-05-21 17:22:06,261 - root - INFO - Epoch 5/100 - Policy Loss: 1.6326961517333984, Value Loss: 0.4574856758117676, Reward: 0.016415715217590332
2024-05-21 17:22:06,262 - root - INFO - Selected domain: [[3, 1, 0, 2], [1, 0, 2, 3], [0, 1, 2, 3]]
2024-05-21 17:23:14,098 - root - INFO - Epoch 6/100 - Policy Loss: 0.3039252460002899, Value Loss: 0.41556817293167114, Reward: 0.004949371330440044
2024-05-21 17:23:14,098 - root - INFO - Selected domain: [[2, 1, 3, 0], [3, 2, 1, 0], [2, 0, 1, 3]]
2024-05-21 17:24:21,775 - root - INFO - Epoch 7/100 - Policy Loss: 0.355671226978302, Value Loss: 0.3934285342693329, Reward: 0.008202220313251019
2024-05-21 17:24:21,775 - root - INFO - Selected domain: [[3, 2, 0, 1], [3, 1, 2, 0], [1, 0, 2, 3]]
2024-05-21 17:25:29,904 - root - INFO - Epoch 8/100 - Policy Loss: 0.3059983253479004, Value Loss: 0.38184040784835815, Reward: 0.010621339082717896
2024-05-21 17:25:29,905 - root - INFO - Selected domain: [[3, 2, 0, 1], [1, 3, 0, 2], [2, 3, 0, 1]]
2024-05-21 17:26:37,845 - root - INFO - Epoch 9/100 - Policy Loss: 0.1608583927154541, Value Loss: 0.37490272521972656, Reward: 0.009939035400748253
2024-05-21 17:26:37,845 - root - INFO - Selected domain: [[2, 0, 1, 3], [2, 0, 1, 3], [3, 1, 2, 0]]
2024-05-21 17:27:45,844 - root - INFO - Epoch 10/100 - Policy Loss: 0.07606693357229233, Value Loss: 0.3709339499473572, Reward: 0.00795107614248991
2024-05-21 17:27:45,844 - root - INFO - Selected domain: [[1, 0, 2, 3], [3, 2, 0, 1], [1, 2, 3, 0]]
2024-05-21 17:28:53,958 - root - INFO - Epoch 11/100 - Policy Loss: 0.08815565705299377, Value Loss: 0.3675854206085205, Reward: 0.01563490554690361
2024-05-21 17:28:53,958 - root - INFO - Selected domain: [[1, 0, 2, 3], [1, 2, 0, 3], [0, 2, 1, 3]]
2024-05-21 17:30:01,803 - root - INFO - Epoch 12/100 - Policy Loss: 0.021997814998030663, Value Loss: 0.36475297808647156, Reward: 0.008597111329436302
2024-05-21 17:30:01,803 - root - INFO - Selected domain: [[3, 2, 1, 0], [2, 3, 0, 1], [1, 2, 0, 3]]
2024-05-21 17:31:09,437 - root - INFO - Epoch 13/100 - Policy Loss: 0.016261426731944084, Value Loss: 0.3627023696899414, Reward: 0.011415770277380943
2024-05-21 17:31:09,438 - root - INFO - Selected domain: [[2, 0, 1, 3], [1, 3, 2, 0], [1, 3, 0, 2]]
2024-05-21 17:32:17,320 - root - INFO - Epoch 14/100 - Policy Loss: 0.006190333515405655, Value Loss: 0.3600183427333832, Reward: 0.009384865872561932
2024-05-21 17:32:17,320 - root - INFO - Selected domain: [[3, 1, 2, 0], [1, 3, 0, 2], [2, 3, 0, 1]]
2024-05-21 17:33:25,073 - root - INFO - Epoch 15/100 - Policy Loss: 0.005973269697278738, Value Loss: 0.356884241104126, Reward: 0.012746801599860191
2024-05-21 17:33:25,074 - root - INFO - Selected domain: [[0, 1, 2, 3], [1, 2, 3, 0], [3, 0, 1, 2]]
2024-05-21 17:34:33,281 - root - INFO - Epoch 16/100 - Policy Loss: 0.004208849277347326, Value Loss: 0.3544389605522156, Reward: 0.01634576916694641
2024-05-21 17:34:33,282 - root - INFO - Selected domain: [[1, 3, 0, 2], [3, 0, 1, 2], [0, 1, 3, 2]]
2024-05-21 17:35:41,165 - root - INFO - Epoch 17/100 - Policy Loss: 0.0014539652038365602, Value Loss: 0.352423757314682, Reward: 0.01289830170571804
2024-05-21 17:35:41,165 - root - INFO - Selected domain: [[3, 1, 0, 2], [1, 2, 0, 3], [2, 1, 3, 0]]
2024-05-21 17:36:49,232 - root - INFO - Epoch 18/100 - Policy Loss: 0.001006998005323112, Value Loss: 0.35064107179641724, Reward: 0.014853015542030334
2024-05-21 17:36:49,232 - root - INFO - Selected domain: [[2, 0, 1, 3], [1, 2, 0, 3], [3, 0, 2, 1]]
2024-05-21 17:37:56,661 - root - INFO - Epoch 19/100 - Policy Loss: 0.0002616446581669152, Value Loss: 0.34936878085136414, Reward: 0.008106648921966553
2024-05-21 17:37:56,662 - root - INFO - Selected domain: [[1, 2, 3, 0], [1, 2, 3, 0], [3, 0, 1, 2]]
2024-05-21 17:39:04,491 - root - INFO - Epoch 20/100 - Policy Loss: 2.045227120106574e-05, Value Loss: 0.34800681471824646, Reward: 0.004657353274524212
2024-05-21 17:39:04,492 - root - INFO - Selected domain: [[3, 2, 0, 1], [2, 3, 1, 0], [1, 3, 2, 0]]
2024-05-21 17:40:11,964 - root - INFO - Epoch 21/100 - Policy Loss: 0.0003050974919460714, Value Loss: 0.3454139232635498, Reward: 0.01351298950612545
2024-05-21 17:40:11,965 - root - INFO - Selected domain: [[1, 0, 2, 3], [2, 3, 0, 1], [0, 3, 1, 2]]
2024-05-21 17:41:19,599 - root - INFO - Epoch 22/100 - Policy Loss: 0.0002694510330911726, Value Loss: 0.3435238301753998, Reward: 0.01716059073805809
2024-05-21 17:41:19,599 - root - INFO - Selected domain: [[1, 2, 0, 3], [0, 3, 1, 2], [0, 1, 3, 2]]
2024-05-21 17:42:27,161 - root - INFO - Epoch 23/100 - Policy Loss: 2.256364496133756e-05, Value Loss: 0.33721739053726196, Reward: 0.011390557512640953
2024-05-21 17:42:27,161 - root - INFO - Selected domain: [[3, 0, 2, 1], [1, 2, 0, 3], [2, 0, 3, 1]]
2024-05-21 17:43:34,697 - root - INFO - Epoch 24/100 - Policy Loss: 5.949657497694716e-05, Value Loss: 0.33040714263916016, Reward: 0.014002105221152306
2024-05-21 17:43:34,697 - root - INFO - Selected domain: [[2, 3, 0, 1], [0, 1, 3, 2], [0, 2, 1, 3]]
2024-05-21 17:44:42,204 - root - INFO - Epoch 25/100 - Policy Loss: 4.16635703004431e-05, Value Loss: 0.3235037326812744, Reward: 0.010837530717253685
2024-05-21 17:44:42,205 - root - INFO - Selected domain: [[0, 3, 2, 1], [0, 1, 3, 2], [0, 2, 3, 1]]
2024-05-21 17:45:49,903 - root - INFO - Epoch 26/100 - Policy Loss: 1.6371595847886056e-05, Value Loss: 0.3177708685398102, Reward: 0.011592462658882141
2024-05-21 17:45:49,903 - root - INFO - Selected domain: [[1, 3, 2, 0], [1, 0, 3, 2], [1, 0, 3, 2]]
2024-05-21 17:46:57,334 - root - INFO - Epoch 27/100 - Policy Loss: -1.3325337022251915e-05, Value Loss: 0.3111588954925537, Reward: 0.006726359482854605
2024-05-21 17:46:57,334 - root - INFO - Selected domain: [[3, 1, 2, 0], [3, 0, 2, 1], [3, 0, 2, 1]]
2024-05-21 17:48:04,887 - root - INFO - Epoch 28/100 - Policy Loss: -2.8863705665571615e-06, Value Loss: 0.30235394835472107, Reward: 0.006669168826192617
2024-05-21 17:48:04,888 - root - INFO - Selected domain: [[1, 3, 0, 2], [1, 2, 3, 0], [2, 1, 3, 0]]
