2024-05-21 17:55:16,627 - root - INFO - Using GPU: GeForce RTX 3090
2024-05-21 17:56:28,566 - root - INFO - Epoch 1/100 - Policy Loss: 4.233718395233154, Value Loss: 1.102237582206726, Reward: 0.015512079000473022
2024-05-21 17:56:28,567 - root - INFO - Selected domain: [[1, 3, 2, 0], [0, 1, 3, 2], [2, 3, 1, 0]]
2024-05-21 17:57:36,745 - root - INFO - Epoch 2/100 - Policy Loss: 3.3089511394500732, Value Loss: 0.7058647871017456, Reward: 0.01683039590716362
2024-05-21 17:57:36,746 - root - INFO - Selected domain: [[0, 1, 3, 2], [2, 1, 3, 0], [2, 1, 3, 0]]
2024-05-21 17:58:44,960 - root - INFO - Epoch 3/100 - Policy Loss: 1.686868667602539, Value Loss: 0.5731246471405029, Reward: 0.013224899768829346
2024-05-21 17:58:44,960 - root - INFO - Selected domain: [[2, 3, 1, 0], [2, 1, 3, 0], [2, 0, 1, 3]]
2024-05-21 17:59:53,196 - root - INFO - Epoch 4/100 - Policy Loss: 1.1254526376724243, Value Loss: 0.5014258623123169, Reward: 0.015054206363856792
2024-05-21 17:59:53,197 - root - INFO - Selected domain: [[2, 1, 3, 0], [3, 2, 0, 1], [3, 2, 1, 0]]
2024-05-21 18:01:01,667 - root - INFO - Epoch 5/100 - Policy Loss: 0.831063449382782, Value Loss: 0.45695847272872925, Reward: 0.022046959027647972
2024-05-21 18:01:01,667 - root - INFO - Selected domain: [[3, 1, 0, 2], [1, 0, 2, 3], [0, 1, 2, 3]]
2024-05-21 18:02:10,243 - root - INFO - Epoch 6/100 - Policy Loss: 0.1898045539855957, Value Loss: 0.42733773589134216, Reward: 0.012972354888916016
2024-05-21 18:02:10,244 - root - INFO - Selected domain: [[2, 1, 3, 0], [3, 2, 1, 0], [2, 0, 1, 3]]
2024-05-21 18:03:18,351 - root - INFO - Epoch 7/100 - Policy Loss: 0.10820692777633667, Value Loss: 0.4079253375530243, Reward: 0.017369866371154785
2024-05-21 18:03:18,352 - root - INFO - Selected domain: [[3, 2, 0, 1], [3, 1, 2, 0], [1, 0, 2, 3]]
2024-05-21 18:04:26,647 - root - INFO - Epoch 8/100 - Policy Loss: 0.055299460887908936, Value Loss: 0.39659905433654785, Reward: 0.021951600909233093
2024-05-21 18:04:26,648 - root - INFO - Selected domain: [[3, 2, 0, 1], [1, 3, 0, 2], [2, 3, 0, 1]]
2024-05-21 18:05:35,235 - root - INFO - Epoch 9/100 - Policy Loss: 0.011737754568457603, Value Loss: 0.3885628581047058, Reward: 0.01349349319934845
2024-05-21 18:05:35,235 - root - INFO - Selected domain: [[2, 0, 1, 3], [2, 0, 1, 3], [3, 1, 2, 0]]
2024-05-21 18:06:43,391 - root - INFO - Epoch 10/100 - Policy Loss: 0.005594936665147543, Value Loss: 0.38186508417129517, Reward: 0.015054887160658836
2024-05-21 18:06:43,391 - root - INFO - Selected domain: [[1, 0, 2, 3], [3, 2, 0, 1], [1, 2, 3, 0]]
2024-05-21 18:07:51,579 - root - INFO - Epoch 11/100 - Policy Loss: 0.0023214276880025864, Value Loss: 0.3753371834754944, Reward: 0.015151391737163067
2024-05-21 18:07:51,579 - root - INFO - Selected domain: [[1, 0, 2, 3], [1, 2, 0, 3], [0, 2, 1, 3]]
2024-05-21 18:08:59,503 - root - INFO - Epoch 12/100 - Policy Loss: 0.0007046870305202901, Value Loss: 0.3713108003139496, Reward: 0.013594066724181175
2024-05-21 18:08:59,503 - root - INFO - Selected domain: [[3, 2, 1, 0], [2, 3, 0, 1], [1, 2, 0, 3]]
2024-05-21 18:10:07,263 - root - INFO - Epoch 13/100 - Policy Loss: 0.0002831394667737186, Value Loss: 0.36818408966064453, Reward: 0.01240993570536375
2024-05-21 18:10:07,263 - root - INFO - Selected domain: [[2, 0, 1, 3], [1, 3, 2, 0], [1, 3, 0, 2]]
2024-05-21 18:11:15,124 - root - INFO - Epoch 14/100 - Policy Loss: 0.00014251333777792752, Value Loss: 0.3664780855178833, Reward: 0.014791369438171387
2024-05-21 18:11:15,124 - root - INFO - Selected domain: [[3, 1, 2, 0], [1, 3, 0, 2], [2, 3, 0, 1]]
2024-05-21 18:12:23,144 - root - INFO - Epoch 15/100 - Policy Loss: 6.548381497850642e-05, Value Loss: 0.3652893006801605, Reward: 0.011917556636035442
2024-05-21 18:12:23,144 - root - INFO - Selected domain: [[0, 1, 2, 3], [1, 2, 3, 0], [3, 0, 1, 2]]
2024-05-21 18:13:31,000 - root - INFO - Epoch 16/100 - Policy Loss: 4.3810781789943576e-05, Value Loss: 0.36511367559432983, Reward: 0.01688653789460659
2024-05-21 18:13:31,001 - root - INFO - Selected domain: [[1, 3, 0, 2], [3, 0, 1, 2], [0, 1, 3, 2]]
2024-05-21 18:14:39,185 - root - INFO - Epoch 17/100 - Policy Loss: 1.1667998478515074e-05, Value Loss: 0.36234578490257263, Reward: 0.011189630255103111
2024-05-21 18:14:39,186 - root - INFO - Selected domain: [[3, 1, 0, 2], [1, 2, 0, 3], [2, 1, 3, 0]]
2024-05-21 18:15:46,956 - root - INFO - Epoch 18/100 - Policy Loss: 8.916433216654696e-06, Value Loss: 0.3625974655151367, Reward: 0.015558223240077496
2024-05-21 18:15:46,956 - root - INFO - Selected domain: [[2, 0, 1, 3], [1, 2, 0, 3], [3, 0, 2, 1]]
2024-05-21 18:16:54,912 - root - INFO - Epoch 19/100 - Policy Loss: 2.846923507604515e-06, Value Loss: 0.35893720388412476, Reward: 0.008165225386619568
2024-05-21 18:16:54,912 - root - INFO - Selected domain: [[1, 2, 3, 0], [1, 2, 3, 0], [3, 0, 1, 2]]
2024-05-21 18:18:02,701 - root - INFO - Epoch 20/100 - Policy Loss: 1.5611603885190561e-06, Value Loss: 0.3588484525680542, Reward: 0.009449551813304424
2024-05-21 18:18:02,702 - root - INFO - Selected domain: [[3, 2, 0, 1], [2, 3, 1, 0], [1, 3, 2, 0]]
2024-05-21 18:19:10,761 - root - INFO - Epoch 21/100 - Policy Loss: 2.1622356598527404e-06, Value Loss: 0.3562004566192627, Reward: 0.016153618693351746
2024-05-21 18:19:10,762 - root - INFO - Selected domain: [[1, 0, 2, 3], [2, 3, 0, 1], [0, 3, 1, 2]]
2024-05-21 18:20:18,620 - root - INFO - Epoch 22/100 - Policy Loss: 1.59544811140222e-06, Value Loss: 0.3589552044868469, Reward: 0.016824886202812195
2024-05-21 18:20:18,620 - root - INFO - Selected domain: [[1, 2, 0, 3], [0, 3, 1, 2], [0, 1, 3, 2]]
2024-05-21 18:21:26,421 - root - INFO - Epoch 23/100 - Policy Loss: 6.096249762777006e-07, Value Loss: 0.35882580280303955, Reward: 0.015206387266516685
2024-05-21 18:21:26,421 - root - INFO - Selected domain: [[3, 0, 2, 1], [1, 2, 0, 3], [2, 0, 3, 1]]
2024-05-21 18:22:34,375 - root - INFO - Epoch 24/100 - Policy Loss: 5.828165399179852e-07, Value Loss: 0.3539621829986572, Reward: 0.015146484598517418
2024-05-21 18:22:34,375 - root - INFO - Selected domain: [[2, 3, 0, 1], [0, 1, 3, 2], [0, 2, 1, 3]]
2024-05-21 18:23:42,383 - root - INFO - Epoch 25/100 - Policy Loss: 5.797537028229272e-07, Value Loss: 0.3518408238887787, Reward: 0.018208345398306847
2024-05-21 18:23:42,383 - root - INFO - Selected domain: [[0, 3, 2, 1], [0, 1, 3, 2], [0, 2, 3, 1]]
2024-05-21 18:24:50,132 - root - INFO - Epoch 26/100 - Policy Loss: 1.0852038201392133e-07, Value Loss: 0.34910911321640015, Reward: 0.010874083265662193
2024-05-21 18:24:50,133 - root - INFO - Selected domain: [[1, 3, 2, 0], [1, 0, 3, 2], [1, 0, 3, 2]]
2024-05-21 18:25:58,006 - root - INFO - Epoch 27/100 - Policy Loss: 1.1688039869284239e-08, Value Loss: 0.3471805453300476, Reward: 0.012700771912932396
2024-05-21 18:25:58,006 - root - INFO - Selected domain: [[3, 1, 2, 0], [3, 0, 2, 1], [3, 0, 2, 1]]
2024-05-21 18:27:05,641 - root - INFO - Epoch 28/100 - Policy Loss: 3.089414235546428e-08, Value Loss: 0.34303054213523865, Reward: 0.006653006188571453
2024-05-21 18:27:05,641 - root - INFO - Selected domain: [[1, 3, 0, 2], [1, 2, 3, 0], [2, 1, 3, 0]]
2024-05-21 18:28:13,447 - root - INFO - Epoch 29/100 - Policy Loss: -2.2792039366947847e-09, Value Loss: 0.3383699357509613, Reward: 0.005943477153778076
2024-05-21 18:28:13,447 - root - INFO - Selected domain: [[1, 3, 2, 0], [3, 0, 1, 2], [2, 3, 1, 0]]
2024-05-21 18:29:21,375 - root - INFO - Epoch 30/100 - Policy Loss: -2.908853380390042e-09, Value Loss: 0.33273613452911377, Reward: 0.0022843629121780396
2024-05-21 18:29:21,376 - root - INFO - Selected domain: [[1, 2, 3, 0], [1, 3, 2, 0], [3, 1, 2, 0]]
2024-05-21 18:30:29,241 - root - INFO - Epoch 31/100 - Policy Loss: 0.0, Value Loss: 0.325444757938385, Reward: 0.010339061729609966
2024-05-21 18:30:29,241 - root - INFO - Selected domain: [[2, 3, 0, 1], [2, 3, 1, 0], [1, 0, 2, 3]]
2024-05-21 18:31:36,937 - root - INFO - Epoch 32/100 - Policy Loss: 0.0, Value Loss: 0.32106155157089233, Reward: 0.013905411586165428
2024-05-21 18:31:36,937 - root - INFO - Selected domain: [[3, 0, 1, 2], [0, 1, 3, 2], [0, 2, 1, 3]]
2024-05-21 18:32:44,779 - root - INFO - Epoch 33/100 - Policy Loss: 0.0, Value Loss: 0.32097989320755005, Reward: 0.009533817879855633
2024-05-21 18:32:44,780 - root - INFO - Selected domain: [[0, 2, 1, 3], [0, 1, 3, 2], [1, 2, 3, 0]]
2024-05-21 18:33:52,884 - root - INFO - Epoch 34/100 - Policy Loss: 0.0, Value Loss: 0.32024210691452026, Reward: 0.013787135481834412
2024-05-21 18:33:52,885 - root - INFO - Selected domain: [[1, 2, 0, 3], [3, 2, 0, 1], [0, 1, 2, 3]]
2024-05-21 18:35:00,093 - root - INFO - Epoch 35/100 - Policy Loss: 0.0, Value Loss: 0.31701093912124634, Reward: 0.014815534465014935
2024-05-21 18:35:00,093 - root - INFO - Selected domain: [[1, 2, 0, 3], [2, 3, 0, 1], [0, 3, 2, 1]]
2024-05-21 18:36:07,368 - root - INFO - Epoch 36/100 - Policy Loss: 0.0, Value Loss: 0.3127302825450897, Reward: 0.011637469753623009
2024-05-21 18:36:07,368 - root - INFO - Selected domain: [[1, 2, 0, 3], [0, 2, 1, 3], [3, 1, 0, 2]]
2024-05-21 18:37:15,199 - root - INFO - Epoch 37/100 - Policy Loss: 0.0, Value Loss: 0.31163084506988525, Reward: 0.010479788295924664
2024-05-21 18:37:15,200 - root - INFO - Selected domain: [[3, 1, 2, 0], [2, 0, 3, 1], [0, 2, 1, 3]]
2024-05-21 18:38:22,562 - root - INFO - Epoch 38/100 - Policy Loss: 0.0, Value Loss: 0.3104180097579956, Reward: 0.009352168068289757
2024-05-21 18:38:22,563 - root - INFO - Selected domain: [[1, 2, 3, 0], [1, 3, 0, 2], [2, 0, 1, 3]]
2024-05-21 18:39:29,815 - root - INFO - Epoch 39/100 - Policy Loss: 0.0, Value Loss: 0.30901309847831726, Reward: 0.013339693658053875
2024-05-21 18:39:29,816 - root - INFO - Selected domain: [[1, 3, 0, 2], [1, 0, 3, 2], [2, 0, 1, 3]]
2024-05-21 18:40:36,681 - root - INFO - Epoch 40/100 - Policy Loss: 0.0, Value Loss: 0.308527410030365, Reward: 0.007799769751727581
2024-05-21 18:40:36,681 - root - INFO - Selected domain: [[2, 3, 1, 0], [3, 0, 2, 1], [3, 1, 2, 0]]
2024-05-21 18:41:43,708 - root - INFO - Epoch 41/100 - Policy Loss: 0.0, Value Loss: 0.30784696340560913, Reward: 0.014762774109840393
2024-05-21 18:41:43,709 - root - INFO - Selected domain: [[0, 3, 2, 1], [3, 1, 0, 2], [2, 0, 1, 3]]
2024-05-21 18:42:50,712 - root - INFO - Epoch 42/100 - Policy Loss: 0.0, Value Loss: 0.30753833055496216, Reward: 0.013364404439926147
2024-05-21 18:42:50,713 - root - INFO - Selected domain: [[2, 3, 0, 1], [2, 1, 3, 0], [2, 3, 0, 1]]
2024-05-21 18:43:57,850 - root - INFO - Epoch 43/100 - Policy Loss: 0.0, Value Loss: 0.3066116273403168, Reward: 0.012006650678813457
2024-05-21 18:43:57,851 - root - INFO - Selected domain: [[0, 1, 3, 2], [0, 3, 2, 1], [3, 1, 2, 0]]
2024-05-21 18:45:04,933 - root - INFO - Epoch 44/100 - Policy Loss: 0.0, Value Loss: 0.30624744296073914, Reward: 0.012184366583824158
2024-05-21 18:45:04,934 - root - INFO - Selected domain: [[0, 3, 1, 2], [0, 2, 3, 1], [1, 2, 3, 0]]
2024-05-21 18:46:11,993 - root - INFO - Epoch 45/100 - Policy Loss: 0.0, Value Loss: 0.30589401721954346, Reward: 0.012005617842078209
2024-05-21 18:46:11,993 - root - INFO - Selected domain: [[3, 0, 1, 2], [3, 1, 2, 0], [3, 2, 0, 1]]
2024-05-21 18:47:19,074 - root - INFO - Epoch 46/100 - Policy Loss: 0.0, Value Loss: 0.44882524013519287, Reward: 0.009985283017158508
2024-05-21 18:47:19,075 - root - INFO - Selected domain: [[1, 2, 0, 3], [2, 0, 3, 1], [2, 1, 3, 0]]
2024-05-21 18:48:26,008 - root - INFO - Epoch 47/100 - Policy Loss: 0.0, Value Loss: 0.5716063976287842, Reward: 0.015650924295186996
2024-05-21 18:48:26,008 - root - INFO - Selected domain: [[3, 0, 1, 2], [3, 0, 2, 1], [2, 3, 1, 0]]
2024-05-21 18:49:32,940 - root - INFO - Epoch 48/100 - Policy Loss: 0.0, Value Loss: 0.42342108488082886, Reward: 0.028331756591796875
2024-05-21 18:49:32,940 - root - INFO - Selected domain: [[0, 1, 3, 2], [0, 2, 1, 3], [3, 0, 2, 1]]
2024-05-21 18:50:39,857 - root - INFO - Epoch 49/100 - Policy Loss: 0.0, Value Loss: 0.38676387071609497, Reward: 0.022951876744627953
2024-05-21 18:50:39,858 - root - INFO - Selected domain: [[2, 3, 0, 1], [2, 0, 1, 3], [2, 1, 3, 0]]
2024-05-21 18:51:47,242 - root - INFO - Epoch 50/100 - Policy Loss: 0.0, Value Loss: 0.3709593713283539, Reward: 0.02495245635509491
2024-05-21 18:51:47,243 - root - INFO - Selected domain: [[0, 1, 3, 2], [0, 2, 3, 1], [0, 3, 1, 2]]
2024-05-21 18:52:54,835 - root - INFO - Epoch 51/100 - Policy Loss: 0.0, Value Loss: 0.36306890845298767, Reward: 0.022763898596167564
2024-05-21 18:52:54,835 - root - INFO - Selected domain: [[2, 1, 3, 0], [0, 1, 2, 3], [3, 0, 2, 1]]
2024-05-21 18:54:01,721 - root - INFO - Epoch 52/100 - Policy Loss: 0.0, Value Loss: 0.35886916518211365, Reward: 0.028775235638022423
2024-05-21 18:54:01,722 - root - INFO - Selected domain: [[1, 0, 3, 2], [1, 3, 0, 2], [0, 2, 1, 3]]
2024-05-21 18:55:08,767 - root - INFO - Epoch 53/100 - Policy Loss: 0.0, Value Loss: 0.35530897974967957, Reward: 0.024369459599256516
2024-05-21 18:55:08,767 - root - INFO - Selected domain: [[1, 3, 0, 2], [2, 0, 3, 1], [3, 1, 0, 2]]
2024-05-21 18:56:15,816 - root - INFO - Epoch 54/100 - Policy Loss: 0.0, Value Loss: 0.3533864915370941, Reward: 0.02378728985786438
2024-05-21 18:56:15,817 - root - INFO - Selected domain: [[3, 0, 2, 1], [3, 1, 0, 2], [3, 0, 2, 1]]
2024-05-21 18:57:22,989 - root - INFO - Epoch 55/100 - Policy Loss: 0.0, Value Loss: 0.35225075483322144, Reward: 0.022246211767196655
2024-05-21 18:57:22,990 - root - INFO - Selected domain: [[1, 2, 3, 0], [0, 2, 3, 1], [0, 1, 2, 3]]
2024-05-21 18:58:30,163 - root - INFO - Epoch 56/100 - Policy Loss: 0.0, Value Loss: 0.35097843408584595, Reward: 0.02260880172252655
2024-05-21 18:58:30,163 - root - INFO - Selected domain: [[1, 2, 3, 0], [0, 1, 2, 3], [1, 0, 3, 2]]
2024-05-21 18:59:37,326 - root - INFO - Epoch 57/100 - Policy Loss: 0.0, Value Loss: 0.3500038981437683, Reward: 0.032082390040159225
2024-05-21 18:59:37,326 - root - INFO - Selected domain: [[3, 0, 1, 2], [2, 0, 1, 3], [1, 2, 0, 3]]
2024-05-21 19:00:44,010 - root - INFO - Epoch 58/100 - Policy Loss: 0.0, Value Loss: 0.3490922451019287, Reward: 0.02243417128920555
2024-05-21 19:00:44,011 - root - INFO - Selected domain: [[3, 0, 1, 2], [1, 2, 0, 3], [1, 3, 2, 0]]
2024-05-21 19:01:50,908 - root - INFO - Epoch 59/100 - Policy Loss: 0.0, Value Loss: 0.3485541045665741, Reward: 0.012542923912405968
2024-05-21 19:01:50,908 - root - INFO - Selected domain: [[1, 2, 3, 0], [0, 2, 3, 1], [1, 3, 2, 0]]
2024-05-21 19:02:57,578 - root - INFO - Epoch 60/100 - Policy Loss: 0.0, Value Loss: 0.34810972213745117, Reward: 0.007334262132644653
2024-05-21 19:02:57,579 - root - INFO - Selected domain: [[1, 3, 2, 0], [3, 1, 2, 0], [1, 2, 3, 0]]
2024-05-21 19:04:04,582 - root - INFO - Epoch 61/100 - Policy Loss: 0.0, Value Loss: 0.3478178381919861, Reward: 0.007402271032333374
2024-05-21 19:04:04,583 - root - INFO - Selected domain: [[3, 1, 2, 0], [3, 2, 1, 0], [1, 2, 3, 0]]
2024-05-21 19:05:11,795 - root - INFO - Epoch 62/100 - Policy Loss: 0.0, Value Loss: 0.34686601161956787, Reward: 0.012829935178160667
2024-05-21 19:05:11,796 - root - INFO - Selected domain: [[2, 3, 1, 0], [2, 3, 1, 0], [1, 3, 0, 2]]
2024-05-21 19:06:19,105 - root - INFO - Epoch 63/100 - Policy Loss: 0.0, Value Loss: 0.34689468145370483, Reward: 0.022957181558012962
2024-05-21 19:06:19,106 - root - INFO - Selected domain: [[0, 3, 1, 2], [2, 3, 0, 1], [3, 2, 0, 1]]
2024-05-21 19:07:26,048 - root - INFO - Epoch 64/100 - Policy Loss: 0.0, Value Loss: 0.3465180993080139, Reward: 0.012796198949217796
2024-05-21 19:07:26,048 - root - INFO - Selected domain: [[0, 1, 3, 2], [2, 3, 1, 0], [2, 3, 1, 0]]
2024-05-21 19:08:33,166 - root - INFO - Epoch 65/100 - Policy Loss: 0.0, Value Loss: 0.34620118141174316, Reward: 0.023356854915618896
2024-05-21 19:08:33,166 - root - INFO - Selected domain: [[2, 0, 3, 1], [1, 3, 0, 2], [1, 0, 3, 2]]
2024-05-21 19:09:40,273 - root - INFO - Epoch 66/100 - Policy Loss: 0.0, Value Loss: 0.34581097960472107, Reward: 0.012659123167395592
2024-05-21 19:09:40,273 - root - INFO - Selected domain: [[0, 1, 3, 2], [1, 2, 3, 0], [2, 3, 1, 0]]
2024-05-21 19:10:47,625 - root - INFO - Epoch 67/100 - Policy Loss: 0.0, Value Loss: 0.34565407037734985, Reward: 0.021465089172124863
2024-05-21 19:10:47,625 - root - INFO - Selected domain: [[3, 2, 1, 0], [3, 0, 2, 1], [0, 2, 1, 3]]
2024-05-21 19:11:54,573 - root - INFO - Epoch 68/100 - Policy Loss: 0.0, Value Loss: 0.34550079703330994, Reward: 0.01230897568166256
2024-05-21 19:11:54,573 - root - INFO - Selected domain: [[3, 2, 0, 1], [3, 1, 2, 0], [1, 2, 3, 0]]
2024-05-21 19:13:01,714 - root - INFO - Epoch 69/100 - Policy Loss: 0.0, Value Loss: 0.34527552127838135, Reward: 0.017483239993453026
2024-05-21 19:13:01,714 - root - INFO - Selected domain: [[2, 0, 3, 1], [2, 1, 3, 0], [2, 0, 3, 1]]
2024-05-21 19:14:08,864 - root - INFO - Epoch 70/100 - Policy Loss: 0.0, Value Loss: 0.34511929750442505, Reward: 0.026736125349998474
2024-05-21 19:14:08,865 - root - INFO - Selected domain: [[2, 3, 0, 1], [0, 3, 1, 2], [2, 1, 0, 3]]
2024-05-21 19:15:15,464 - root - INFO - Epoch 71/100 - Policy Loss: 0.0, Value Loss: 0.3449079990386963, Reward: 0.01265357993543148
2024-05-21 19:15:15,464 - root - INFO - Selected domain: [[3, 1, 0, 2], [1, 2, 3, 0], [3, 2, 1, 0]]
2024-05-21 19:16:22,425 - root - INFO - Epoch 72/100 - Policy Loss: 0.0, Value Loss: 0.34464287757873535, Reward: 0.026692599058151245
2024-05-21 19:16:22,426 - root - INFO - Selected domain: [[0, 2, 1, 3], [3, 0, 2, 1], [0, 3, 1, 2]]
2024-05-21 19:17:29,385 - root - INFO - Epoch 73/100 - Policy Loss: 0.0, Value Loss: 0.3442952036857605, Reward: 0.027066901326179504
2024-05-21 19:17:29,385 - root - INFO - Selected domain: [[2, 0, 1, 3], [3, 1, 0, 2], [1, 0, 3, 2]]
2024-05-21 19:18:36,634 - root - INFO - Epoch 74/100 - Policy Loss: 0.0, Value Loss: 0.3440074324607849, Reward: 0.017415951937437057
2024-05-21 19:18:36,634 - root - INFO - Selected domain: [[2, 0, 3, 1], [3, 2, 0, 1], [2, 1, 3, 0]]
2024-05-21 19:19:43,395 - root - INFO - Epoch 75/100 - Policy Loss: 0.0, Value Loss: 0.3438628911972046, Reward: 0.022963305935263634
2024-05-21 19:19:43,396 - root - INFO - Selected domain: [[0, 2, 3, 1], [0, 3, 1, 2], [3, 0, 2, 1]]
2024-05-21 19:20:50,558 - root - INFO - Epoch 76/100 - Policy Loss: 0.0, Value Loss: 0.34366223216056824, Reward: 0.017759060487151146
2024-05-21 19:20:50,558 - root - INFO - Selected domain: [[1, 3, 0, 2], [0, 2, 3, 1], [1, 2, 3, 0]]
2024-05-21 19:21:57,547 - root - INFO - Epoch 77/100 - Policy Loss: 0.0, Value Loss: 0.34321415424346924, Reward: 0.017787665128707886
2024-05-21 19:21:57,548 - root - INFO - Selected domain: [[3, 1, 2, 0], [1, 0, 3, 2], [3, 0, 2, 1]]
2024-05-21 19:23:04,499 - root - INFO - Epoch 78/100 - Policy Loss: 0.0, Value Loss: 0.3429830074310303, Reward: 0.029885094612836838
2024-05-21 19:23:04,500 - root - INFO - Selected domain: [[1, 0, 3, 2], [0, 2, 1, 3], [0, 2, 1, 3]]
2024-05-21 19:24:11,632 - root - INFO - Epoch 79/100 - Policy Loss: 0.0, Value Loss: 0.3424622416496277, Reward: 0.026000481098890305
2024-05-21 19:24:11,633 - root - INFO - Selected domain: [[3, 0, 2, 1], [1, 0, 2, 3], [3, 0, 2, 1]]
2024-05-21 19:25:18,554 - root - INFO - Epoch 80/100 - Policy Loss: 0.0, Value Loss: 0.34221476316452026, Reward: 0.02295757830142975
2024-05-21 19:25:18,554 - root - INFO - Selected domain: [[3, 0, 2, 1], [0, 2, 3, 1], [3, 1, 0, 2]]
2024-05-21 19:26:25,817 - root - INFO - Epoch 81/100 - Policy Loss: 0.0, Value Loss: 0.3418077826499939, Reward: 0.0225723497569561
2024-05-21 19:26:25,817 - root - INFO - Selected domain: [[3, 0, 2, 1], [3, 0, 2, 1], [3, 0, 2, 1]]
2024-05-21 19:27:33,048 - root - INFO - Epoch 82/100 - Policy Loss: 0.0, Value Loss: 0.3414721190929413, Reward: 0.0264575332403183
2024-05-21 19:27:33,049 - root - INFO - Selected domain: [[3, 1, 0, 2], [0, 3, 1, 2], [0, 1, 2, 3]]
2024-05-21 19:28:40,055 - root - INFO - Epoch 83/100 - Policy Loss: 0.0, Value Loss: 0.34109291434288025, Reward: 0.017748748883605003
2024-05-21 19:28:40,055 - root - INFO - Selected domain: [[2, 3, 0, 1], [1, 2, 3, 0], [0, 3, 1, 2]]
2024-05-21 19:29:47,093 - root - INFO - Epoch 84/100 - Policy Loss: 0.0, Value Loss: 0.3404542803764343, Reward: 0.012610912322998047
2024-05-21 19:29:47,094 - root - INFO - Selected domain: [[2, 1, 3, 0], [1, 0, 3, 2], [3, 2, 1, 0]]
2024-05-21 19:30:54,381 - root - INFO - Epoch 85/100 - Policy Loss: 0.0, Value Loss: 0.33961397409439087, Reward: 0.025696849450469017
2024-05-21 19:30:54,382 - root - INFO - Selected domain: [[2, 0, 3, 1], [2, 1, 0, 3], [3, 1, 0, 2]]
2024-05-21 19:32:01,557 - root - INFO - Epoch 86/100 - Policy Loss: 0.0, Value Loss: 0.33819326758384705, Reward: 0.02506208047270775
2024-05-21 19:32:01,558 - root - INFO - Selected domain: [[0, 3, 2, 1], [2, 1, 0, 3], [3, 2, 0, 1]]
2024-05-21 19:33:08,371 - root - INFO - Epoch 87/100 - Policy Loss: 0.0, Value Loss: 0.33619141578674316, Reward: 0.012396087870001793
2024-05-21 19:33:08,372 - root - INFO - Selected domain: [[2, 3, 1, 0], [1, 3, 2, 0], [0, 2, 3, 1]]
2024-05-21 19:34:15,310 - root - INFO - Epoch 88/100 - Policy Loss: 0.0, Value Loss: 0.3335748612880707, Reward: 0.022837182506918907
2024-05-21 19:34:15,310 - root - INFO - Selected domain: [[0, 2, 3, 1], [0, 3, 1, 2], [2, 3, 0, 1]]
2024-05-21 19:35:22,339 - root - INFO - Epoch 89/100 - Policy Loss: 0.0, Value Loss: 0.33036017417907715, Reward: 0.014208461157977581
2024-05-21 19:35:22,340 - root - INFO - Selected domain: [[3, 1, 2, 0], [2, 1, 3, 0], [1, 0, 2, 3]]
2024-05-21 19:36:29,492 - root - INFO - Epoch 90/100 - Policy Loss: 0.0, Value Loss: 0.32667362689971924, Reward: 0.012830342166125774
2024-05-21 19:36:29,492 - root - INFO - Selected domain: [[3, 1, 2, 0], [1, 2, 3, 0], [0, 1, 3, 2]]
2024-05-21 19:37:37,019 - root - INFO - Epoch 91/100 - Policy Loss: 0.0, Value Loss: 0.32379087805747986, Reward: 0.019394701346755028
2024-05-21 19:37:37,020 - root - INFO - Selected domain: [[2, 1, 0, 3], [1, 3, 0, 2], [3, 1, 2, 0]]
2024-05-21 19:38:44,090 - root - INFO - Epoch 92/100 - Policy Loss: 0.0, Value Loss: 0.3200458288192749, Reward: 0.025293758139014244
2024-05-21 19:38:44,090 - root - INFO - Selected domain: [[2, 0, 3, 1], [2, 0, 1, 3], [2, 0, 1, 3]]
2024-05-21 19:39:51,271 - root - INFO - Epoch 93/100 - Policy Loss: 0.0, Value Loss: 0.3166673183441162, Reward: 0.019197657704353333
2024-05-21 19:39:51,271 - root - INFO - Selected domain: [[1, 0, 2, 3], [1, 3, 0, 2], [1, 3, 2, 0]]
2024-05-21 19:40:58,544 - root - INFO - Epoch 94/100 - Policy Loss: 0.0, Value Loss: 0.3139469027519226, Reward: 0.018812518566846848
2024-05-21 19:40:58,545 - root - INFO - Selected domain: [[3, 0, 2, 1], [2, 1, 3, 0], [1, 2, 0, 3]]
2024-05-21 19:42:05,682 - root - INFO - Epoch 95/100 - Policy Loss: 0.0, Value Loss: 0.31091850996017456, Reward: 0.01862414740025997
2024-05-21 19:42:05,683 - root - INFO - Selected domain: [[2, 0, 3, 1], [2, 3, 1, 0], [1, 2, 0, 3]]
2024-05-21 19:43:12,921 - root - INFO - Epoch 96/100 - Policy Loss: 0.0, Value Loss: 0.3144504129886627, Reward: 0.01877802237868309
2024-05-21 19:43:12,921 - root - INFO - Selected domain: [[0, 2, 1, 3], [2, 3, 1, 0], [2, 3, 0, 1]]
2024-05-21 19:44:20,157 - root - INFO - Epoch 97/100 - Policy Loss: 0.0, Value Loss: 0.30852562189102173, Reward: 0.019034862518310547
2024-05-21 19:44:20,158 - root - INFO - Selected domain: [[2, 1, 3, 0], [1, 2, 0, 3], [3, 0, 1, 2]]
2024-05-21 19:45:27,143 - root - INFO - Epoch 98/100 - Policy Loss: 0.0, Value Loss: 0.3052394390106201, Reward: 0.02029624581336975
2024-05-21 19:45:27,144 - root - INFO - Selected domain: [[2, 0, 1, 3], [0, 2, 1, 3], [2, 1, 3, 0]]
2024-05-21 19:46:34,701 - root - INFO - Epoch 99/100 - Policy Loss: 0.0, Value Loss: 0.30122900009155273, Reward: 0.013770854100584984
2024-05-21 19:46:34,701 - root - INFO - Selected domain: [[1, 2, 3, 0], [2, 3, 1, 0], [2, 0, 1, 3]]
2024-05-21 19:47:41,598 - root - INFO - Epoch 100/100 - Policy Loss: 0.0, Value Loss: 0.3028222322463989, Reward: 0.022492405027151108
2024-05-21 19:47:41,599 - root - INFO - Selected domain: [[0, 2, 3, 1], [2, 0, 1, 3], [1, 0, 3, 2]]
