2024-05-22 02:20:30,589 - root - INFO - Using GPU: GeForce RTX 3090
2024-05-22 02:20:40,512 - root - INFO - selected domain list=0, reward:0.5856426954269409
2024-05-22 02:20:44,357 - root - INFO - selected domain list=0, reward:0.5649281740188599
2024-05-22 02:20:48,215 - root - INFO - selected domain list=0, reward:0.535831868648529
2024-05-22 02:20:52,189 - root - INFO - selected domain list=0, reward:0.5156902074813843
2024-05-22 02:20:52,253 - root - INFO - selection probs: [tensor([[0.4983],
        [0.4996],
        [0.4994],
        [0.4989],
        [0.4995],
        [0.4990],
        [0.4985],
        [0.4982],
        [0.4987],
        [0.5006],
        [0.4972],
        [0.4988],
        [0.5006],
        [0.4992],
        [0.4996],
        [0.4985],
        [0.4990],
        [0.4985],
        [0.4979],
        [0.4973],
        [0.4988],
        [0.4981],
        [0.4994],
        [0.4992],
        [0.4993],
        [0.4993],
        [0.4980],
        [0.4987],
        [0.4975],
        [0.4988],
        [0.4980],
        [0.4982],
        [0.4989],
        [0.4994],
        [0.4982],
        [0.4986],
        [0.4986],
        [0.4980],
        [0.4984],
        [0.4993],
        [0.4993],
        [0.4976],
        [0.4984],
        [0.4997],
        [0.4978],
        [0.4989],
        [0.4987],
        [0.4984],
        [0.4981],
        [0.4976],
        [0.4985],
        [0.4978],
        [0.4978],
        [0.4996],
        [0.4999],
        [0.4986],
        [0.4991],
        [0.4994],
        [0.4978],
        [0.4997],
        [0.4989],
        [0.4987],
        [0.4988],
        [0.4987],
        [0.5000],
        [0.4999],
        [0.4989],
        [0.4992],
        [0.4987],
        [0.5000],
        [0.4995],
        [0.4976],
        [0.4993],
        [0.4997],
        [0.5001],
        [0.4998],
        [0.4995],
        [0.4984],
        [0.4992],
        [0.4987],
        [0.4983],
        [0.5009],
        [0.4981],
        [0.4972],
        [0.4970],
        [0.4985],
        [0.4980],
        [0.4988],
        [0.4985],
        [0.4989],
        [0.4999],
        [0.4985],
        [0.4981],
        [0.4993],
        [0.4997],
        [0.4982],
        [0.4981],
        [0.4983],
        [0.4990],
        [0.4978]], device='cuda:0', grad_fn=<SigmoidBackward>), tensor([[0.4981],
        [0.4990],
        [0.4971],
        [0.4990],
        [0.4987],
        [0.4987],
        [0.4983],
        [0.4985],
        [0.4997],
        [0.4989],
        [0.4995],
        [0.4984],
        [0.4989],
        [0.4996],
        [0.4980],
        [0.4988],
        [0.4985],
        [0.4977],
        [0.4999],
        [0.4982],
        [0.4992],
        [0.4986],
        [0.4982],
        [0.4995],
        [0.4986],
        [0.4979],
        [0.4984],
        [0.4986],
        [0.4975],
        [0.4991],
        [0.4998],
        [0.4989],
        [0.4985],
        [0.4991],
        [0.5000],
        [0.4984],
        [0.4991],
        [0.4991],
        [0.4979],
        [0.4993],
        [0.4989],
        [0.4986],
        [0.4979],
        [0.4987],
        [0.5004],
        [0.4975],
        [0.4989],
        [0.4995],
        [0.4997],
        [0.4998],
        [0.4977],
        [0.4987],
        [0.4981],
        [0.4988],
        [0.4991],
        [0.4996],
        [0.4991],
        [0.4992],
        [0.4985],
        [0.5001],
        [0.4993],
        [0.4983],
        [0.5000],
        [0.4994],
        [0.4981],
        [0.4983],
        [0.4987],
        [0.4981],
        [0.4988],
        [0.4975],
        [0.4990],
        [0.4960],
        [0.4996],
        [0.4986],
        [0.4992],
        [0.4983],
        [0.5010],
        [0.4991],
        [0.4997],
        [0.4991],
        [0.4981],
        [0.4991],
        [0.4982],
        [0.4989],
        [0.4978],
        [0.4997],
        [0.4987],
        [0.4983],
        [0.5002],
        [0.4996],
        [0.4995],
        [0.4988],
        [0.4984],
        [0.4990],
        [0.5001],
        [0.4993],
        [0.4992],
        [0.4994],
        [0.4993],
        [0.4982]], device='cuda:0', grad_fn=<SigmoidBackward>), tensor([[0.4993],
        [0.4988],
        [0.4981],
        [0.4992],
        [0.4992],
        [0.4992],
        [0.4993],
        [0.4989],
        [0.5001],
        [0.4986],
        [0.4987],
        [0.4987],
        [0.4995],
        [0.4990],
        [0.4978],
        [0.4987],
        [0.4995],
        [0.5001],
        [0.5006],
        [0.4985],
        [0.4997],
        [0.4986],
        [0.4990],
        [0.4997],
        [0.4991],
        [0.4989],
        [0.4983],
        [0.4979],
        [0.4973],
        [0.4979],
        [0.5005],
        [0.5002],
        [0.4985],
        [0.4979],
        [0.4994],
        [0.4983],
        [0.4991],
        [0.4984],
        [0.4985],
        [0.4992],
        [0.4989],
        [0.4994],
        [0.4997],
        [0.5003],
        [0.4984],
        [0.4992],
        [0.4981],
        [0.5011],
        [0.4992],
        [0.4983],
        [0.4995],
        [0.4980],
        [0.4981],
        [0.4997],
        [0.4993],
        [0.4996],
        [0.4988],
        [0.4991],
        [0.4997],
        [0.4993],
        [0.4990],
        [0.4990],
        [0.4999],
        [0.4989],
        [0.4991],
        [0.4986],
        [0.4986],
        [0.4984],
        [0.5003],
        [0.4988],
        [0.4993],
        [0.4974],
        [0.4997],
        [0.4981],
        [0.4993],
        [0.4996],
        [0.5005],
        [0.4993],
        [0.4987],
        [0.4981],
        [0.4983],
        [0.4994],
        [0.4994],
        [0.4993],
        [0.4982],
        [0.4983],
        [0.4994],
        [0.4973],
        [0.5001],
        [0.4987],
        [0.4995],
        [0.4986],
        [0.4991],
        [0.4994],
        [0.5002],
        [0.4990],
        [0.4987],
        [0.4984],
        [0.4994],
        [0.4977]], device='cuda:0', grad_fn=<SigmoidBackward>), tensor([[0.4998],
        [0.5002],
        [0.5003],
        [0.4992],
        [0.5000],
        [0.4977],
        [0.4988],
        [0.4988],
        [0.4987],
        [0.4985],
        [0.4973],
        [0.4995],
        [0.5003],
        [0.4980],
        [0.5005],
        [0.4991],
        [0.5000],
        [0.4991],
        [0.4996],
        [0.4983],
        [0.4981],
        [0.5004],
        [0.4977],
        [0.4986],
        [0.4986],
        [0.4989],
        [0.4971],
        [0.5009],
        [0.4982],
        [0.4997],
        [0.4985],
        [0.5000],
        [0.4989],
        [0.5003],
        [0.4999],
        [0.4987],
        [0.4988],
        [0.4995],
        [0.4993],
        [0.4987],
        [0.4982],
        [0.4995],
        [0.4983],
        [0.4997],
        [0.4979],
        [0.4982],
        [0.5002],
        [0.4998],
        [0.4986],
        [0.4982],
        [0.4994],
        [0.4991],
        [0.4974],
        [0.4988],
        [0.4999],
        [0.4991],
        [0.4981],
        [0.4994],
        [0.4983],
        [0.5000],
        [0.4999],
        [0.5002],
        [0.4987],
        [0.4988],
        [0.5013],
        [0.4995],
        [0.4978],
        [0.5002],
        [0.4987],
        [0.4985],
        [0.4999],
        [0.4975],
        [0.4986],
        [0.4996],
        [0.5002],
        [0.4997],
        [0.4990],
        [0.4989],
        [0.5000],
        [0.5003],
        [0.5002],
        [0.5004],
        [0.5000],
        [0.4967],
        [0.5005],
        [0.4982],
        [0.4996],
        [0.4994],
        [0.4997],
        [0.4993],
        [0.5007],
        [0.4999],
        [0.4989],
        [0.4993],
        [0.5003],
        [0.4983],
        [0.4993],
        [0.4990],
        [0.4986],
        [0.4986]], device='cuda:0', grad_fn=<SigmoidBackward>)]
2024-05-22 02:20:56,097 - root - INFO - selected domain list=0, reward:0.500089704990387
2024-05-22 02:21:00,047 - root - INFO - selected domain list=0, reward:0.4876384735107422
2024-05-22 02:21:03,888 - root - INFO - selected domain list=0, reward:0.47798582911491394
2024-05-22 02:21:07,773 - root - INFO - selected domain list=0, reward:0.47107571363449097
2024-05-22 02:21:07,804 - root - INFO - selection probs: [tensor([[0.4998],
        [0.5000],
        [0.5002],
        [0.4993],
        [0.4999],
        [0.4975],
        [0.4988],
        [0.4986],
        [0.4985],
        [0.4983],
        [0.4975],
        [0.4996],
        [0.5005],
        [0.4979],
        [0.5003],
        [0.4990],
        [0.4998],
        [0.4990],
        [0.4994],
        [0.4983],
        [0.4980],
        [0.5002],
        [0.4979],
        [0.4986],
        [0.4987],
        [0.4986],
        [0.4971],
        [0.5007],
        [0.4980],
        [0.4995],
        [0.4987],
        [0.4998],
        [0.4986],
        [0.5003],
        [0.4997],
        [0.4983],
        [0.4988],
        [0.4993],
        [0.4995],
        [0.4986],
        [0.4981],
        [0.4995],
        [0.4980],
        [0.4997],
        [0.4979],
        [0.4979],
        [0.5001],
        [0.4996],
        [0.4985],
        [0.4981],
        [0.4993],
        [0.4987],
        [0.4973],
        [0.4988],
        [0.4999],
        [0.4988],
        [0.4981],
        [0.4990],
        [0.4982],
        [0.5000],
        [0.5000],
        [0.5000],
        [0.4986],
        [0.4987],
        [0.5013],
        [0.4993],
        [0.4977],
        [0.5000],
        [0.4985],
        [0.4983],
        [0.5001],
        [0.4974],
        [0.4988],
        [0.4993],
        [0.5003],
        [0.4996],
        [0.4986],
        [0.4988],
        [0.4999],
        [0.5001],
        [0.5000],
        [0.5003],
        [0.4999],
        [0.4964],
        [0.5004],
        [0.4981],
        [0.4997],
        [0.4994],
        [0.4998],
        [0.4992],
        [0.5007],
        [0.5000],
        [0.4990],
        [0.4993],
        [0.5001],
        [0.4981],
        [0.4992],
        [0.4986],
        [0.4985],
        [0.4985]], device='cuda:0', grad_fn=<SigmoidBackward>), tensor([[0.4992],
        [0.4992],
        [0.4994],
        [0.4987],
        [0.5001],
        [0.4991],
        [0.4984],
        [0.4982],
        [0.4993],
        [0.5002],
        [0.4977],
        [0.5001],
        [0.4991],
        [0.4985],
        [0.4993],
        [0.4990],
        [0.4995],
        [0.4986],
        [0.4986],
        [0.4982],
        [0.4988],
        [0.4981],
        [0.4997],
        [0.4992],
        [0.4994],
        [0.4984],
        [0.4981],
        [0.4977],
        [0.4975],
        [0.4987],
        [0.4988],
        [0.4996],
        [0.4985],
        [0.5000],
        [0.4995],
        [0.4987],
        [0.4987],
        [0.4983],
        [0.4979],
        [0.4997],
        [0.4985],
        [0.4980],
        [0.4976],
        [0.4998],
        [0.4977],
        [0.4976],
        [0.4990],
        [0.4988],
        [0.4985],
        [0.4982],
        [0.4992],
        [0.4974],
        [0.4995],
        [0.4995],
        [0.5003],
        [0.4991],
        [0.4988],
        [0.4991],
        [0.4976],
        [0.4998],
        [0.4992],
        [0.4986],
        [0.4997],
        [0.4991],
        [0.4982],
        [0.5005],
        [0.4994],
        [0.4988],
        [0.4987],
        [0.4989],
        [0.4998],
        [0.4972],
        [0.4995],
        [0.4997],
        [0.5006],
        [0.4993],
        [0.5003],
        [0.4985],
        [0.4999],
        [0.4986],
        [0.4978],
        [0.5010],
        [0.4985],
        [0.4975],
        [0.4971],
        [0.4983],
        [0.4990],
        [0.4980],
        [0.4980],
        [0.4985],
        [0.4994],
        [0.4997],
        [0.4997],
        [0.5008],
        [0.5001],
        [0.4985],
        [0.4989],
        [0.4998],
        [0.4989],
        [0.4992]], device='cuda:0', grad_fn=<SigmoidBackward>), tensor([[0.4993],
        [0.4991],
        [0.4973],
        [0.4992],
        [0.4981],
        [0.4993],
        [0.4995],
        [0.4986],
        [0.4994],
        [0.4988],
        [0.4985],
        [0.4977],
        [0.4983],
        [0.4989],
        [0.4988],
        [0.4987],
        [0.4987],
        [0.4988],
        [0.4998],
        [0.4981],
        [0.4998],
        [0.4990],
        [0.4982],
        [0.4995],
        [0.4976],
        [0.4992],
        [0.4991],
        [0.4979],
        [0.4992],
        [0.4995],
        [0.4994],
        [0.4986],
        [0.4990],
        [0.4983],
        [0.4994],
        [0.4989],
        [0.4993],
        [0.4998],
        [0.4983],
        [0.4988],
        [0.4991],
        [0.4990],
        [0.4987],
        [0.4989],
        [0.4990],
        [0.4984],
        [0.4989],
        [0.4994],
        [0.4995],
        [0.5016],
        [0.4973],
        [0.4995],
        [0.4984],
        [0.4988],
        [0.4991],
        [0.4987],
        [0.4995],
        [0.4991],
        [0.4992],
        [0.4994],
        [0.4993],
        [0.4983],
        [0.4992],
        [0.4995],
        [0.4985],
        [0.4986],
        [0.4985],
        [0.4970],
        [0.5003],
        [0.4988],
        [0.4989],
        [0.4983],
        [0.4993],
        [0.4989],
        [0.4987],
        [0.4974],
        [0.5007],
        [0.4992],
        [0.5000],
        [0.4990],
        [0.4978],
        [0.4985],
        [0.4974],
        [0.5000],
        [0.4976],
        [0.4993],
        [0.4988],
        [0.4987],
        [0.4997],
        [0.4995],
        [0.4989],
        [0.4987],
        [0.4978],
        [0.4992],
        [0.4998],
        [0.4993],
        [0.4993],
        [0.4994],
        [0.5002],
        [0.4984]], device='cuda:0', grad_fn=<SigmoidBackward>), tensor([[0.5001],
        [0.4990],
        [0.4979],
        [0.4988],
        [0.4992],
        [0.4984],
        [0.4987],
        [0.4979],
        [0.5002],
        [0.4986],
        [0.4979],
        [0.4994],
        [0.4989],
        [0.4993],
        [0.4976],
        [0.4991],
        [0.4997],
        [0.4984],
        [0.5000],
        [0.4978],
        [0.4994],
        [0.4993],
        [0.4985],
        [0.4991],
        [0.4990],
        [0.4978],
        [0.4982],
        [0.4978],
        [0.4978],
        [0.4978],
        [0.5004],
        [0.5003],
        [0.4981],
        [0.4973],
        [0.4994],
        [0.4991],
        [0.4984],
        [0.4980],
        [0.4983],
        [0.4986],
        [0.4985],
        [0.4989],
        [0.4991],
        [0.4990],
        [0.4976],
        [0.4992],
        [0.4979],
        [0.5004],
        [0.4986],
        [0.4990],
        [0.4998],
        [0.4985],
        [0.4996],
        [0.4982],
        [0.4990],
        [0.4992],
        [0.4988],
        [0.4993],
        [0.4997],
        [0.4984],
        [0.4995],
        [0.4988],
        [0.4997],
        [0.4986],
        [0.4991],
        [0.4988],
        [0.4996],
        [0.4979],
        [0.5001],
        [0.4994],
        [0.4991],
        [0.4981],
        [0.4995],
        [0.4981],
        [0.4993],
        [0.4999],
        [0.4997],
        [0.4990],
        [0.4997],
        [0.4987],
        [0.4977],
        [0.4992],
        [0.4998],
        [0.4992],
        [0.4989],
        [0.4978],
        [0.4995],
        [0.4976],
        [0.4997],
        [0.4978],
        [0.4989],
        [0.4995],
        [0.4990],
        [0.4999],
        [0.5003],
        [0.4983],
        [0.4983],
        [0.4987],
        [0.4993],
        [0.4975]], device='cuda:0', grad_fn=<SigmoidBackward>)]
2024-05-22 02:21:11,799 - root - INFO - selected domain list=0, reward:0.46714478731155396
2024-05-22 02:21:15,658 - root - INFO - selected domain list=0, reward:0.46537166833877563
2024-05-22 02:21:19,530 - root - INFO - selected domain list=0, reward:0.4653266668319702
2024-05-22 02:21:23,388 - root - INFO - selected domain list=0, reward:0.46641477942466736
2024-05-22 02:21:23,419 - root - INFO - selection probs: [tensor([[0.5003],
        [0.4991],
        [0.4979],
        [0.4989],
        [0.4992],
        [0.4984],
        [0.4987],
        [0.4980],
        [0.5002],
        [0.4986],
        [0.4977],
        [0.4996],
        [0.4989],
        [0.4993],
        [0.4978],
        [0.4991],
        [0.4996],
        [0.4982],
        [0.5000],
        [0.4978],
        [0.4993],
        [0.4994],
        [0.4985],
        [0.4992],
        [0.4990],
        [0.4977],
        [0.4981],
        [0.4978],
        [0.4978],
        [0.4978],
        [0.5005],
        [0.5003],
        [0.4980],
        [0.4972],
        [0.4993],
        [0.4992],
        [0.4983],
        [0.4980],
        [0.4981],
        [0.4986],
        [0.4984],
        [0.4989],
        [0.4992],
        [0.4990],
        [0.4975],
        [0.4992],
        [0.4979],
        [0.5003],
        [0.4986],
        [0.4991],
        [0.4998],
        [0.4985],
        [0.4998],
        [0.4981],
        [0.4989],
        [0.4991],
        [0.4987],
        [0.4993],
        [0.4997],
        [0.4983],
        [0.4996],
        [0.4989],
        [0.4997],
        [0.4987],
        [0.4992],
        [0.4988],
        [0.4997],
        [0.4979],
        [0.5002],
        [0.4994],
        [0.4992],
        [0.4979],
        [0.4995],
        [0.4981],
        [0.4993],
        [0.4998],
        [0.4997],
        [0.4990],
        [0.4997],
        [0.4988],
        [0.4975],
        [0.4993],
        [0.4998],
        [0.4991],
        [0.4990],
        [0.4977],
        [0.4996],
        [0.4976],
        [0.4997],
        [0.4976],
        [0.4989],
        [0.4996],
        [0.4990],
        [0.5000],
        [0.5004],
        [0.4982],
        [0.4982],
        [0.4987],
        [0.4992],
        [0.4974]], device='cuda:0', grad_fn=<SigmoidBackward>), tensor([[0.4996],
        [0.4989],
        [0.4973],
        [0.4993],
        [0.4980],
        [0.4998],
        [0.4998],
        [0.4985],
        [0.4995],
        [0.4992],
        [0.4980],
        [0.4975],
        [0.4983],
        [0.4987],
        [0.4992],
        [0.4989],
        [0.4989],
        [0.4989],
        [0.4997],
        [0.4980],
        [0.4998],
        [0.4993],
        [0.4979],
        [0.4993],
        [0.4972],
        [0.4993],
        [0.4992],
        [0.4976],
        [0.4991],
        [0.4998],
        [0.4994],
        [0.4988],
        [0.4988],
        [0.4982],
        [0.4996],
        [0.4989],
        [0.4996],
        [0.5002],
        [0.4987],
        [0.4990],
        [0.4991],
        [0.4988],
        [0.4992],
        [0.4988],
        [0.4987],
        [0.4981],
        [0.4988],
        [0.4994],
        [0.4993],
        [0.5022],
        [0.4971],
        [0.4998],
        [0.4986],
        [0.4990],
        [0.4993],
        [0.4987],
        [0.4994],
        [0.4992],
        [0.4994],
        [0.4994],
        [0.4994],
        [0.4982],
        [0.4993],
        [0.4998],
        [0.4987],
        [0.4985],
        [0.4989],
        [0.4970],
        [0.5006],
        [0.4988],
        [0.4993],
        [0.4987],
        [0.4995],
        [0.4988],
        [0.4988],
        [0.4973],
        [0.5007],
        [0.4993],
        [0.5004],
        [0.4990],
        [0.4976],
        [0.4986],
        [0.4975],
        [0.5003],
        [0.4980],
        [0.4994],
        [0.4988],
        [0.4987],
        [0.4996],
        [0.4993],
        [0.4989],
        [0.4987],
        [0.4978],
        [0.4994],
        [0.4995],
        [0.4995],
        [0.4993],
        [0.4993],
        [0.5003],
        [0.4987]], device='cuda:0', grad_fn=<SigmoidBackward>), tensor([[0.5001],
        [0.4989],
        [0.4997],
        [0.4988],
        [0.5003],
        [0.4987],
        [0.4984],
        [0.4982],
        [0.4990],
        [0.4997],
        [0.4977],
        [0.5010],
        [0.4994],
        [0.4985],
        [0.4996],
        [0.4989],
        [0.4998],
        [0.4983],
        [0.4988],
        [0.4985],
        [0.4989],
        [0.4984],
        [0.4992],
        [0.4995],
        [0.4990],
        [0.4981],
        [0.4985],
        [0.4978],
        [0.4977],
        [0.4981],
        [0.4992],
        [0.5003],
        [0.4988],
        [0.5002],
        [0.5001],
        [0.4980],
        [0.4990],
        [0.4985],
        [0.4977],
        [0.4997],
        [0.4978],
        [0.4979],
        [0.4974],
        [0.4999],
        [0.4978],
        [0.4975],
        [0.4990],
        [0.4988],
        [0.4983],
        [0.4978],
        [0.4998],
        [0.4970],
        [0.4997],
        [0.4991],
        [0.5009],
        [0.4991],
        [0.4989],
        [0.4988],
        [0.4974],
        [0.5001],
        [0.4997],
        [0.4988],
        [0.5002],
        [0.4992],
        [0.4984],
        [0.5003],
        [0.4996],
        [0.4982],
        [0.4986],
        [0.4986],
        [0.5002],
        [0.4968],
        [0.4989],
        [0.4993],
        [0.5008],
        [0.4992],
        [0.4999],
        [0.4988],
        [0.4995],
        [0.4986],
        [0.4978],
        [0.5004],
        [0.4989],
        [0.4968],
        [0.4980],
        [0.4980],
        [0.4995],
        [0.4974],
        [0.4981],
        [0.4982],
        [0.4995],
        [0.5003],
        [0.5003],
        [0.5017],
        [0.5005],
        [0.4985],
        [0.4990],
        [0.4998],
        [0.4989],
        [0.4986]], device='cuda:0', grad_fn=<SigmoidBackward>), tensor([[0.5001],
        [0.4994],
        [0.5004],
        [0.4996],
        [0.5009],
        [0.4974],
        [0.4987],
        [0.4988],
        [0.4984],
        [0.4979],
        [0.4977],
        [0.5001],
        [0.5017],
        [0.4985],
        [0.5003],
        [0.4987],
        [0.4996],
        [0.4998],
        [0.4994],
        [0.4983],
        [0.4982],
        [0.5001],
        [0.4990],
        [0.4987],
        [0.4990],
        [0.4986],
        [0.4978],
        [0.5005],
        [0.4975],
        [0.5002],
        [0.4984],
        [0.4985],
        [0.4990],
        [0.5003],
        [0.4994],
        [0.4976],
        [0.4987],
        [0.4993],
        [0.5000],
        [0.4986],
        [0.4981],
        [0.4994],
        [0.4980],
        [0.4998],
        [0.4985],
        [0.4978],
        [0.4998],
        [0.5000],
        [0.4984],
        [0.4978],
        [0.4991],
        [0.4977],
        [0.4969],
        [0.4989],
        [0.5007],
        [0.4989],
        [0.4984],
        [0.4982],
        [0.4985],
        [0.5002],
        [0.5002],
        [0.4999],
        [0.4991],
        [0.4982],
        [0.5012],
        [0.4988],
        [0.4969],
        [0.4998],
        [0.4987],
        [0.4980],
        [0.5008],
        [0.4960],
        [0.4991],
        [0.4987],
        [0.5006],
        [0.4995],
        [0.4982],
        [0.4986],
        [0.4990],
        [0.4997],
        [0.4997],
        [0.5000],
        [0.4995],
        [0.4957],
        [0.4996],
        [0.4985],
        [0.5006],
        [0.4989],
        [0.5002],
        [0.4985],
        [0.5011],
        [0.4999],
        [0.4988],
        [0.5001],
        [0.5004],
        [0.4981],
        [0.4990],
        [0.4975],
        [0.4991],
        [0.4972]], device='cuda:0', grad_fn=<SigmoidBackward>)]
2024-05-22 02:21:23,438 - root - INFO - Epoch 1/100 - Policy Loss: 340.5269470214844, Predictor Loss: 1.0400521755218506, Reward: 0.5002617239952087
2024-05-22 02:21:23,438 - root - INFO - Selected domain: [[], [], []]
2024-05-22 02:21:23,449 - root - INFO - Accuracy on test target domain: 0.08
2024-05-22 02:21:23,450 - root - INFO - Selected test domain index: [0, 1, 2, 3]
2024-05-22 02:21:23,597 - root - INFO - saving best testing model of acc 0.08
2024-05-22 02:21:30,601 - root - INFO - selected domain list=1, reward:0.039195120334625244
2024-05-22 02:21:37,295 - root - INFO - selected domain list>1, reward:0.03215062618255615
2024-05-22 02:21:44,057 - root - INFO - selected domain list>1, reward:0.07730531692504883
2024-05-22 02:21:50,695 - root - INFO - selected domain list>1, reward:-0.058896541595458984
2024-05-22 02:21:50,767 - root - INFO - selection probs: [tensor([[0.6059],
        [0.5999],
        [0.6026],
        [0.5903],
        [0.5967],
        [0.6282],
        [0.5742],
        [0.5773],
        [0.6115],
        [0.6084],
        [0.6186],
        [0.6048],
        [0.6227],
        [0.5992],
        [0.6074],
        [0.5961],
        [0.5959],
        [0.6042],
        [0.5944],
        [0.5916],
        [0.5732],
        [0.5953],
        [0.6039],
        [0.5916],
        [0.5921],
        [0.6302],
        [0.6188],
        [0.5889],
        [0.6205],
        [0.6076],
        [0.6004],
        [0.6125],
        [0.6057],
        [0.5955],
        [0.6064],
        [0.5956],
        [0.5975],
        [0.5981],
        [0.6157],
        [0.5949],
        [0.5736],
        [0.5934],
        [0.6206],
        [0.5928],
        [0.6207],
        [0.6241],
        [0.5840],
        [0.5920],
        [0.5748],
        [0.6009],
        [0.6126],
        [0.5925],
        [0.6104],
        [0.5971],
        [0.6066],
        [0.5889],
        [0.6003],
        [0.5973],
        [0.5781],
        [0.5791],
        [0.5956],
        [0.5852],
        [0.6080],
        [0.5834],
        [0.6060],
        [0.5832],
        [0.6036],
        [0.5817],
        [0.5898],
        [0.6107],
        [0.6126],
        [0.6141],
        [0.6138],
        [0.5957],
        [0.6136],
        [0.6127],
        [0.5954],
        [0.5841],
        [0.5976],
        [0.5923],
        [0.6129],
        [0.6017],
        [0.6166],
        [0.6207],
        [0.6203],
        [0.5743],
        [0.6071],
        [0.6019],
        [0.5944],
        [0.5848],
        [0.6006],
        [0.6130],
        [0.6072],
        [0.6016],
        [0.5990],
        [0.5832],
        [0.5866],
        [0.6025],
        [0.5732],
        [0.5997]], device='cuda:0', grad_fn=<SigmoidBackward>), tensor([[0.6011],
        [0.5989],
        [0.6063],
        [0.5890],
        [0.5955],
        [0.6286],
        [0.5773],
        [0.5768],
        [0.6104],
        [0.6076],
        [0.6154],
        [0.6044],
        [0.6193],
        [0.5992],
        [0.6051],
        [0.5950],
        [0.5946],
        [0.6035],
        [0.5944],
        [0.5884],
        [0.5745],
        [0.5944],
        [0.6052],
        [0.5971],
        [0.5934],
        [0.6258],
        [0.6178],
        [0.5882],
        [0.6213],
        [0.6065],
        [0.5973],
        [0.6073],
        [0.6004],
        [0.5947],
        [0.6022],
        [0.5942],
        [0.5939],
        [0.5978],
        [0.6105],
        [0.5966],
        [0.5778],
        [0.5924],
        [0.6165],
        [0.5954],
        [0.6165],
        [0.6192],
        [0.5847],
        [0.5900],
        [0.5737],
        [0.6009],
        [0.6131],
        [0.5898],
        [0.6082],
        [0.5986],
        [0.6045],
        [0.5873],
        [0.6004],
        [0.5987],
        [0.5787],
        [0.5815],
        [0.5977],
        [0.5858],
        [0.6083],
        [0.5842],
        [0.6025],
        [0.5795],
        [0.6022],
        [0.5776],
        [0.5922],
        [0.6065],
        [0.6129],
        [0.6119],
        [0.6109],
        [0.5965],
        [0.6106],
        [0.6086],
        [0.5934],
        [0.5843],
        [0.5928],
        [0.5889],
        [0.6070],
        [0.5980],
        [0.6100],
        [0.6177],
        [0.6125],
        [0.5758],
        [0.6027],
        [0.5987],
        [0.5940],
        [0.5833],
        [0.5981],
        [0.6101],
        [0.6044],
        [0.6001],
        [0.5951],
        [0.5826],
        [0.5849],
        [0.5983],
        [0.5745],
        [0.5991]], device='cuda:0', grad_fn=<SigmoidBackward>), tensor([[0.6002],
        [0.6002],
        [0.5999],
        [0.5873],
        [0.5894],
        [0.6281],
        [0.5787],
        [0.5811],
        [0.6046],
        [0.6041],
        [0.6127],
        [0.6005],
        [0.6169],
        [0.5978],
        [0.6027],
        [0.5918],
        [0.5927],
        [0.6020],
        [0.5918],
        [0.5934],
        [0.5744],
        [0.5986],
        [0.6015],
        [0.5942],
        [0.5920],
        [0.6253],
        [0.6198],
        [0.5934],
        [0.6136],
        [0.6002],
        [0.5951],
        [0.6062],
        [0.6022],
        [0.5968],
        [0.6031],
        [0.5901],
        [0.5959],
        [0.5989],
        [0.6066],
        [0.5969],
        [0.5786],
        [0.5925],
        [0.6116],
        [0.5965],
        [0.6154],
        [0.6204],
        [0.5876],
        [0.5900],
        [0.5754],
        [0.6013],
        [0.6077],
        [0.5917],
        [0.6054],
        [0.5983],
        [0.6021],
        [0.5906],
        [0.5954],
        [0.6021],
        [0.5767],
        [0.5837],
        [0.5983],
        [0.5896],
        [0.6028],
        [0.5889],
        [0.6016],
        [0.5801],
        [0.5993],
        [0.5860],
        [0.5875],
        [0.6091],
        [0.6067],
        [0.6132],
        [0.6048],
        [0.5943],
        [0.6094],
        [0.6085],
        [0.5907],
        [0.5888],
        [0.5920],
        [0.5966],
        [0.6050],
        [0.5962],
        [0.6100],
        [0.6179],
        [0.6129],
        [0.5774],
        [0.6011],
        [0.5940],
        [0.5907],
        [0.5883],
        [0.5986],
        [0.6097],
        [0.6013],
        [0.5992],
        [0.5906],
        [0.5886],
        [0.5886],
        [0.5990],
        [0.5739],
        [0.5972]], device='cuda:0', grad_fn=<SigmoidBackward>), tensor([[0.5983],
        [0.5956],
        [0.6009],
        [0.5862],
        [0.5918],
        [0.6212],
        [0.5776],
        [0.5779],
        [0.6055],
        [0.6024],
        [0.6119],
        [0.6003],
        [0.6153],
        [0.5974],
        [0.6006],
        [0.5920],
        [0.5900],
        [0.6017],
        [0.5920],
        [0.5900],
        [0.5741],
        [0.5932],
        [0.5993],
        [0.5908],
        [0.5899],
        [0.6237],
        [0.6154],
        [0.5891],
        [0.6118],
        [0.5962],
        [0.5965],
        [0.6053],
        [0.6002],
        [0.5940],
        [0.5995],
        [0.5904],
        [0.5931],
        [0.5953],
        [0.6059],
        [0.5959],
        [0.5771],
        [0.5920],
        [0.6120],
        [0.5940],
        [0.6123],
        [0.6128],
        [0.5852],
        [0.5910],
        [0.5746],
        [0.5978],
        [0.6103],
        [0.5872],
        [0.6030],
        [0.5969],
        [0.6019],
        [0.5873],
        [0.5954],
        [0.5980],
        [0.5789],
        [0.5808],
        [0.5963],
        [0.5841],
        [0.6035],
        [0.5857],
        [0.5995],
        [0.5792],
        [0.5958],
        [0.5800],
        [0.5881],
        [0.6046],
        [0.6079],
        [0.6125],
        [0.6068],
        [0.5910],
        [0.6053],
        [0.6057],
        [0.5920],
        [0.5855],
        [0.5903],
        [0.5912],
        [0.6041],
        [0.5941],
        [0.6083],
        [0.6136],
        [0.6081],
        [0.5769],
        [0.6009],
        [0.5937],
        [0.5919],
        [0.5856],
        [0.5955],
        [0.6076],
        [0.6008],
        [0.5959],
        [0.5911],
        [0.5850],
        [0.5876],
        [0.5948],
        [0.5741],
        [0.5939]], device='cuda:0', grad_fn=<SigmoidBackward>)]
2024-05-22 02:21:57,484 - root - INFO - selected domain list=1, reward:0.138832688331604
2024-05-22 02:22:04,240 - root - INFO - selected domain list>1, reward:-0.04998767375946045
2024-05-22 02:22:10,998 - root - INFO - selected domain list>1, reward:0.09847038984298706
2024-05-22 02:22:17,666 - root - INFO - selected domain list>1, reward:-0.1263013482093811
2024-05-22 02:22:17,742 - root - INFO - selection probs: [tensor([[0.5976],
        [0.5948],
        [0.6000],
        [0.5855],
        [0.5910],
        [0.6201],
        [0.5770],
        [0.5774],
        [0.6045],
        [0.6015],
        [0.6109],
        [0.5994],
        [0.6142],
        [0.5967],
        [0.5998],
        [0.5913],
        [0.5892],
        [0.6007],
        [0.5914],
        [0.5891],
        [0.5735],
        [0.5923],
        [0.5984],
        [0.5901],
        [0.5891],
        [0.6226],
        [0.6144],
        [0.5884],
        [0.6108],
        [0.5953],
        [0.5958],
        [0.6043],
        [0.5993],
        [0.5933],
        [0.5985],
        [0.5895],
        [0.5924],
        [0.5946],
        [0.6049],
        [0.5951],
        [0.5766],
        [0.5912],
        [0.6110],
        [0.5932],
        [0.6113],
        [0.6118],
        [0.5844],
        [0.5903],
        [0.5740],
        [0.5969],
        [0.6095],
        [0.5865],
        [0.6020],
        [0.5962],
        [0.6011],
        [0.5866],
        [0.5945],
        [0.5972],
        [0.5784],
        [0.5802],
        [0.5958],
        [0.5834],
        [0.6026],
        [0.5850],
        [0.5986],
        [0.5785],
        [0.5949],
        [0.5793],
        [0.5875],
        [0.6037],
        [0.6070],
        [0.6115],
        [0.6059],
        [0.5903],
        [0.6043],
        [0.6047],
        [0.5913],
        [0.5848],
        [0.5895],
        [0.5905],
        [0.6031],
        [0.5933],
        [0.6073],
        [0.6126],
        [0.6071],
        [0.5763],
        [0.6001],
        [0.5929],
        [0.5911],
        [0.5848],
        [0.5948],
        [0.6067],
        [0.5999],
        [0.5951],
        [0.5904],
        [0.5843],
        [0.5870],
        [0.5940],
        [0.5735],
        [0.5930]], device='cuda:0', grad_fn=<SigmoidBackward>), tensor([[0.5971],
        [0.5950],
        [0.6016],
        [0.5855],
        [0.5916],
        [0.6229],
        [0.5747],
        [0.5744],
        [0.6056],
        [0.6032],
        [0.6101],
        [0.6000],
        [0.6138],
        [0.5952],
        [0.6008],
        [0.5913],
        [0.5907],
        [0.5989],
        [0.5910],
        [0.5845],
        [0.5719],
        [0.5906],
        [0.6013],
        [0.5936],
        [0.5893],
        [0.6203],
        [0.6127],
        [0.5853],
        [0.6155],
        [0.6022],
        [0.5932],
        [0.6023],
        [0.5960],
        [0.5911],
        [0.5976],
        [0.5903],
        [0.5905],
        [0.5944],
        [0.6057],
        [0.5927],
        [0.5752],
        [0.5888],
        [0.6115],
        [0.5914],
        [0.6111],
        [0.6138],
        [0.5812],
        [0.5867],
        [0.5711],
        [0.5967],
        [0.6079],
        [0.5859],
        [0.6032],
        [0.5946],
        [0.6002],
        [0.5838],
        [0.5961],
        [0.5948],
        [0.5760],
        [0.5784],
        [0.5941],
        [0.5826],
        [0.6038],
        [0.5809],
        [0.5985],
        [0.5766],
        [0.5978],
        [0.5745],
        [0.5888],
        [0.6022],
        [0.6081],
        [0.6069],
        [0.6061],
        [0.5929],
        [0.6060],
        [0.6039],
        [0.5897],
        [0.5811],
        [0.5887],
        [0.5851],
        [0.6027],
        [0.5939],
        [0.6046],
        [0.6124],
        [0.6067],
        [0.5732],
        [0.5984],
        [0.5947],
        [0.5907],
        [0.5800],
        [0.5944],
        [0.6055],
        [0.5995],
        [0.5961],
        [0.5913],
        [0.5793],
        [0.5814],
        [0.5941],
        [0.5718],
        [0.5949]], device='cuda:0', grad_fn=<SigmoidBackward>), tensor([[0.5979],
        [0.5981],
        [0.5974],
        [0.5857],
        [0.5874],
        [0.6250],
        [0.5772],
        [0.5795],
        [0.6018],
        [0.6019],
        [0.6098],
        [0.5981],
        [0.6135],
        [0.5961],
        [0.6005],
        [0.5897],
        [0.5904],
        [0.5995],
        [0.5900],
        [0.5913],
        [0.5731],
        [0.5963],
        [0.5992],
        [0.5923],
        [0.5896],
        [0.6220],
        [0.6170],
        [0.5917],
        [0.6106],
        [0.5982],
        [0.5930],
        [0.6035],
        [0.5997],
        [0.5950],
        [0.6004],
        [0.5879],
        [0.5937],
        [0.5968],
        [0.6039],
        [0.5951],
        [0.5772],
        [0.5903],
        [0.6085],
        [0.5945],
        [0.6122],
        [0.6174],
        [0.5856],
        [0.5881],
        [0.5742],
        [0.5994],
        [0.6057],
        [0.5898],
        [0.6027],
        [0.5961],
        [0.5997],
        [0.5892],
        [0.5931],
        [0.6003],
        [0.5753],
        [0.5825],
        [0.5966],
        [0.5881],
        [0.6005],
        [0.5875],
        [0.5992],
        [0.5784],
        [0.5970],
        [0.5844],
        [0.5858],
        [0.6064],
        [0.6044],
        [0.6106],
        [0.6023],
        [0.5921],
        [0.6070],
        [0.6057],
        [0.5887],
        [0.5873],
        [0.5899],
        [0.5940],
        [0.6023],
        [0.5941],
        [0.6071],
        [0.6155],
        [0.6100],
        [0.5759],
        [0.5992],
        [0.5918],
        [0.5888],
        [0.5864],
        [0.5964],
        [0.6066],
        [0.5986],
        [0.5974],
        [0.5888],
        [0.5872],
        [0.5872],
        [0.5969],
        [0.5726],
        [0.5954]], device='cuda:0', grad_fn=<SigmoidBackward>), tensor([[0.6001],
        [0.5949],
        [0.5968],
        [0.5855],
        [0.5918],
        [0.6204],
        [0.5710],
        [0.5746],
        [0.6058],
        [0.6022],
        [0.6123],
        [0.5991],
        [0.6158],
        [0.5939],
        [0.6016],
        [0.5912],
        [0.5913],
        [0.5991],
        [0.5900],
        [0.5869],
        [0.5701],
        [0.5908],
        [0.5984],
        [0.5864],
        [0.5871],
        [0.6221],
        [0.6116],
        [0.5847],
        [0.6133],
        [0.6015],
        [0.5949],
        [0.6061],
        [0.5994],
        [0.5905],
        [0.6002],
        [0.5903],
        [0.5926],
        [0.5933],
        [0.6098],
        [0.5899],
        [0.5704],
        [0.5891],
        [0.6137],
        [0.5877],
        [0.6133],
        [0.6161],
        [0.5802],
        [0.5874],
        [0.5720],
        [0.5955],
        [0.6065],
        [0.5877],
        [0.6043],
        [0.5926],
        [0.6012],
        [0.5847],
        [0.5946],
        [0.5921],
        [0.5750],
        [0.5755],
        [0.5910],
        [0.5812],
        [0.6020],
        [0.5797],
        [0.6000],
        [0.5792],
        [0.5980],
        [0.5779],
        [0.5859],
        [0.6041],
        [0.6058],
        [0.6067],
        [0.6078],
        [0.5906],
        [0.6067],
        [0.6065],
        [0.5903],
        [0.5798],
        [0.5923],
        [0.5874],
        [0.6072],
        [0.5960],
        [0.6100],
        [0.6133],
        [0.6129],
        [0.5719],
        [0.6010],
        [0.5967],
        [0.5902],
        [0.5810],
        [0.5961],
        [0.6067],
        [0.6010],
        [0.5962],
        [0.5941],
        [0.5791],
        [0.5827],
        [0.5967],
        [0.5702],
        [0.5940]], device='cuda:0', grad_fn=<SigmoidBackward>)]
