2024-05-22 02:50:47,567 - root - INFO - Using GPU: GeForce RTX 3090
2024-05-22 02:51:08,336 - root - INFO - selected domain list=0, reward:0.5925595164299011
2024-05-22 02:51:11,499 - root - INFO - selected domain list=0, reward:0.5646739602088928
2024-05-22 02:51:14,588 - root - INFO - selected domain list=0, reward:0.5405697822570801
2024-05-22 02:51:17,778 - root - INFO - selected domain list=0, reward:0.5223053693771362
2024-05-22 02:51:17,785 - root - INFO - selection probs: [0.5039644241333008, 0.5032934546470642, 0.5033047795295715, 0.5038327574729919]
2024-05-22 02:51:20,875 - root - INFO - selected domain list=0, reward:0.5074402689933777
2024-05-22 02:51:24,112 - root - INFO - selected domain list=0, reward:0.49566707015037537
2024-05-22 02:51:27,224 - root - INFO - selected domain list=0, reward:0.48637911677360535
2024-05-22 02:51:30,342 - root - INFO - selected domain list=0, reward:0.47951382398605347
2024-05-22 02:51:30,351 - root - INFO - selection probs: [0.5037813186645508, 0.5036901235580444, 0.5029425621032715, 0.5031241774559021]
2024-05-22 02:51:33,552 - root - INFO - selected domain list=0, reward:0.474926620721817
2024-05-22 02:51:36,671 - root - INFO - selected domain list=0, reward:0.47231295704841614
2024-05-22 02:51:39,785 - root - INFO - selected domain list=0, reward:0.4714289605617523
2024-05-22 02:51:42,901 - root - INFO - selected domain list=0, reward:0.47198787331581116
2024-05-22 02:51:42,910 - root - INFO - selection probs: [0.5030409097671509, 0.5026161670684814, 0.5032461285591125, 0.5030122399330139]
2024-05-22 02:51:42,927 - root - INFO - Epoch 1/100 - Policy Loss: 340.52239990234375, Predictor Loss: 1.021355390548706, Reward: 0.5066471099853516
2024-05-22 02:51:42,927 - root - INFO - Selected domain: [[], [], []]
2024-05-22 02:51:42,937 - root - INFO - Accuracy on test target domain: 0.08
2024-05-22 02:51:42,937 - root - INFO - Selected test domain index: [0, 1, 2, 3]
2024-05-22 02:51:43,046 - root - INFO - saving best testing model of acc 0.08
2024-05-22 02:51:48,896 - root - INFO - selected domain list=1, reward:0.04126417636871338
2024-05-22 02:51:54,449 - root - INFO - selected domain list>1, reward:0.046062469482421875
2024-05-22 02:52:00,058 - root - INFO - selected domain list>1, reward:0.06604373455047607
2024-05-22 02:52:05,563 - root - INFO - selected domain list>1, reward:-0.06628811359405518
2024-05-22 02:52:05,612 - root - INFO - selection probs: [0.6175339221954346, 0.6144538521766663, 0.613348126411438, 0.6105337738990784]
2024-05-22 02:52:11,162 - root - INFO - selected domain list=1, reward:0.12468689680099487
2024-05-22 02:52:16,761 - root - INFO - selected domain list>1, reward:-0.031289517879486084
2024-05-22 02:52:22,377 - root - INFO - selected domain list>1, reward:0.0751868486404419
2024-05-22 02:52:27,905 - root - INFO - selected domain list>1, reward:-0.11454057693481445
2024-05-22 02:52:27,954 - root - INFO - selection probs: [0.6090947985649109, 0.6079971790313721, 0.6094105839729309, 0.6093011498451233]
2024-05-22 02:52:33,577 - root - INFO - selected domain list=1, reward:0.12001246213912964
2024-05-22 02:52:39,081 - root - INFO - selected domain list>1, reward:-0.023198604583740234
2024-05-22 02:52:44,721 - root - INFO - selected domain list>1, reward:0.0746118426322937
2024-05-22 02:52:50,227 - root - INFO - selected domain list>1, reward:-0.13803184032440186
2024-05-22 02:52:50,270 - root - INFO - selection probs: [0.6103906631469727, 0.610431969165802, 0.6111748218536377, 0.609397292137146]
2024-05-22 02:52:50,294 - root - INFO - Epoch 2/100 - Policy Loss: -5.760765075683594, Predictor Loss: 0.7197383642196655, Reward: 0.014543315395712852
2024-05-22 02:52:50,294 - root - INFO - Selected domain: [[0, 1, 3, 2], [2, 1, 3, 0], [2, 1, 3, 0]]
2024-05-22 02:52:50,304 - root - INFO - Accuracy on test target domain: 0.11
2024-05-22 02:52:50,304 - root - INFO - Selected test domain index: [0, 1, 2, 3]
2024-05-22 02:52:50,359 - root - INFO - saving best testing model of acc 0.11
2024-05-22 02:52:56,204 - root - INFO - selected domain list=1, reward:0.11719727516174316
2024-05-22 02:53:01,763 - root - INFO - selected domain list>1, reward:0.015538275241851807
2024-05-22 02:53:07,349 - root - INFO - selected domain list>1, reward:-0.08231037855148315
2024-05-22 02:53:12,831 - root - INFO - selected domain list>1, reward:-0.044530630111694336
2024-05-22 02:53:12,881 - root - INFO - selection probs: [0.6478323936462402, 0.6466078162193298, 0.6428771615028381, 0.6416040062904358]
2024-05-22 02:53:18,455 - root - INFO - selected domain list=1, reward:0.11548656225204468
2024-05-22 02:53:24,062 - root - INFO - selected domain list>1, reward:-0.03939557075500488
2024-05-22 02:53:29,725 - root - INFO - selected domain list>1, reward:0.06002563238143921
2024-05-22 02:53:35,245 - root - INFO - selected domain list>1, reward:-0.12430083751678467
2024-05-22 02:53:35,295 - root - INFO - selection probs: [0.6420314908027649, 0.641386866569519, 0.6440355777740479, 0.6429885625839233]
2024-05-22 02:53:40,882 - root - INFO - selected domain list=1, reward:0.11327004432678223
2024-05-22 02:53:46,395 - root - INFO - selected domain list>1, reward:-0.08412778377532959
2024-05-22 02:53:52,041 - root - INFO - selected domain list>1, reward:0.0575026273727417
2024-05-22 02:53:57,704 - root - INFO - selected domain list>1, reward:0.058702707290649414
2024-05-22 02:53:57,754 - root - INFO - selection probs: [0.6444482207298279, 0.6431365013122559, 0.642130970954895, 0.6423495411872864]
2024-05-22 02:53:57,769 - root - INFO - Epoch 3/100 - Policy Loss: -2.9155240058898926, Predictor Loss: 0.6194638609886169, Reward: 0.013588160276412964
2024-05-22 02:53:57,769 - root - INFO - Selected domain: [[2, 3, 1, 0], [2, 1, 3, 0], [2, 0, 1, 3]]
2024-05-22 02:53:57,779 - root - INFO - Accuracy on test target domain: 0.11
2024-05-22 02:53:57,779 - root - INFO - Selected test domain index: [0, 1, 2, 3]
2024-05-22 02:54:03,580 - root - INFO - selected domain list=1, reward:0.11216586828231812
2024-05-22 02:54:09,160 - root - INFO - selected domain list>1, reward:-0.03558802604675293
2024-05-22 02:54:14,676 - root - INFO - selected domain list>1, reward:0.05688196420669556
2024-05-22 02:54:20,280 - root - INFO - selected domain list>1, reward:-0.1245681643486023
2024-05-22 02:54:20,330 - root - INFO - selection probs: [0.6593426465988159, 0.656545102596283, 0.6575252413749695, 0.6541934609413147]
2024-05-22 02:54:25,919 - root - INFO - selected domain list=1, reward:0.1419273018836975
2024-05-22 02:54:31,558 - root - INFO - selected domain list>1, reward:-0.048474788665771484
2024-05-22 02:54:37,090 - root - INFO - selected domain list>1, reward:-0.08047646284103394
2024-05-22 02:54:42,734 - root - INFO - selected domain list>1, reward:0.05867040157318115
2024-05-22 02:54:42,784 - root - INFO - selection probs: [0.6563323140144348, 0.6547142863273621, 0.6517544388771057, 0.6512998342514038]
2024-05-22 02:54:48,383 - root - INFO - selected domain list=1, reward:0.13713735342025757
2024-05-22 02:54:53,902 - root - INFO - selected domain list>1, reward:-0.04467231035232544
2024-05-22 02:54:59,558 - root - INFO - selected domain list>1, reward:-0.02562171220779419
2024-05-22 02:55:05,140 - root - INFO - selected domain list>1, reward:-0.04794275760650635
2024-05-22 02:55:05,190 - root - INFO - selection probs: [0.6525669097900391, 0.6510376334190369, 0.6492004990577698, 0.6481025815010071]
2024-05-22 02:55:05,205 - root - INFO - Epoch 4/100 - Policy Loss: -6.536284923553467, Predictor Loss: 0.5206142663955688, Reward: 0.008286556228995323
2024-05-22 02:55:05,205 - root - INFO - Selected domain: [[2, 1, 3, 0], [3, 2, 0, 1], [3, 2, 1, 0]]
2024-05-22 02:55:05,217 - root - INFO - Accuracy on test target domain: 0.08
2024-05-22 02:55:05,217 - root - INFO - Selected test domain index: [0, 1, 2, 3]
2024-05-22 02:55:11,104 - root - INFO - selected domain list=1, reward:0.13285934925079346
2024-05-22 02:55:16,679 - root - INFO - selected domain list>1, reward:-0.058176398277282715
2024-05-22 02:55:22,179 - root - INFO - selected domain list>1, reward:-0.04955023527145386
2024-05-22 02:55:27,776 - root - INFO - selected domain list>1, reward:0.06802147626876831
2024-05-22 02:55:27,826 - root - INFO - selection probs: [0.6441106200218201, 0.6412320733070374, 0.6395136713981628, 0.6414234042167664]
2024-05-22 02:55:33,386 - root - INFO - selected domain list=1, reward:0.08392000198364258
2024-05-22 02:55:39,015 - root - INFO - selected domain list>1, reward:-0.05049395561218262
2024-05-22 02:55:44,642 - root - INFO - selected domain list>1, reward:0.0659298300743103
2024-05-22 02:55:50,165 - root - INFO - selected domain list>1, reward:0.022770822048187256
2024-05-22 02:55:50,215 - root - INFO - selection probs: [0.639184296131134, 0.6376780271530151, 0.6401933431625366, 0.6409659385681152]
2024-05-22 02:55:55,843 - root - INFO - selected domain list=1, reward:0.03318232297897339
2024-05-22 02:56:01,415 - root - INFO - selected domain list>1, reward:0.05080461502075195
2024-05-22 02:56:07,111 - root - INFO - selected domain list>1, reward:0.01030963659286499
2024-05-22 02:56:12,637 - root - INFO - selected domain list>1, reward:0.022252678871154785
2024-05-22 02:56:12,687 - root - INFO - selection probs: [0.637147068977356, 0.6379815340042114, 0.639321506023407, 0.6400144696235657]
2024-05-22 02:56:12,701 - root - INFO - Epoch 5/100 - Policy Loss: 9.827413558959961, Predictor Loss: 0.4599721133708954, Reward: 0.02765251323580742
2024-05-22 02:56:12,701 - root - INFO - Selected domain: [[3, 1, 0, 2], [1, 0, 2, 3], [0, 1, 2, 3]]
2024-05-22 02:56:12,711 - root - INFO - Accuracy on test target domain: 0.08
2024-05-22 02:56:12,711 - root - INFO - Selected test domain index: [0, 1, 2, 3]
2024-05-22 02:56:18,562 - root - INFO - selected domain list=1, reward:0.08978331089019775
2024-05-22 02:56:24,113 - root - INFO - selected domain list>1, reward:-0.024383068084716797
2024-05-22 02:56:29,698 - root - INFO - selected domain list>1, reward:0.03908127546310425
2024-05-22 02:56:35,191 - root - INFO - selected domain list>1, reward:-0.09069955348968506
2024-05-22 02:56:35,240 - root - INFO - selection probs: [0.673151433467865, 0.6708793640136719, 0.6736107468605042, 0.6686697006225586]
2024-05-22 02:56:40,796 - root - INFO - selected domain list=1, reward:0.10945737361907959
2024-05-22 02:56:46,405 - root - INFO - selected domain list>1, reward:-0.03220701217651367
2024-05-22 02:56:52,070 - root - INFO - selected domain list>1, reward:-0.017893314361572266
2024-05-22 02:56:57,594 - root - INFO - selected domain list>1, reward:-0.046794116497039795
2024-05-22 02:56:57,645 - root - INFO - selection probs: [0.6726426482200623, 0.6711459159851074, 0.6686474680900574, 0.6666451692581177]
2024-05-22 02:57:03,286 - root - INFO - selected domain list=1, reward:0.07937341928482056
2024-05-22 02:57:08,825 - root - INFO - selected domain list>1, reward:-0.056615471839904785
2024-05-22 02:57:14,491 - root - INFO - selected domain list>1, reward:0.04465872049331665
2024-05-22 02:57:20,044 - root - INFO - selected domain list>1, reward:0.025299251079559326
2024-05-22 02:57:20,095 - root - INFO - selection probs: [0.6697568893432617, 0.666117250919342, 0.6674485802650452, 0.6703020334243774]
2024-05-22 02:57:20,111 - root - INFO - Epoch 6/100 - Policy Loss: -2.572951316833496, Predictor Loss: 0.42351794242858887, Reward: 0.009921735152602196
2024-05-22 02:57:20,111 - root - INFO - Selected domain: [[2, 1, 3, 0], [3, 2, 1, 0], [2, 0, 1, 3]]
2024-05-22 02:57:20,122 - root - INFO - Accuracy on test target domain: 0.08
2024-05-22 02:57:20,122 - root - INFO - Selected test domain index: [0, 1, 2, 3]
2024-05-22 02:57:25,971 - root - INFO - selected domain list=1, reward:0.09649068117141724
2024-05-22 02:57:31,529 - root - INFO - selected domain list>1, reward:-0.02668130397796631
2024-05-22 02:57:37,122 - root - INFO - selected domain list>1, reward:-0.050701916217803955
2024-05-22 02:57:42,624 - root - INFO - selected domain list>1, reward:0.042687416076660156
2024-05-22 02:57:42,674 - root - INFO - selection probs: [0.6903806924819946, 0.6887630820274353, 0.6846336126327515, 0.6859018802642822]
2024-05-22 02:57:48,262 - root - INFO - selected domain list=1, reward:0.09177243709564209
2024-05-22 02:57:53,891 - root - INFO - selected domain list>1, reward:-0.029419779777526855
2024-05-22 02:57:59,549 - root - INFO - selected domain list>1, reward:0.003528773784637451
2024-05-22 02:58:05,104 - root - INFO - selected domain list>1, reward:-0.04760169982910156
2024-05-22 02:58:05,153 - root - INFO - selection probs: [0.6888340711593628, 0.6848703026771545, 0.6868373155593872, 0.6828340888023376]
2024-05-22 02:58:10,749 - root - INFO - selected domain list=1, reward:0.06625193357467651
2024-05-22 02:58:16,266 - root - INFO - selected domain list>1, reward:-0.038000524044036865
2024-05-22 02:58:21,908 - root - INFO - selected domain list>1, reward:0.042467474937438965
2024-05-22 02:58:27,566 - root - INFO - selected domain list>1, reward:0.01080787181854248
2024-05-22 02:58:27,616 - root - INFO - selection probs: [0.6845207214355469, 0.682332456111908, 0.6861450672149658, 0.6866968870162964]
2024-05-22 02:58:27,631 - root - INFO - Epoch 7/100 - Policy Loss: 0.9480485916137695, Predictor Loss: 0.40076324343681335, Reward: 0.013466781005263329
2024-05-22 02:58:27,631 - root - INFO - Selected domain: [[3, 2, 0, 1], [3, 1, 2, 0], [1, 0, 2, 3]]
2024-05-22 02:58:27,642 - root - INFO - Accuracy on test target domain: 0.08
2024-05-22 02:58:27,642 - root - INFO - Selected test domain index: [0, 1, 2, 3]
2024-05-22 02:58:33,417 - root - INFO - selected domain list=1, reward:0.08612912893295288
2024-05-22 02:58:38,992 - root - INFO - selected domain list>1, reward:-0.02714252471923828
2024-05-22 02:58:44,515 - root - INFO - selected domain list>1, reward:-0.04597318172454834
2024-05-22 02:58:50,122 - root - INFO - selected domain list>1, reward:0.03842288255691528
2024-05-22 02:58:50,164 - root - INFO - selection probs: [0.708912193775177, 0.7079101204872131, 0.7032548189163208, 0.7047836780548096]
2024-05-22 02:58:55,773 - root - INFO - selected domain list=1, reward:0.06387531757354736
2024-05-22 02:59:01,416 - root - INFO - selected domain list>1, reward:0.021939098834991455
2024-05-22 02:59:06,954 - root - INFO - selected domain list>1, reward:-0.06518799066543579
2024-05-22 02:59:12,597 - root - INFO - selected domain list>1, reward:0.04094827175140381
2024-05-22 02:59:12,648 - root - INFO - selection probs: [0.7041274905204773, 0.7072531580924988, 0.7014236450195312, 0.7060876488685608]
2024-05-22 02:59:18,254 - root - INFO - selected domain list=1, reward:0.06208246946334839
2024-05-22 02:59:23,766 - root - INFO - selected domain list>1, reward:0.015462338924407959
2024-05-22 02:59:29,423 - root - INFO - selected domain list>1, reward:-0.058337390422821045
2024-05-22 02:59:34,965 - root - INFO - selected domain list>1, reward:0.03530055284500122
2024-05-22 02:59:35,024 - root - INFO - selection probs: [0.7063047885894775, 0.7079334259033203, 0.7021903991699219, 0.7049281001091003]
2024-05-22 02:59:35,039 - root - INFO - Epoch 8/100 - Policy Loss: 2.0953431129455566, Predictor Loss: 0.3877415657043457, Reward: 0.013959914445877075
2024-05-22 02:59:35,039 - root - INFO - Selected domain: [[3, 2, 0, 1], [1, 3, 0, 2], [2, 3, 0, 1]]
2024-05-22 02:59:35,049 - root - INFO - Accuracy on test target domain: 0.08
2024-05-22 02:59:35,049 - root - INFO - Selected test domain index: [0, 1, 2, 3]
2024-05-22 02:59:40,921 - root - INFO - selected domain list=1, reward:0.058837294578552246
2024-05-22 02:59:46,515 - root - INFO - selected domain list>1, reward:-0.040061235427856445
2024-05-22 02:59:52,016 - root - INFO - selected domain list>1, reward:0.03944981098175049
2024-05-22 02:59:57,612 - root - INFO - selected domain list>1, reward:0.02491283416748047
2024-05-22 02:59:57,662 - root - INFO - selection probs: [0.735295295715332, 0.7300196886062622, 0.7318565249443054, 0.7350497245788574]
2024-05-22 03:00:03,252 - root - INFO - selected domain list=1, reward:0.060216665267944336
2024-05-22 03:00:08,856 - root - INFO - selected domain list>1, reward:-0.043385446071624756
2024-05-22 03:00:14,468 - root - INFO - selected domain list>1, reward:0.03869837522506714
2024-05-22 03:00:19,968 - root - INFO - selected domain list>1, reward:0.011688470840454102
2024-05-22 03:00:20,018 - root - INFO - selection probs: [0.7332538962364197, 0.7283894419670105, 0.7302592396736145, 0.7342931032180786]
2024-05-22 03:00:25,615 - root - INFO - selected domain list=1, reward:0.07786858081817627
2024-05-22 03:00:31,167 - root - INFO - selected domain list>1, reward:-0.01657235622406006
2024-05-22 03:00:36,846 - root - INFO - selected domain list>1, reward:-0.008348226547241211
2024-05-22 03:00:42,371 - root - INFO - selected domain list>1, reward:-0.03699219226837158
2024-05-22 03:00:42,422 - root - INFO - selection probs: [0.734339714050293, 0.7298053503036499, 0.7325925827026367, 0.7277554869651794]
2024-05-22 03:00:42,439 - root - INFO - Epoch 9/100 - Policy Loss: 2.091844320297241, Predictor Loss: 0.3795933127403259, Reward: 0.013859381899237633
2024-05-22 03:00:42,439 - root - INFO - Selected domain: [[2, 0, 1, 3], [2, 0, 1, 3], [3, 1, 2, 0]]
2024-05-22 03:00:42,448 - root - INFO - Accuracy on test target domain: 0.08
2024-05-22 03:00:42,448 - root - INFO - Selected test domain index: [0, 1, 2, 3]
2024-05-22 03:00:48,316 - root - INFO - selected domain list=1, reward:0.058793604373931885
2024-05-22 03:00:53,892 - root - INFO - selected domain list>1, reward:-0.04895663261413574
2024-05-22 03:00:59,491 - root - INFO - selected domain list>1, reward:0.04110366106033325
2024-05-22 03:01:05,011 - root - INFO - selected domain list>1, reward:0.022584617137908936
2024-05-22 03:01:05,061 - root - INFO - selection probs: [0.762223482131958, 0.7600529789924622, 0.7648544311523438, 0.7656223177909851]
2024-05-22 03:01:10,633 - root - INFO - selected domain list=1, reward:0.07738053798675537
2024-05-22 03:01:16,255 - root - INFO - selected domain list>1, reward:-0.03474748134613037
