2024-06-08 15:50:24,418 - root - INFO - Using GPU: NVIDIA GeForce RTX 3080
2024-06-08 15:50:38,012 - root - INFO - selected domain list=0, reward:0.003358155954629183
2024-06-08 15:50:45,119 - root - INFO - selected domain list=0, reward:0.005857218988239765
2024-06-08 15:50:49,955 - root - INFO - selected domain list=0, reward:0.017878256738185883
2024-06-08 15:50:57,404 - root - INFO - selected domain list=0, reward:0.02622472494840622
2024-06-08 15:50:57,408 - root - INFO - selection probs: [0.5081521272659302, 0.5080661177635193, 0.5079950094223022, 0.5079353451728821]
2024-06-08 15:51:05,018 - root - INFO - selected domain list=0, reward:0.03022516518831253
2024-06-08 15:51:12,579 - root - INFO - selected domain list=0, reward:0.034364718943834305
2024-06-08 15:51:20,237 - root - INFO - selected domain list=0, reward:0.03946578502655029
2024-06-08 15:51:27,736 - root - INFO - selected domain list=0, reward:0.045485541224479675
2024-06-08 15:51:27,740 - root - INFO - selection probs: [0.507884681224823, 0.5078558921813965, 0.5078306198120117, 0.5078021883964539]
2024-06-08 15:51:32,626 - root - INFO - selected domain list=0, reward:0.049852874130010605
2024-06-08 15:51:40,231 - root - INFO - selected domain list=0, reward:0.05354063957929611
2024-06-08 15:51:47,718 - root - INFO - selected domain list=0, reward:0.05680825933814049
2024-06-08 15:51:55,290 - root - INFO - selected domain list=0, reward:0.059017568826675415
2024-06-08 15:51:55,293 - root - INFO - selection probs: [0.5077774524688721, 0.507763147354126, 0.5077150464057922, 0.5076630115509033]
2024-06-08 15:51:55,371 - root - INFO - Epoch 1/100 - Policy Loss: 25.39179039001465, Predictor Loss: 0.9011715650558472, Reward: 0.03517324477434158
2024-06-08 15:51:55,371 - root - INFO - Selected domain: [[], [], []]
2024-06-08 15:51:55,453 - root - INFO - Accuracy on test target domain: 0.04
2024-06-08 15:51:55,454 - root - INFO - Selected test domain index: []
2024-06-08 15:51:55,473 - root - INFO - saving best testing model of acc 0.04
2024-06-08 15:52:04,165 - root - INFO - selected domain list=0, reward:0.06162891536951065
2024-06-08 15:52:12,612 - root - INFO - selected domain list=0, reward:0.0644822046160698
2024-06-08 15:52:21,186 - root - INFO - selected domain list=0, reward:0.06701032817363739
2024-06-08 15:52:29,644 - root - INFO - selected domain list=0, reward:0.06926380842924118
2024-06-08 15:52:29,654 - root - INFO - selection probs: [0.5194364786148071, 0.5194381475448608, 0.5194892287254333, 0.5194538831710815]
2024-06-08 15:52:38,283 - root - INFO - selected domain list=0, reward:0.0713096484541893
2024-06-08 15:52:46,954 - root - INFO - selected domain list=0, reward:0.0731029063463211
2024-06-08 15:52:55,785 - root - INFO - selected domain list=0, reward:0.07406288385391235
2024-06-08 15:53:04,428 - root - INFO - selected domain list=0, reward:0.07445323467254639
2024-06-08 15:53:04,437 - root - INFO - selection probs: [0.5194453001022339, 0.5193948745727539, 0.5194648504257202, 0.5193607807159424]
2024-06-08 15:53:13,142 - root - INFO - selected domain list=0, reward:0.07469597458839417
2024-06-08 15:53:21,716 - root - INFO - selected domain list=0, reward:0.07477445900440216
2024-06-08 15:53:30,244 - root - INFO - selected domain list=0, reward:0.07477255910634995
2024-06-08 15:53:35,732 - root - INFO - selected domain list=0, reward:0.07475722581148148
2024-06-08 15:53:35,744 - root - INFO - selection probs: [0.5193943381309509, 0.5193217396736145, 0.519400417804718, 0.5192503929138184]
2024-06-08 15:53:35,820 - root - INFO - Epoch 2/100 - Policy Loss: 46.55719757080078, Predictor Loss: 0.6928794384002686, Reward: 0.07119284570217133
2024-06-08 15:53:35,820 - root - INFO - Selected domain: [[], [], []]
2024-06-08 15:53:35,902 - root - INFO - Accuracy on test target domain: 0.14
2024-06-08 15:53:35,902 - root - INFO - Selected test domain index: []
2024-06-08 15:53:35,910 - root - INFO - saving best testing model of acc 0.14
2024-06-08 15:53:44,392 - root - INFO - selected domain list=0, reward:0.07472886145114899
2024-06-08 15:53:52,872 - root - INFO - selected domain list=0, reward:0.07470551133155823
2024-06-08 15:54:01,409 - root - INFO - selected domain list=0, reward:0.07513246685266495
2024-06-08 15:54:09,965 - root - INFO - selected domain list=0, reward:0.07572589069604874
2024-06-08 15:54:09,974 - root - INFO - selection probs: [0.5306986570358276, 0.5308207869529724, 0.5307445526123047, 0.5308102965354919]
2024-06-08 15:54:18,431 - root - INFO - selected domain list=0, reward:0.07624277472496033
2024-06-08 15:54:26,951 - root - INFO - selected domain list=0, reward:0.0766136571764946
2024-06-08 15:54:35,475 - root - INFO - selected domain list=0, reward:0.07681836932897568
2024-06-08 15:54:44,083 - root - INFO - selected domain list=0, reward:0.07699812948703766
2024-06-08 15:54:44,091 - root - INFO - selection probs: [0.5309199690818787, 0.5309407114982605, 0.531147837638855, 0.5310595631599426]
2024-06-08 15:54:52,625 - root - INFO - selected domain list=0, reward:0.0770987719297409
2024-06-08 15:54:58,237 - root - INFO - selected domain list=0, reward:0.07714781910181046
2024-06-08 15:55:06,933 - root - INFO - selected domain list=0, reward:0.07716106623411179
2024-06-08 15:55:12,601 - root - INFO - selected domain list=0, reward:0.07713649421930313
2024-06-08 15:55:12,610 - root - INFO - selection probs: [0.5311414003372192, 0.5311058163642883, 0.5310953259468079, 0.5312187671661377]
2024-06-08 15:55:12,683 - root - INFO - Epoch 3/100 - Policy Loss: 47.880165100097656, Predictor Loss: 0.543083131313324, Reward: 0.076292484998703
2024-06-08 15:55:12,684 - root - INFO - Selected domain: [[], [], []]
2024-06-08 15:55:12,760 - root - INFO - Accuracy on test target domain: 0.08
2024-06-08 15:55:12,760 - root - INFO - Selected test domain index: []
2024-06-08 15:55:21,599 - root - INFO - selected domain list=0, reward:0.0771142914891243
2024-06-08 15:55:30,814 - root - INFO - selected domain list=0, reward:0.07706271857023239
2024-06-08 15:55:39,343 - root - INFO - selected domain list=0, reward:0.07689981907606125
2024-06-08 15:55:48,730 - root - INFO - selected domain list=0, reward:0.0767349824309349
2024-06-08 15:55:48,739 - root - INFO - selection probs: [0.54277503490448, 0.5426387190818787, 0.5427051782608032, 0.5424895286560059]
2024-06-08 15:55:55,424 - root - INFO - selected domain list=0, reward:0.07666107267141342
2024-06-08 15:56:04,341 - root - INFO - selected domain list=0, reward:0.07666569948196411
2024-06-08 15:56:12,662 - root - INFO - selected domain list=0, reward:0.07674624770879745
2024-06-08 15:56:21,195 - root - INFO - selected domain list=0, reward:0.07683537900447845
2024-06-08 15:56:21,204 - root - INFO - selection probs: [0.5425308346748352, 0.5423621535301208, 0.5422874689102173, 0.5422171354293823]
2024-06-08 15:56:30,185 - root - INFO - selected domain list=0, reward:0.07691606879234314
2024-06-08 15:56:38,079 - root - INFO - selected domain list=0, reward:0.07699953764677048
2024-06-08 15:56:47,322 - root - INFO - selected domain list=0, reward:0.07708743959665298
2024-06-08 15:56:56,409 - root - INFO - selected domain list=0, reward:0.07716985791921616
2024-06-08 15:56:56,418 - root - INFO - selection probs: [0.542347252368927, 0.5422470569610596, 0.5422031879425049, 0.5422611236572266]
2024-06-08 15:56:56,481 - root - INFO - Epoch 4/100 - Policy Loss: 46.573909759521484, Predictor Loss: 0.47962793707847595, Reward: 0.07690775394439697
2024-06-08 15:56:56,481 - root - INFO - Selected domain: [[], [], []]
2024-06-08 15:56:56,508 - root - INFO - Accuracy on test target domain: 0.08
2024-06-08 15:56:56,508 - root - INFO - Selected test domain index: []
2024-06-08 15:57:05,610 - root - INFO - selected domain list=0, reward:0.07723751664161682
2024-06-08 15:57:14,446 - root - INFO - selected domain list=0, reward:0.07731657475233078
2024-06-08 15:57:23,794 - root - INFO - selected domain list=0, reward:0.07737928628921509
2024-06-08 15:57:29,669 - root - INFO - selected domain list=0, reward:0.07743372768163681
2024-06-08 15:57:29,679 - root - INFO - selection probs: [0.5537994503974915, 0.5537014007568359, 0.5538287162780762, 0.5539562702178955]
2024-06-08 15:57:38,905 - root - INFO - selected domain list=0, reward:0.07752387970685959
2024-06-08 15:57:47,985 - root - INFO - selected domain list=0, reward:0.07759642601013184
2024-06-08 15:57:56,847 - root - INFO - selected domain list=0, reward:0.07767068594694138
2024-06-08 15:58:05,623 - root - INFO - selected domain list=0, reward:0.07773890346288681
2024-06-08 15:58:05,631 - root - INFO - selection probs: [0.5539970397949219, 0.5541222095489502, 0.5542330145835876, 0.5544319152832031]
2024-06-08 15:58:11,845 - root - INFO - selected domain list=0, reward:0.07779893279075623
2024-06-08 15:58:20,756 - root - INFO - selected domain list=0, reward:0.07782186567783356
2024-06-08 15:58:29,925 - root - INFO - selected domain list=0, reward:0.07779110223054886
2024-06-08 15:58:37,749 - root - INFO - selected domain list=0, reward:0.07772842794656754
2024-06-08 15:58:37,758 - root - INFO - selection probs: [0.5543031096458435, 0.5542877912521362, 0.5543383955955505, 0.5544522404670715]
2024-06-08 15:58:37,829 - root - INFO - Epoch 5/100 - Policy Loss: 45.365814208984375, Predictor Loss: 0.446078896522522, Reward: 0.07758644223213196
2024-06-08 15:58:37,830 - root - INFO - Selected domain: [[], [], []]
2024-06-08 15:58:37,863 - root - INFO - Accuracy on test target domain: 0.08
2024-06-08 15:58:37,864 - root - INFO - Selected test domain index: []
2024-06-08 15:58:47,199 - root - INFO - selected domain list=0, reward:0.07763619720935822
2024-06-08 15:58:56,214 - root - INFO - selected domain list=0, reward:0.07752393186092377
2024-06-08 15:59:05,386 - root - INFO - selected domain list=0, reward:0.07738438248634338
2024-06-08 15:59:14,565 - root - INFO - selected domain list=0, reward:0.07725479453802109
2024-06-08 15:59:14,575 - root - INFO - selection probs: [0.5662992000579834, 0.5661736726760864, 0.5662965178489685, 0.5660519003868103]
2024-06-08 15:59:21,664 - root - INFO - selected domain list=0, reward:0.07713371515274048
2024-06-08 15:59:31,072 - root - INFO - selected domain list=0, reward:0.07703463733196259
2024-06-08 15:59:40,673 - root - INFO - selected domain list=0, reward:0.07698407769203186
2024-06-08 15:59:50,763 - root - INFO - selected domain list=0, reward:0.0769369900226593
2024-06-08 15:59:50,773 - root - INFO - selection probs: [0.5661678910255432, 0.5659880042076111, 0.5659136772155762, 0.565933346748352]
2024-06-08 16:00:00,086 - root - INFO - selected domain list=0, reward:0.0769123062491417
2024-06-08 16:00:08,949 - root - INFO - selected domain list=0, reward:0.07690474390983582
2024-06-08 16:00:17,397 - root - INFO - selected domain list=0, reward:0.0769190639257431
2024-06-08 16:00:25,879 - root - INFO - selected domain list=0, reward:0.07688294351100922
2024-06-08 16:00:25,891 - root - INFO - selection probs: [0.5659802556037903, 0.5659891963005066, 0.5660210251808167, 0.5662631392478943]
2024-06-08 16:00:25,955 - root - INFO - Epoch 6/100 - Policy Loss: 43.42844772338867, Predictor Loss: 0.42894357442855835, Reward: 0.0771256536245346
2024-06-08 16:00:25,955 - root - INFO - Selected domain: [[], [], []]
2024-06-08 16:00:26,056 - root - INFO - Accuracy on test target domain: 0.08
2024-06-08 16:00:26,056 - root - INFO - Selected test domain index: []
2024-06-08 16:00:34,680 - root - INFO - selected domain list=0, reward:0.07682454586029053
2024-06-08 16:00:43,007 - root - INFO - selected domain list=0, reward:0.07678765803575516
2024-06-08 16:00:51,359 - root - INFO - selected domain list=0, reward:0.07677898555994034
2024-06-08 16:01:00,059 - root - INFO - selected domain list=0, reward:0.07679662108421326
2024-06-08 16:01:00,067 - root - INFO - selection probs: [0.5785514712333679, 0.5785068869590759, 0.5785512924194336, 0.5785951018333435]
2024-06-08 16:01:08,720 - root - INFO - selected domain list=0, reward:0.07683370262384415
2024-06-08 16:01:17,218 - root - INFO - selected domain list=0, reward:0.07687634974718094
