2024-06-11 21:01:23,648 - root - INFO - Using GPU: NVIDIA GeForce RTX 3080
2024-06-11 21:01:34,413 - root - INFO - selected domain list=0, reward:0.5482565760612488
2024-06-11 21:01:37,838 - root - INFO - selected domain list=0, reward:0.5450528860092163
2024-06-11 21:01:46,546 - root - INFO - selected domain list=0, reward:0.5431230068206787
2024-06-11 21:01:55,199 - root - INFO - selected domain list=0, reward:0.5408538579940796
2024-06-11 21:01:55,207 - root - INFO - selection probs: [0.49515876173973083, 0.495104044675827, 0.4951212704181671, 0.49519193172454834]
2024-06-11 21:02:03,471 - root - INFO - selected domain list=0, reward:0.5381221175193787
2024-06-11 21:02:12,155 - root - INFO - selected domain list=0, reward:0.5351806282997131
2024-06-11 21:02:20,861 - root - INFO - selected domain list=0, reward:0.5321438312530518
2024-06-11 21:02:29,353 - root - INFO - selected domain list=0, reward:0.5293015241622925
2024-06-11 21:02:29,361 - root - INFO - selection probs: [0.49519333243370056, 0.49516135454177856, 0.4951161742210388, 0.49512991309165955]
2024-06-11 21:02:32,976 - root - INFO - selected domain list=0, reward:0.5264650583267212
2024-06-11 21:02:38,166 - root - INFO - selected domain list=0, reward:0.523756206035614
2024-06-11 21:02:43,272 - root - INFO - selected domain list=0, reward:0.5212447047233582
2024-06-11 21:02:45,239 - root - INFO - selected domain list=0, reward:0.5189225673675537
2024-06-11 21:02:45,247 - root - INFO - selection probs: [0.4951312839984894, 0.49512115120887756, 0.495168536901474, 0.4952056109905243]
2024-06-11 21:02:45,344 - root - INFO - Epoch 1/100 - Policy Loss: 370.38525390625, Predictor Loss: 1.216406226158142, Reward: 0.5335352420806885
2024-06-11 21:02:45,344 - root - INFO - Selected domain: [[], [], []]
2024-06-11 21:02:45,425 - root - INFO - Accuracy on test target domain: 0.14
2024-06-11 21:02:45,425 - root - INFO - Selected test domain index: []
2024-06-11 21:02:45,449 - root - INFO - saving best testing model of acc 0.14
2024-06-11 21:02:47,655 - root - INFO - selected domain list=0, reward:0.5165877342224121
2024-06-11 21:02:52,970 - root - INFO - selected domain list=0, reward:0.5143477916717529
2024-06-11 21:02:58,001 - root - INFO - selected domain list=0, reward:0.5122118592262268
2024-06-11 21:03:00,475 - root - INFO - selected domain list=0, reward:0.510312020778656
2024-06-11 21:03:00,484 - root - INFO - selection probs: [0.4956865906715393, 0.4956530034542084, 0.4956173598766327, 0.49562421441078186]
2024-06-11 21:03:05,120 - root - INFO - selected domain list=0, reward:0.5084985494613647
2024-06-11 21:03:12,769 - root - INFO - selected domain list=0, reward:0.5068410634994507
2024-06-11 21:03:16,487 - root - INFO - selected domain list=0, reward:0.5052838325500488
2024-06-11 21:03:19,324 - root - INFO - selected domain list=0, reward:0.5038508176803589
2024-06-11 21:03:19,337 - root - INFO - selection probs: [0.49562373757362366, 0.49565303325653076, 0.49561506509780884, 0.4956904947757721]
2024-06-11 21:03:24,772 - root - INFO - selected domain list=0, reward:0.5025325417518616
2024-06-11 21:03:27,533 - root - INFO - selected domain list=0, reward:0.5013692378997803
2024-06-11 21:03:32,177 - root - INFO - selected domain list=0, reward:0.500323474407196
2024-06-11 21:03:36,437 - root - INFO - selected domain list=0, reward:0.4993688464164734
2024-06-11 21:03:36,446 - root - INFO - selection probs: [0.49562132358551025, 0.4956514537334442, 0.49561232328414917, 0.49569064378738403]
2024-06-11 21:03:36,588 - root - INFO - Epoch 2/100 - Policy Loss: 351.6397399902344, Predictor Loss: 0.9693951606750488, Reward: 0.5067939758300781
2024-06-11 21:03:36,588 - root - INFO - Selected domain: [[], [], []]
2024-06-11 21:03:36,692 - root - INFO - Accuracy on test target domain: 0.14
2024-06-11 21:03:36,692 - root - INFO - Selected test domain index: []
2024-06-11 21:03:39,919 - root - INFO - selected domain list=0, reward:0.49841728806495667
2024-06-11 21:03:42,045 - root - INFO - selected domain list=0, reward:0.4975440800189972
2024-06-11 21:03:44,872 - root - INFO - selected domain list=0, reward:0.49671533703804016
2024-06-11 21:03:49,983 - root - INFO - selected domain list=0, reward:0.4959288537502289
2024-06-11 21:03:49,991 - root - INFO - selection probs: [0.4960871636867523, 0.4960871636867523, 0.4961055517196655, 0.4961336851119995]
2024-06-11 21:03:52,005 - root - INFO - selected domain list=0, reward:0.4951930046081543
2024-06-11 21:03:54,549 - root - INFO - selected domain list=0, reward:0.4944552481174469
2024-06-11 21:03:56,743 - root - INFO - selected domain list=0, reward:0.4937770664691925
2024-06-11 21:03:59,279 - root - INFO - selected domain list=0, reward:0.49311649799346924
2024-06-11 21:03:59,289 - root - INFO - selection probs: [0.4960874915122986, 0.4961059093475342, 0.4960874319076538, 0.4961323142051697]
2024-06-11 21:04:04,000 - root - INFO - selected domain list=0, reward:0.4924527108669281
2024-06-11 21:04:06,750 - root - INFO - selected domain list=0, reward:0.4918387532234192
2024-06-11 21:04:10,135 - root - INFO - selected domain list=0, reward:0.4912130832672119
2024-06-11 21:04:12,557 - root - INFO - selected domain list=0, reward:0.49070051312446594
2024-06-11 21:04:12,565 - root - INFO - selection probs: [0.4960866868495941, 0.4961301386356354, 0.496102899312973, 0.4960838556289673]
2024-06-11 21:04:12,666 - root - INFO - Epoch 3/100 - Policy Loss: 342.791259765625, Predictor Loss: 0.8954753279685974, Reward: 0.4942793846130371
2024-06-11 21:04:12,666 - root - INFO - Selected domain: [[], [], []]
2024-06-11 21:04:12,776 - root - INFO - Accuracy on test target domain: 0.14
2024-06-11 21:04:12,776 - root - INFO - Selected test domain index: []
2024-06-11 21:04:14,358 - root - INFO - selected domain list=0, reward:0.49026310443878174
2024-06-11 21:04:15,975 - root - INFO - selected domain list=0, reward:0.4899008572101593
2024-06-11 21:04:18,833 - root - INFO - selected domain list=0, reward:0.4896066188812256
2024-06-11 21:04:22,968 - root - INFO - selected domain list=0, reward:0.4893195629119873
2024-06-11 21:04:22,977 - root - INFO - selection probs: [0.49650177359580994, 0.49650970101356506, 0.49650466442108154, 0.4965224862098694]
2024-06-11 21:04:25,229 - root - INFO - selected domain list=0, reward:0.4890488088130951
2024-06-11 21:04:27,738 - root - INFO - selected domain list=0, reward:0.4888114929199219
2024-06-11 21:04:31,019 - root - INFO - selected domain list=0, reward:0.48858538269996643
2024-06-11 21:04:35,635 - root - INFO - selected domain list=0, reward:0.4882407784461975
2024-06-11 21:04:35,643 - root - INFO - selection probs: [0.49650055170059204, 0.49649184942245483, 0.49651581048965454, 0.4964982867240906]
2024-06-11 21:04:37,779 - root - INFO - selected domain list=0, reward:0.4879114031791687
2024-06-11 21:04:40,361 - root - INFO - selected domain list=0, reward:0.48758330941200256
2024-06-11 21:04:42,563 - root - INFO - selected domain list=0, reward:0.4872725009918213
2024-06-11 21:04:48,784 - root - INFO - selected domain list=0, reward:0.48698243498802185
2024-06-11 21:04:48,793 - root - INFO - selection probs: [0.49649351835250854, 0.49648603796958923, 0.4964941442012787, 0.49650701880455017]
2024-06-11 21:04:48,914 - root - INFO - Epoch 4/100 - Policy Loss: 338.6171875, Predictor Loss: 0.8483342528343201, Reward: 0.48862719535827637
2024-06-11 21:04:48,914 - root - INFO - Selected domain: [[], [], []]
2024-06-11 21:04:49,019 - root - INFO - Accuracy on test target domain: 0.14
2024-06-11 21:04:49,019 - root - INFO - Selected test domain index: []
2024-06-11 21:04:52,165 - root - INFO - selected domain list=0, reward:0.4867013096809387
2024-06-11 21:04:55,394 - root - INFO - selected domain list=0, reward:0.4864610731601715
2024-06-11 21:04:57,994 - root - INFO - selected domain list=0, reward:0.48629096150398254
2024-06-11 21:05:00,049 - root - INFO - selected domain list=0, reward:0.4861161410808563
2024-06-11 21:05:00,058 - root - INFO - selection probs: [0.4968988299369812, 0.4968956410884857, 0.4969037175178528, 0.4968849718570709]
2024-06-11 21:05:01,544 - root - INFO - selected domain list=0, reward:0.48598015308380127
2024-06-11 21:05:04,696 - root - INFO - selected domain list=0, reward:0.4858350455760956
2024-06-11 21:05:07,747 - root - INFO - selected domain list=0, reward:0.485563725233078
2024-06-11 21:05:11,380 - root - INFO - selected domain list=0, reward:0.48529335856437683
2024-06-11 21:05:11,391 - root - INFO - selection probs: [0.4968918561935425, 0.49690014123916626, 0.49688178300857544, 0.4968878924846649]
2024-06-11 21:05:13,819 - root - INFO - selected domain list=0, reward:0.48500046133995056
2024-06-11 21:05:17,752 - root - INFO - selected domain list=0, reward:0.4846033751964569
2024-06-11 21:05:20,389 - root - INFO - selected domain list=0, reward:0.48414498567581177
2024-06-11 21:05:22,600 - root - INFO - selected domain list=0, reward:0.48376402258872986
2024-06-11 21:05:22,609 - root - INFO - selection probs: [0.4968961477279663, 0.4968861937522888, 0.49687689542770386, 0.49688252806663513]
2024-06-11 21:05:22,713 - root - INFO - Epoch 5/100 - Policy Loss: 336.06085205078125, Predictor Loss: 0.8169090151786804, Reward: 0.48547956347465515
2024-06-11 21:05:22,713 - root - INFO - Selected domain: [[], [], []]
2024-06-11 21:05:22,800 - root - INFO - Accuracy on test target domain: 0.14
2024-06-11 21:05:22,800 - root - INFO - Selected test domain index: []
2024-06-11 21:05:25,524 - root - INFO - selected domain list=0, reward:0.4833642542362213
2024-06-11 21:05:27,887 - root - INFO - selected domain list=0, reward:0.48295462131500244
2024-06-11 21:05:29,838 - root - INFO - selected domain list=0, reward:0.48252949118614197
2024-06-11 21:05:32,479 - root - INFO - selected domain list=0, reward:0.4820772707462311
2024-06-11 21:05:32,488 - root - INFO - selection probs: [0.4972914755344391, 0.49729689955711365, 0.49729791283607483, 0.4973004162311554]
2024-06-11 21:05:35,600 - root - INFO - selected domain list=0, reward:0.4816056489944458
2024-06-11 21:05:37,870 - root - INFO - selected domain list=0, reward:0.4811885952949524
2024-06-11 21:05:40,797 - root - INFO - selected domain list=0, reward:0.48078274726867676
2024-06-11 21:05:43,127 - root - INFO - selected domain list=0, reward:0.4803856611251831
2024-06-11 21:05:43,136 - root - INFO - selection probs: [0.49729636311531067, 0.4972877502441406, 0.497293621301651, 0.49729880690574646]
2024-06-11 21:05:44,788 - root - INFO - selected domain list=0, reward:0.479906290769577
2024-06-11 21:05:46,587 - root - INFO - selected domain list=0, reward:0.4794754385948181
2024-06-11 21:05:52,446 - root - INFO - selected domain list=0, reward:0.47900626063346863
2024-06-11 21:05:56,959 - root - INFO - selected domain list=0, reward:0.47856658697128296
2024-06-11 21:05:56,968 - root - INFO - selection probs: [0.4972872734069824, 0.49729910492897034, 0.4972940981388092, 0.4972951114177704]
2024-06-11 21:05:57,072 - root - INFO - Epoch 6/100 - Policy Loss: 332.51513671875, Predictor Loss: 0.7942347526550293, Reward: 0.48098692297935486
2024-06-11 21:05:57,072 - root - INFO - Selected domain: [[], [], []]
2024-06-11 21:05:57,157 - root - INFO - Accuracy on test target domain: 0.14
2024-06-11 21:05:57,157 - root - INFO - Selected test domain index: []
2024-06-11 21:05:59,553 - root - INFO - selected domain list=0, reward:0.47817692160606384
2024-06-11 21:06:03,521 - root - INFO - selected domain list=0, reward:0.47781985998153687
2024-06-11 21:06:05,520 - root - INFO - selected domain list=0, reward:0.4774688184261322
2024-06-11 21:06:07,695 - root - INFO - selected domain list=0, reward:0.477059930562973
2024-06-11 21:06:07,704 - root - INFO - selection probs: [0.49771377444267273, 0.4977078139781952, 0.4977104961872101, 0.497710645198822]
2024-06-11 21:06:10,505 - root - INFO - selected domain list=0, reward:0.476716548204422
2024-06-11 21:06:12,106 - root - INFO - selected domain list=0, reward:0.4763825237751007
2024-06-11 21:06:14,161 - root - INFO - selected domain list=0, reward:0.47609755396842957
2024-06-11 21:06:14,604 - root - INFO - selected domain list=0, reward:0.47585663199424744
2024-06-11 21:06:14,605 - root - INFO - selection probs: [0.49771103262901306, 0.49770912528038025, 0.49770429730415344, 0.49770689010620117]
2024-06-11 21:06:17,132 - root - INFO - selected domain list=0, reward:0.47552239894866943
2024-06-11 21:06:21,485 - root - INFO - selected domain list=0, reward:0.4752054512500763
2024-06-11 21:06:23,617 - root - INFO - selected domain list=0, reward:0.47481316328048706
2024-06-11 21:06:26,352 - root - INFO - selected domain list=0, reward:0.47450020909309387
2024-06-11 21:06:26,361 - root - INFO - selection probs: [0.49770742654800415, 0.49770599603652954, 0.4977031648159027, 0.4977075755596161]
2024-06-11 21:06:26,469 - root - INFO - Epoch 7/100 - Policy Loss: 328.9139404296875, Predictor Loss: 0.7771040797233582, Reward: 0.4763016700744629
2024-06-11 21:06:26,469 - root - INFO - Selected domain: [[], [], []]
2024-06-11 21:06:26,561 - root - INFO - Accuracy on test target domain: 0.14
2024-06-11 21:06:26,562 - root - INFO - Selected test domain index: []
2024-06-11 21:06:30,185 - root - INFO - selected domain list=0, reward:0.4742569327354431
2024-06-11 21:06:30,974 - root - INFO - selected domain list=0, reward:0.4739939570426941
2024-06-11 21:06:35,410 - root - INFO - selected domain list=0, reward:0.4737386107444763
2024-06-11 21:06:39,171 - root - INFO - selected domain list=0, reward:0.4734190106391907
2024-06-11 21:06:39,172 - root - INFO - selection probs: [0.4980914890766144, 0.4980899393558502, 0.4980853796005249, 0.49809256196022034]
2024-06-11 21:06:41,630 - root - INFO - selected domain list=0, reward:0.4730842709541321
2024-06-11 21:06:44,806 - root - INFO - selected domain list=0, reward:0.4727467894554138
2024-06-11 21:06:46,149 - root - INFO - selected domain list=0, reward:0.4724481403827667
2024-06-11 21:06:49,636 - root - INFO - selected domain list=0, reward:0.47213631868362427
2024-06-11 21:06:49,645 - root - INFO - selection probs: [0.49809232354164124, 0.4980887472629547, 0.49808409810066223, 0.4980880916118622]
2024-06-11 21:06:53,072 - root - INFO - selected domain list=0, reward:0.4718793034553528
2024-06-11 21:06:55,323 - root - INFO - selected domain list=0, reward:0.47167250514030457
2024-06-11 21:06:57,123 - root - INFO - selected domain list=0, reward:0.47145241498947144
2024-06-11 21:06:59,078 - root - INFO - selected domain list=0, reward:0.4711647629737854
2024-06-11 21:06:59,080 - root - INFO - selection probs: [0.4980877637863159, 0.49808746576309204, 0.4980827867984772, 0.49809062480926514]
2024-06-11 21:06:59,188 - root - INFO - Epoch 8/100 - Policy Loss: 326.0653076171875, Predictor Loss: 0.7635759115219116, Reward: 0.4726661145687103
2024-06-11 21:06:59,188 - root - INFO - Selected domain: [[], [], []]
2024-06-11 21:06:59,285 - root - INFO - Accuracy on test target domain: 0.14
2024-06-11 21:06:59,286 - root - INFO - Selected test domain index: []
2024-06-11 21:07:00,952 - root - INFO - selected domain list=0, reward:0.47084665298461914
2024-06-11 21:07:01,876 - root - INFO - selected domain list=0, reward:0.4705411493778229
2024-06-11 21:07:05,984 - root - INFO - selected domain list=0, reward:0.47017985582351685
2024-06-11 21:07:08,526 - root - INFO - selected domain list=0, reward:0.46984657645225525
2024-06-11 21:07:08,537 - root - INFO - selection probs: [0.4984619915485382, 0.4984515309333801, 0.498463898897171, 0.49846166372299194]
2024-06-11 21:07:09,551 - root - INFO - selected domain list=0, reward:0.4695482552051544
2024-06-11 21:07:10,224 - root - INFO - selected domain list=0, reward:0.46929022669792175
2024-06-11 21:07:14,058 - root - INFO - selected domain list=0, reward:0.468938946723938
2024-06-11 21:07:15,998 - root - INFO - selected domain list=0, reward:0.46855980157852173
2024-06-11 21:07:16,007 - root - INFO - selection probs: [0.4984642565250397, 0.49845367670059204, 0.4984663426876068, 0.49846357107162476]
2024-06-11 21:07:18,448 - root - INFO - selected domain list=0, reward:0.4682193696498871
2024-06-11 21:07:19,194 - root - INFO - selected domain list=0, reward:0.46792352199554443
2024-06-11 21:07:20,026 - root - INFO - selected domain list=0, reward:0.46761518716812134
2024-06-11 21:07:22,056 - root - INFO - selected domain list=0, reward:0.4673696458339691
2024-06-11 21:07:22,065 - root - INFO - selection probs: [0.498463898897171, 0.4984673261642456, 0.4984663426876068, 0.49845466017723083]
2024-06-11 21:07:22,182 - root - INFO - Epoch 9/100 - Policy Loss: 323.2242431640625, Predictor Loss: 0.752191424369812, Reward: 0.4690732955932617
2024-06-11 21:07:22,182 - root - INFO - Selected domain: [[], [], []]
2024-06-11 21:07:22,278 - root - INFO - Accuracy on test target domain: 0.14
2024-06-11 21:07:22,279 - root - INFO - Selected test domain index: []
2024-06-11 21:07:24,813 - root - INFO - selected domain list=0, reward:0.4670495092868805
2024-06-11 21:07:27,458 - root - INFO - selected domain list=0, reward:0.46671852469444275
2024-06-11 21:07:29,526 - root - INFO - selected domain list=0, reward:0.4663412272930145
2024-06-11 21:07:32,588 - root - INFO - selected domain list=0, reward:0.4660117030143738
2024-06-11 21:07:32,597 - root - INFO - selection probs: [0.49884581565856934, 0.4988289475440979, 0.49884742498397827, 0.4988459050655365]
2024-06-11 21:07:38,481 - root - INFO - selected domain list=0, reward:0.4657730460166931
2024-06-11 21:07:39,305 - root - INFO - selected domain list=0, reward:0.46559154987335205
2024-06-11 21:07:40,726 - root - INFO - selected domain list=0, reward:0.46542248129844666
2024-06-11 21:07:41,624 - root - INFO - selected domain list=0, reward:0.4651312530040741
2024-06-11 21:07:41,625 - root - INFO - selection probs: [0.4988463222980499, 0.49884822964668274, 0.49882933497428894, 0.49884626269340515]
2024-06-11 21:07:42,641 - root - INFO - selected domain list=0, reward:0.464800089597702
2024-06-11 21:07:43,963 - root - INFO - selected domain list=0, reward:0.4644262492656708
2024-06-11 21:07:45,047 - root - INFO - selected domain list=0, reward:0.4641519784927368
2024-06-11 21:07:48,841 - root - INFO - selected domain list=0, reward:0.46393030881881714
2024-06-11 21:07:48,849 - root - INFO - selection probs: [0.4988461136817932, 0.49884772300720215, 0.4988461434841156, 0.49882960319519043]
2024-06-11 21:07:48,947 - root - INFO - Epoch 10/100 - Policy Loss: 320.3834228515625, Predictor Loss: 0.7430572509765625, Reward: 0.46544569730758667
2024-06-11 21:07:48,947 - root - INFO - Selected domain: [[], [], []]
2024-06-11 21:07:49,028 - root - INFO - Accuracy on test target domain: 0.14
2024-06-11 21:07:49,029 - root - INFO - Selected test domain index: []
2024-06-11 21:07:50,095 - root - INFO - selected domain list=0, reward:0.46368393301963806
2024-06-11 21:07:51,452 - root - INFO - selected domain list=0, reward:0.4634326994419098
2024-06-11 21:07:56,452 - root - INFO - selected domain list=0, reward:0.4631131589412689
2024-06-11 21:07:57,845 - root - INFO - selected domain list=0, reward:0.46280989050865173
2024-06-11 21:07:57,847 - root - INFO - selection probs: [0.49923545122146606, 0.499215692281723, 0.4992418587207794, 0.4992409348487854]
2024-06-11 21:07:58,523 - root - INFO - selected domain list=0, reward:0.4625574052333832
2024-06-11 21:08:02,634 - root - INFO - selected domain list=0, reward:0.46229180693626404
2024-06-11 21:08:03,310 - root - INFO - selected domain list=0, reward:0.4621044099330902
2024-06-11 21:08:04,262 - root - INFO - selected domain list=0, reward:0.4618365168571472
2024-06-11 21:08:04,264 - root - INFO - selection probs: [0.49923980236053467, 0.4992440640926361, 0.499219685792923, 0.4992433786392212]
2024-06-11 21:08:06,132 - root - INFO - selected domain list=0, reward:0.4615815579891205
2024-06-11 21:08:07,887 - root - INFO - selected domain list=0, reward:0.46125152707099915
2024-06-11 21:08:08,613 - root - INFO - selected domain list=0, reward:0.46098268032073975
2024-06-11 21:08:12,721 - root - INFO - selected domain list=0, reward:0.4607178866863251
2024-06-11 21:08:12,724 - root - INFO - selection probs: [0.49922099709510803, 0.49924716353416443, 0.49924391508102417, 0.4992468059062958]
2024-06-11 21:08:12,832 - root - INFO - Epoch 11/100 - Policy Loss: 317.791015625, Predictor Loss: 0.7353548407554626, Reward: 0.462196946144104
2024-06-11 21:08:12,832 - root - INFO - Selected domain: [[], [], []]
2024-06-11 21:08:12,933 - root - INFO - Accuracy on test target domain: 0.14
2024-06-11 21:08:12,933 - root - INFO - Selected test domain index: []
2024-06-11 21:08:14,077 - root - INFO - selected domain list=0, reward:0.4604799747467041
2024-06-11 21:08:16,550 - root - INFO - selected domain list=0, reward:0.46023616194725037
2024-06-11 21:08:17,018 - root - INFO - selected domain list=0, reward:0.4600432515144348
2024-06-11 21:08:18,398 - root - INFO - selected domain list=0, reward:0.4597437083721161
2024-06-11 21:08:18,401 - root - INFO - selection probs: [0.4996446967124939, 0.49964797496795654, 0.4996435344219208, 0.4996207058429718]
2024-06-11 21:08:22,563 - root - INFO - selected domain list=0, reward:0.45938652753829956
2024-06-11 21:08:23,398 - root - INFO - selected domain list=0, reward:0.45909878611564636
2024-06-11 21:08:26,194 - root - INFO - selected domain list=0, reward:0.4588482677936554
2024-06-11 21:08:27,161 - root - INFO - selected domain list=0, reward:0.4585893750190735
2024-06-11 21:08:27,164 - root - INFO - selection probs: [0.4996493458747864, 0.4996473491191864, 0.49962154030799866, 0.49964576959609985]
2024-06-11 21:08:29,516 - root - INFO - selected domain list=0, reward:0.4583105444908142
2024-06-11 21:08:30,131 - root - INFO - selected domain list=0, reward:0.45801281929016113
2024-06-11 21:08:30,670 - root - INFO - selected domain list=0, reward:0.45782098174095154
2024-06-11 21:08:32,696 - root - INFO - selected domain list=0, reward:0.45758113265037537
2024-06-11 21:08:32,697 - root - INFO - selection probs: [0.4996469020843506, 0.4996538460254669, 0.49962589144706726, 0.4996543824672699]
2024-06-11 21:08:32,766 - root - INFO - Epoch 12/100 - Policy Loss: 315.2373046875, Predictor Loss: 0.7287268042564392, Reward: 0.45901262760162354
2024-06-11 21:08:32,766 - root - INFO - Selected domain: [[], [], []]
2024-06-11 21:08:32,775 - root - INFO - Accuracy on test target domain: 0.14
2024-06-11 21:08:32,776 - root - INFO - Selected test domain index: [0, 3, 2, 1]
2024-06-11 21:08:38,945 - root - INFO - selected domain list=1, reward:-0.03143566846847534
2024-06-11 21:08:44,354 - root - INFO - selected domain list>1, reward:-0.04133707284927368
2024-06-11 21:08:48,756 - root - INFO - selected domain list>1, reward:0.0740971565246582
2024-06-11 21:08:57,261 - root - INFO - selected domain list>1, reward:0.044157564640045166
2024-06-11 21:08:57,302 - root - INFO - selection probs: [0.5000611543655396, 0.5000326037406921, 0.50005704164505, 0.5000608563423157]
2024-06-11 21:09:03,504 - root - INFO - selected domain list=1, reward:-0.030044734477996826
2024-06-11 21:09:10,635 - root - INFO - selected domain list>1, reward:0.044001996517181396
2024-06-11 21:09:18,255 - root - INFO - selected domain list>1, reward:-0.025461316108703613
2024-06-11 21:09:22,302 - root - INFO - selected domain list>1, reward:-0.040995627641677856
2024-06-11 21:09:22,319 - root - INFO - selection probs: [0.5000588297843933, 0.5000630617141724, 0.5000677108764648, 0.5000385642051697]
2024-06-11 21:09:28,722 - root - INFO - selected domain list=1, reward:-0.03110659122467041
2024-06-11 21:09:36,751 - root - INFO - selected domain list>1, reward:0.0436708927154541
2024-06-11 21:09:42,022 - root - INFO - selected domain list>1, reward:-0.07839980721473694
2024-06-11 21:09:48,149 - root - INFO - selected domain list>1, reward:0.07183444499969482
2024-06-11 21:09:48,166 - root - INFO - selection probs: [0.5000635981559753, 0.5000684857368469, 0.5000430345535278, 0.5000751614570618]
2024-06-11 21:09:48,267 - root - INFO - Epoch 13/100 - Policy Loss: 4.775794982910156, Predictor Loss: 0.722815990447998, Reward: -8.489688480040058e-05
2024-06-11 21:09:48,268 - root - INFO - Selected domain: [[2, 0, 1, 3], [1, 3, 2, 0], [1, 3, 0, 2]]
2024-06-11 21:09:48,369 - root - INFO - Accuracy on test target domain: 0.14
2024-06-11 21:09:48,369 - root - INFO - Selected test domain index: [0, 1, 2, 3]
2024-06-11 21:09:54,242 - root - INFO - selected domain list=1, reward:-0.0007681846618652344
2024-06-11 21:09:59,982 - root - INFO - selected domain list>1, reward:-0.021937787532806396
2024-06-11 21:10:05,138 - root - INFO - selected domain list>1, reward:0.009336233139038086
2024-06-11 21:10:10,880 - root - INFO - selected domain list>1, reward:-0.040501296520233154
2024-06-11 21:10:10,906 - root - INFO - selection probs: [0.500430703163147, 0.5004321336746216, 0.500436544418335, 0.5004104971885681]
2024-06-11 21:10:16,734 - root - INFO - selected domain list=1, reward:-0.03324061632156372
2024-06-11 21:10:22,985 - root - INFO - selected domain list>1, reward:0.043302714824676514
2024-06-11 21:10:25,870 - root - INFO - selected domain list>1, reward:-0.07747477293014526
2024-06-11 21:10:29,990 - root - INFO - selected domain list>1, reward:0.0720558762550354
2024-06-11 21:10:30,009 - root - INFO - selection probs: [0.5004363656044006, 0.5004386305809021, 0.5004168748855591, 0.5004470944404602]
2024-06-11 21:10:35,792 - root - INFO - selected domain list=1, reward:-0.036990582942962646
2024-06-11 21:10:43,218 - root - INFO - selected domain list>1, reward:0.04632902145385742
2024-06-11 21:10:50,083 - root - INFO - selected domain list>1, reward:-0.07700502872467041
2024-06-11 21:10:58,452 - root - INFO - selected domain list>1, reward:0.07497400045394897
2024-06-11 21:10:58,481 - root - INFO - selection probs: [0.5004487633705139, 0.5004473924636841, 0.500424325466156, 0.5004503726959229]
2024-06-11 21:10:58,586 - root - INFO - Epoch 14/100 - Policy Loss: 1.2085671424865723, Predictor Loss: 0.7172064781188965, Reward: -0.003493368625640869
2024-06-11 21:10:58,586 - root - INFO - Selected domain: [[3, 1, 2, 0], [1, 3, 0, 2], [2, 3, 0, 1]]
2024-06-11 21:10:58,670 - root - INFO - Accuracy on test target domain: 0.14
2024-06-11 21:10:58,670 - root - INFO - Selected test domain index: [2, 1, 3, 0]
2024-06-11 21:11:03,064 - root - INFO - selected domain list=1, reward:-0.09104081988334656
2024-06-11 21:11:06,817 - root - INFO - selected domain list>1, reward:0.07517504692077637
2024-06-11 21:11:13,313 - root - INFO - selected domain list>1, reward:0.009342014789581299
2024-06-11 21:11:18,498 - root - INFO - selected domain list>1, reward:0.046349287033081055
2024-06-11 21:11:18,523 - root - INFO - selection probs: [0.500749409198761, 0.5007755160331726, 0.5007776021957397, 0.500777542591095]
2024-06-11 21:11:22,931 - root - INFO - selected domain list=1, reward:-0.035301268100738525
2024-06-11 21:11:28,389 - root - INFO - selected domain list>1, reward:0.009305238723754883
2024-06-11 21:11:32,560 - root - INFO - selected domain list>1, reward:0.04615825414657593
2024-06-11 21:11:37,463 - root - INFO - selected domain list>1, reward:-0.07625114917755127
2024-06-11 21:11:37,486 - root - INFO - selection probs: [0.5007822513580322, 0.5007852911949158, 0.5007858872413635, 0.5007663369178772]
2024-06-11 21:11:44,949 - root - INFO - selected domain list=1, reward:-0.00665658712387085
2024-06-11 21:11:50,175 - root - INFO - selected domain list>1, reward:-0.07576757669448853
2024-06-11 21:11:54,154 - root - INFO - selected domain list>1, reward:0.07546225190162659
2024-06-11 21:12:01,205 - root - INFO - selected domain list>1, reward:0.008861660957336426
2024-06-11 21:12:01,243 - root - INFO - selection probs: [0.500791609287262, 0.5007713437080383, 0.5007980465888977, 0.500800371170044]
2024-06-11 21:12:01,344 - root - INFO - Epoch 15/100 - Policy Loss: 4.389366149902344, Predictor Loss: 0.7118188738822937, Reward: -0.0011969705810770392
2024-06-11 21:12:01,344 - root - INFO - Selected domain: [[0, 1, 2, 3], [1, 2, 3, 0], [3, 0, 1, 2]]
2024-06-11 21:12:01,436 - root - INFO - Accuracy on test target domain: 0.14
2024-06-11 21:12:01,436 - root - INFO - Selected test domain index: [0, 1, 3, 2]
2024-06-11 21:12:05,958 - root - INFO - selected domain list=1, reward:-0.036923497915267944
2024-06-11 21:12:11,842 - root - INFO - selected domain list>1, reward:0.042142271995544434
2024-06-11 21:12:17,779 - root - INFO - selected domain list>1, reward:-0.0756659209728241
2024-06-11 21:12:21,762 - root - INFO - selected domain list>1, reward:0.07170403003692627
2024-06-11 21:12:21,780 - root - INFO - selection probs: [0.5010927319526672, 0.5010932087898254, 0.5010733008384705, 0.501100480556488]
2024-06-11 21:12:27,503 - root - INFO - selected domain list=1, reward:-0.008365005254745483
2024-06-11 21:12:32,820 - root - INFO - selected domain list>1, reward:-0.07558372616767883
2024-06-11 21:12:35,974 - root - INFO - selected domain list>1, reward:0.07577574253082275
2024-06-11 21:12:41,084 - root - INFO - selected domain list>1, reward:0.008412420749664307
2024-06-11 21:12:41,113 - root - INFO - selection probs: [0.5011013746261597, 0.5010817050933838, 0.5011084675788879, 0.5011116862297058]
2024-06-11 21:12:46,704 - root - INFO - selected domain list=1, reward:-0.09505227208137512
2024-06-11 21:12:51,001 - root - INFO - selected domain list>1, reward:0.07584473490715027
2024-06-11 21:13:00,343 - root - INFO - selected domain list>1, reward:0.041840314865112305
2024-06-11 21:13:06,603 - root - INFO - selected domain list>1, reward:-0.02264881134033203
2024-06-11 21:13:06,640 - root - INFO - selection probs: [0.5010899305343628, 0.5011168718338013, 0.5011189579963684, 0.5011244416236877]
2024-06-11 21:13:06,741 - root - INFO - Epoch 16/100 - Policy Loss: 6.796124458312988, Predictor Loss: 0.7066701650619507, Reward: 0.000123356789117679
2024-06-11 21:13:06,741 - root - INFO - Selected domain: [[1, 3, 0, 2], [3, 0, 1, 2], [0, 1, 3, 2]]
2024-06-11 21:13:06,837 - root - INFO - Accuracy on test target domain: 0.14
2024-06-11 21:13:06,837 - root - INFO - Selected test domain index: [0, 2, 1, 3]
2024-06-11 21:13:11,441 - root - INFO - selected domain list=1, reward:-0.010181576013565063
2024-06-11 21:13:17,390 - root - INFO - selected domain list>1, reward:-0.01805993914604187
2024-06-11 21:13:23,354 - root - INFO - selected domain list>1, reward:-0.04372212290763855
2024-06-11 21:13:27,058 - root - INFO - selected domain list>1, reward:0.07146841287612915
2024-06-11 21:13:27,077 - root - INFO - selection probs: [0.5013996958732605, 0.5014036297798157, 0.5013840794563293, 0.5014137029647827]
2024-06-11 21:13:32,074 - root - INFO - selected domain list=1, reward:-0.03975763916969299
2024-06-11 21:13:40,731 - root - INFO - selected domain list>1, reward:0.008236706256866455
2024-06-11 21:13:46,666 - root - INFO - selected domain list>1, reward:-0.03846248984336853
2024-06-11 21:13:53,351 - root - INFO - selected domain list>1, reward:0.10468125343322754
2024-06-11 21:13:53,369 - root - INFO - selection probs: [0.5014154314994812, 0.5014210343360901, 0.5013988614082336, 0.5014270544052124]
2024-06-11 21:13:58,281 - root - INFO - selected domain list=1, reward:-0.04500466585159302
2024-06-11 21:14:06,744 - root - INFO - selected domain list>1, reward:0.018923014402389526
2024-06-11 21:14:12,863 - root - INFO - selected domain list>1, reward:0.041411638259887695
2024-06-11 21:14:20,836 - root - INFO - selected domain list>1, reward:-0.07402664422988892
2024-06-11 21:14:20,854 - root - INFO - selection probs: [0.5014324188232422, 0.5014341473579407, 0.5014390349388123, 0.5014186501502991]
2024-06-11 21:14:20,974 - root - INFO - Epoch 17/100 - Policy Loss: 4.705182075500488, Predictor Loss: 0.7015766501426697, Reward: -0.002041171072050929
2024-06-11 21:14:20,974 - root - INFO - Selected domain: [[3, 1, 0, 2], [1, 2, 0, 3], [2, 1, 3, 0]]
2024-06-11 21:14:21,087 - root - INFO - Accuracy on test target domain: 0.11
2024-06-11 21:14:21,087 - root - INFO - Selected test domain index: [0, 1, 3, 2]
2024-06-11 21:14:26,644 - root - INFO - selected domain list=1, reward:-0.04585915803909302
2024-06-11 21:14:30,805 - root - INFO - selected domain list>1, reward:-0.03802654147148132
2024-06-11 21:14:38,263 - root - INFO - selected domain list>1, reward:0.07656857371330261
2024-06-11 21:14:45,001 - root - INFO - selected domain list>1, reward:0.04103672504425049
2024-06-11 21:14:45,040 - root - INFO - selection probs: [0.5017068982124329, 0.5016831755638123, 0.5017119646072388, 0.5017198920249939]
2024-06-11 21:14:51,497 - root - INFO - selected domain list=1, reward:-0.04101940989494324
2024-06-11 21:14:57,694 - root - INFO - selected domain list>1, reward:0.00779569149017334
2024-06-11 21:15:04,253 - root - INFO - selected domain list>1, reward:-0.03769731521606445
2024-06-11 21:15:10,591 - root - INFO - selected domain list>1, reward:0.10431110858917236
2024-06-11 21:15:10,616 - root - INFO - selection probs: [0.5017208456993103, 0.5017303228378296, 0.501706600189209, 0.5017396211624146]
2024-06-11 21:15:17,983 - root - INFO - selected domain list=1, reward:-0.01387035846710205
2024-06-11 21:15:23,378 - root - INFO - selected domain list>1, reward:-0.073344886302948
2024-06-11 21:15:28,677 - root - INFO - selected domain list>1, reward:0.07129579782485962
2024-06-11 21:15:34,083 - root - INFO - selected domain list>1, reward:0.019809693098068237
2024-06-11 21:15:34,109 - root - INFO - selection probs: [0.5017455816268921, 0.5017238259315491, 0.501758337020874, 0.5017585754394531]
2024-06-11 21:15:34,205 - root - INFO - Epoch 18/100 - Policy Loss: 15.429414749145508, Predictor Loss: 0.6963754892349243, Reward: 0.005916660185903311
2024-06-11 21:15:34,205 - root - INFO - Selected domain: [[2, 0, 1, 3], [1, 2, 0, 3], [3, 0, 2, 1]]
2024-06-11 21:15:34,294 - root - INFO - Accuracy on test target domain: 0.07
2024-06-11 21:15:34,294 - root - INFO - Selected test domain index: [3, 1, 0, 2]
2024-06-11 21:15:39,775 - root - INFO - selected domain list=1, reward:-0.04213622212409973
2024-06-11 21:15:45,656 - root - INFO - selected domain list>1, reward:0.0076340436935424805
2024-06-11 21:15:52,612 - root - INFO - selected domain list>1, reward:0.04746443033218384
2024-06-11 21:15:57,888 - root - INFO - selected domain list>1, reward:-0.0733906626701355
2024-06-11 21:15:57,910 - root - INFO - selection probs: [0.502009391784668, 0.5020197033882141, 0.5020244717597961, 0.5020031332969666]
2024-06-11 21:16:04,593 - root - INFO - selected domain list=1, reward:-0.04253235459327698
2024-06-11 21:16:10,605 - root - INFO - selected domain list>1, reward:0.007631778717041016
2024-06-11 21:16:17,399 - root - INFO - selected domain list>1, reward:0.047397613525390625
2024-06-11 21:16:23,035 - root - INFO - selected domain list>1, reward:-0.07330414652824402
2024-06-11 21:16:23,062 - root - INFO - selection probs: [0.5020343065261841, 0.5020456314086914, 0.5020506978034973, 0.5020288825035095]
2024-06-11 21:16:29,709 - root - INFO - selected domain list=1, reward:-0.015569984912872314
2024-06-11 21:16:35,367 - root - INFO - selected domain list>1, reward:-0.0732017457485199
2024-06-11 21:16:39,947 - root - INFO - selected domain list>1, reward:0.07710546255111694
2024-06-11 21:16:44,845 - root - INFO - selected domain list>1, reward:0.007134795188903809
2024-06-11 21:16:44,867 - root - INFO - selection probs: [0.5020638704299927, 0.5020421743392944, 0.5020728707313538, 0.5020849704742432]
2024-06-11 21:16:44,982 - root - INFO - Epoch 19/100 - Policy Loss: -5.85067892074585, Predictor Loss: 0.6909115314483643, Reward: -0.01048058271408081
2024-06-11 21:16:44,982 - root - INFO - Selected domain: [[1, 2, 3, 0], [1, 2, 3, 0], [3, 0, 1, 2]]
2024-06-11 21:16:45,053 - root - INFO - Accuracy on test target domain: 0.07
2024-06-11 21:16:45,053 - root - INFO - Selected test domain index: [2, 0, 1, 3]
2024-06-11 21:16:50,215 - root - INFO - selected domain list=1, reward:-0.01595228910446167
2024-06-11 21:16:56,144 - root - INFO - selected domain list>1, reward:-0.021863937377929688
2024-06-11 21:17:00,277 - root - INFO - selected domain list>1, reward:-0.036929965019226074
2024-06-11 21:17:04,029 - root - INFO - selected domain list>1, reward:0.07723113894462585
2024-06-11 21:17:04,045 - root - INFO - selection probs: [0.5022946000099182, 0.5023069381713867, 0.5022821426391602, 0.5023128390312195]
2024-06-11 21:17:09,001 - root - INFO - selected domain list=1, reward:-0.04954087734222412
2024-06-11 21:17:14,488 - root - INFO - selected domain list>1, reward:0.047608792781829834
2024-06-11 21:17:21,271 - root - INFO - selected domain list>1, reward:-0.015559583902359009
2024-06-11 21:17:26,385 - root - INFO - selected domain list>1, reward:-0.0440811812877655
2024-06-11 21:17:26,409 - root - INFO - selection probs: [0.502327024936676, 0.5023267865180969, 0.5023326277732849, 0.5023165345191956]
2024-06-11 21:17:32,902 - root - INFO - selected domain list=1, reward:-0.043698668479919434
2024-06-11 21:17:40,454 - root - INFO - selected domain list>1, reward:0.04003089666366577
2024-06-11 21:17:45,501 - root - INFO - selected domain list>1, reward:-0.02183610200881958
2024-06-11 21:17:52,190 - root - INFO - selected domain list>1, reward:-0.03646814823150635
2024-06-11 21:17:52,227 - root - INFO - selection probs: [0.5023457407951355, 0.5023536086082458, 0.5023675560951233, 0.5023449063301086]
2024-06-11 21:17:52,330 - root - INFO - Epoch 20/100 - Policy Loss: -4.867847442626953, Predictor Loss: 0.6849600076675415, Reward: -0.010088327340781689
2024-06-11 21:17:52,331 - root - INFO - Selected domain: [[3, 2, 0, 1], [2, 3, 1, 0], [1, 3, 2, 0]]
2024-06-11 21:17:52,412 - root - INFO - Accuracy on test target domain: 0.07
2024-06-11 21:17:52,412 - root - INFO - Selected test domain index: [2, 1, 3, 0]
2024-06-11 21:18:00,455 - root - INFO - selected domain list=1, reward:-0.04383975267410278
2024-06-11 21:18:04,717 - root - INFO - selected domain list>1, reward:-0.04393693804740906
2024-06-11 21:18:10,006 - root - INFO - selected domain list>1, reward:0.07095158100128174
2024-06-11 21:18:16,563 - root - INFO - selected domain list>1, reward:0.047915637493133545
2024-06-11 21:18:16,588 - root - INFO - selection probs: [0.5025378465652466, 0.5025232434272766, 0.5025577545166016, 0.5025625228881836]
2024-06-11 21:18:22,100 - root - INFO - selected domain list=1, reward:-0.05042743682861328
2024-06-11 21:18:29,116 - root - INFO - selected domain list>1, reward:0.04778909683227539
2024-06-11 21:18:34,942 - root - INFO - selected domain list>1, reward:-0.07285100221633911
2024-06-11 21:18:39,320 - root - INFO - selected domain list>1, reward:0.07749590277671814
2024-06-11 21:18:39,337 - root - INFO - selection probs: [0.5025724172592163, 0.5025781393051147, 0.5025612711906433, 0.5025901198387146]
2024-06-11 21:18:41,944 - root - INFO - selected domain list=1, reward:-0.10202482342720032
2024-06-11 21:18:48,321 - root - INFO - selected domain list>1, reward:0.1042596697807312
2024-06-11 21:18:58,914 - root - INFO - selected domain list>1, reward:-0.01499927043914795
2024-06-11 21:19:03,868 - root - INFO - selected domain list>1, reward:0.007182300090789795
2024-06-11 21:19:03,895 - root - INFO - selection probs: [0.5025773048400879, 0.5026101469993591, 0.5026144981384277, 0.5026276111602783]
2024-06-11 21:19:03,994 - root - INFO - Epoch 21/100 - Policy Loss: 11.263656616210938, Predictor Loss: 0.6782468557357788, Reward: 0.0022929138503968716
2024-06-11 21:19:03,994 - root - INFO - Selected domain: [[1, 0, 2, 3], [2, 3, 0, 1], [0, 3, 1, 2]]
2024-06-11 21:19:04,079 - root - INFO - Accuracy on test target domain: 0.07
2024-06-11 21:19:04,079 - root - INFO - Selected test domain index: [3, 0, 2, 1]
2024-06-11 21:19:10,166 - root - INFO - selected domain list=1, reward:-0.04418650269508362
2024-06-11 21:19:17,882 - root - INFO - selected domain list>1, reward:0.006979525089263916
2024-06-11 21:19:20,585 - root - INFO - selected domain list>1, reward:-0.03608754277229309
2024-06-11 21:19:26,879 - root - INFO - selected domain list>1, reward:0.10441058874130249
2024-06-11 21:19:26,917 - root - INFO - selection probs: [0.5027843117713928, 0.502798855304718, 0.5027837753295898, 0.5028197169303894]
2024-06-11 21:19:30,890 - root - INFO - selected domain list=1, reward:-0.10235422849655151
2024-06-11 21:19:34,891 - root - INFO - selected domain list>1, reward:0.10438185930252075
2024-06-11 21:19:42,078 - root - INFO - selected domain list>1, reward:-0.014550238847732544
2024-06-11 21:19:49,864 - root - INFO - selected domain list>1, reward:0.00710296630859375
2024-06-11 21:19:49,903 - root - INFO - selection probs: [0.5028036236763, 0.5028401017189026, 0.5028414726257324, 0.5028578639030457]
2024-06-11 21:19:53,296 - root - INFO - selected domain list=1, reward:-0.1021195650100708
2024-06-11 21:20:00,408 - root - INFO - selected domain list>1, reward:0.07801851630210876
2024-06-11 21:20:09,905 - root - INFO - selected domain list>1, reward:0.04023587703704834
2024-06-11 21:20:16,901 - root - INFO - selected domain list>1, reward:-0.02085930109024048
2024-06-11 21:20:16,938 - root - INFO - selection probs: [0.5028443932533264, 0.5028725862503052, 0.5028929114341736, 0.502901017665863]
2024-06-11 21:20:17,043 - root - INFO - Epoch 22/100 - Policy Loss: 10.416425704956055, Predictor Loss: 0.6703683733940125, Reward: 0.0017476629000157118
2024-06-11 21:20:17,044 - root - INFO - Selected domain: [[1, 2, 0, 3], [0, 3, 1, 2], [0, 1, 3, 2]]
2024-06-11 21:20:17,131 - root - INFO - Accuracy on test target domain: 0.07
2024-06-11 21:20:17,131 - root - INFO - Selected test domain index: [3, 0, 1, 2]
2024-06-11 21:20:23,085 - root - INFO - selected domain list=1, reward:-0.01782459020614624
2024-06-11 21:20:28,048 - root - INFO - selected domain list>1, reward:-0.07250311970710754
2024-06-11 21:20:33,085 - root - INFO - selected domain list>1, reward:0.07180613279342651
2024-06-11 21:20:42,004 - root - INFO - selected domain list>1, reward:0.022036612033843994
2024-06-11 21:20:42,041 - root - INFO - selection probs: [0.5030679106712341, 0.503052294254303, 0.5030889511108398, 0.5030956268310547]
2024-06-11 21:20:47,860 - root - INFO - selected domain list=1, reward:-0.04413580894470215
2024-06-11 21:20:55,596 - root - INFO - selected domain list>1, reward:0.007292807102203369
2024-06-11 21:21:02,190 - root - INFO - selected domain list>1, reward:-0.03622445464134216
2024-06-11 21:21:08,774 - root - INFO - selected domain list>1, reward:0.10487431287765503
2024-06-11 21:21:08,796 - root - INFO - selection probs: [0.5031084418296814, 0.5031272172927856, 0.5031169652938843, 0.5031570196151733]
2024-06-11 21:21:13,881 - root - INFO - selected domain list=1, reward:-0.04997605085372925
2024-06-11 21:21:18,366 - root - INFO - selected domain list>1, reward:-0.036191344261169434
2024-06-11 21:21:23,115 - root - INFO - selected domain list>1, reward:0.1048271656036377
2024-06-11 21:21:29,358 - root - INFO - selected domain list>1, reward:-0.013752520084381104
2024-06-11 21:21:29,396 - root - INFO - selection probs: [0.5031681060791016, 0.5031596422195435, 0.503199577331543, 0.5032072067260742]
2024-06-11 21:21:29,504 - root - INFO - Epoch 23/100 - Policy Loss: 12.574664115905762, Predictor Loss: 0.660643458366394, Reward: 0.0033524285536259413
2024-06-11 21:21:29,504 - root - INFO - Selected domain: [[3, 0, 2, 1], [1, 2, 0, 3], [2, 0, 3, 1]]
2024-06-11 21:21:29,632 - root - INFO - Accuracy on test target domain: 0.07
2024-06-11 21:21:29,632 - root - INFO - Selected test domain index: [3, 1, 0, 2]
2024-06-11 21:21:34,991 - root - INFO - selected domain list=1, reward:-0.04939472675323486
2024-06-11 21:21:41,111 - root - INFO - selected domain list>1, reward:0.04842764139175415
2024-06-11 21:21:45,739 - root - INFO - selected domain list>1, reward:-0.07265949249267578
2024-06-11 21:21:52,410 - root - INFO - selected domain list>1, reward:0.0786091685295105
2024-06-11 21:21:52,435 - root - INFO - selection probs: [0.5033782720565796, 0.5033951997756958, 0.5033819675445557, 0.5034195184707642]
2024-06-11 21:21:55,985 - root - INFO - selected domain list=1, reward:-0.10120519995689392
2024-06-11 21:21:59,421 - root - INFO - selected domain list>1, reward:0.07869285345077515
2024-06-11 21:22:07,163 - root - INFO - selected domain list>1, reward:0.03981673717498779
2024-06-11 21:22:14,688 - root - INFO - selected domain list>1, reward:-0.02035343647003174
2024-06-11 21:22:14,726 - root - INFO - selection probs: [0.503414511680603, 0.503453254699707, 0.5034801959991455, 0.5034938454627991]
2024-06-11 21:22:18,025 - root - INFO - selected domain list=1, reward:-0.10033053159713745
2024-06-11 21:22:23,090 - root - INFO - selected domain list>1, reward:0.07306468486785889
2024-06-11 21:22:29,911 - root - INFO - selected domain list>1, reward:0.02125808596611023
2024-06-11 21:22:36,624 - root - INFO - selected domain list>1, reward:0.039728641510009766
2024-06-11 21:22:36,663 - root - INFO - selection probs: [0.5034871697425842, 0.5035337805747986, 0.5035495162010193, 0.503585159778595]
2024-06-11 21:22:36,754 - root - INFO - Epoch 24/100 - Policy Loss: 11.416711807250977, Predictor Loss: 0.6478936076164246, Reward: 0.0029712021350860596
2024-06-11 21:22:36,755 - root - INFO - Selected domain: [[2, 3, 0, 1], [0, 1, 3, 2], [0, 2, 1, 3]]
2024-06-11 21:22:36,793 - root - INFO - Accuracy on test target domain: 0.07
2024-06-11 21:22:36,793 - root - INFO - Selected test domain index: [2, 0, 1, 3]
2024-06-11 21:22:39,396 - root - INFO - selected domain list=1, reward:-0.09964516758918762
2024-06-11 21:22:44,217 - root - INFO - selected domain list>1, reward:0.10529875755310059
2024-06-11 21:22:51,112 - root - INFO - selected domain list>1, reward:-0.021223366260528564
2024-06-11 21:22:58,235 - root - INFO - selected domain list>1, reward:0.020462840795516968
2024-06-11 21:22:58,273 - root - INFO - selection probs: [0.5037424564361572, 0.5038115978240967, 0.5038273930549622, 0.5038451552391052]
2024-06-11 21:23:01,877 - root - INFO - selected domain list=1, reward:-0.09829062223434448
2024-06-11 21:23:06,790 - root - INFO - selected domain list>1, reward:0.07975149154663086
2024-06-11 21:23:12,914 - root - INFO - selected domain list>1, reward:0.039689719676971436
2024-06-11 21:23:19,729 - root - INFO - selected domain list>1, reward:-0.021307170391082764
2024-06-11 21:23:19,767 - root - INFO - selection probs: [0.5038528442382812, 0.5039057731628418, 0.5039624571800232, 0.5039830803871155]
2024-06-11 21:23:24,131 - root - INFO - selected domain list=1, reward:-0.09706005454063416
2024-06-11 21:23:29,605 - root - INFO - selected domain list>1, reward:0.07546210289001465
2024-06-11 21:23:35,711 - root - INFO - selected domain list>1, reward:0.045576393604278564
2024-06-11 21:23:44,646 - root - INFO - selected domain list>1, reward:-0.016433268785476685
2024-06-11 21:23:44,683 - root - INFO - selection probs: [0.5039855241775513, 0.504055917263031, 0.5041089653968811, 0.5041255354881287]
2024-06-11 21:23:44,781 - root - INFO - Epoch 25/100 - Policy Loss: 7.8939971923828125, Predictor Loss: 0.6298427581787109, Reward: 0.0010234713554382324
2024-06-11 21:23:44,782 - root - INFO - Selected domain: [[0, 3, 2, 1], [0, 1, 3, 2], [0, 2, 3, 1]]
2024-06-11 21:23:44,894 - root - INFO - Accuracy on test target domain: 0.07
2024-06-11 21:23:44,895 - root - INFO - Selected test domain index: [1, 0, 2, 3]
2024-06-11 21:23:52,422 - root - INFO - selected domain list=1, reward:-0.03505679965019226
2024-06-11 21:24:04,227 - root - INFO - selected domain list>1, reward:0.04064208269119263
2024-06-11 21:24:10,758 - root - INFO - selected domain list>1, reward:-0.0210113525390625
2024-06-11 21:24:14,668 - root - INFO - selected domain list>1, reward:-0.04306355118751526
2024-06-11 21:24:14,688 - root - INFO - selection probs: [0.5043799877166748, 0.5044540762901306, 0.5044886469841003, 0.5045074224472046]
2024-06-11 21:24:23,287 - root - INFO - selected domain list=1, reward:-0.032337188720703125
2024-06-11 21:24:26,940 - root - INFO - selected domain list>1, reward:-0.047691792249679565
2024-06-11 21:24:32,263 - root - INFO - selected domain list>1, reward:0.1091456413269043
2024-06-11 21:24:41,272 - root - INFO - selected domain list>1, reward:-0.02046191692352295
2024-06-11 21:24:41,312 - root - INFO - selection probs: [0.5045831799507141, 0.5046190619468689, 0.5047264099121094, 0.5047737956047058]
2024-06-11 21:24:46,491 - root - INFO - selected domain list=1, reward:-0.028958827257156372
2024-06-11 21:24:52,017 - root - INFO - selected domain list>1, reward:-0.04901200532913208
2024-06-11 21:24:57,144 - root - INFO - selected domain list>1, reward:0.11037290096282959
2024-06-11 21:25:04,401 - root - INFO - selected domain list>1, reward:-0.020447492599487305
2024-06-11 21:25:04,440 - root - INFO - selection probs: [0.5048283934593201, 0.5048736333847046, 0.5049923658370972, 0.5050511956214905]
2024-06-11 21:25:04,541 - root - INFO - Epoch 26/100 - Policy Loss: 1.1529035568237305, Predictor Loss: 0.6021188497543335, Reward: -0.003156691789627075
2024-06-11 21:25:04,541 - root - INFO - Selected domain: [[1, 3, 2, 0], [1, 0, 3, 2], [1, 0, 3, 2]]
2024-06-11 21:25:04,698 - root - INFO - Accuracy on test target domain: 0.08
2024-06-11 21:25:04,698 - root - INFO - Selected test domain index: [0, 1, 2, 3]
2024-06-11 21:25:09,791 - root - INFO - selected domain list=1, reward:0.004390031099319458
2024-06-11 21:25:16,109 - root - INFO - selected domain list>1, reward:-0.018859267234802246
2024-06-11 21:25:20,924 - root - INFO - selected domain list>1, reward:0.01076596975326538
2024-06-11 21:25:27,533 - root - INFO - selected domain list>1, reward:-0.049084097146987915
2024-06-11 21:25:27,553 - root - INFO - selection probs: [0.5053803324699402, 0.5054355263710022, 0.5055347084999084, 0.5055890679359436]
2024-06-11 21:25:34,001 - root - INFO - selected domain list=1, reward:0.010941386222839355
2024-06-11 21:25:39,421 - root - INFO - selected domain list>1, reward:-0.0833100974559784
2024-06-11 21:25:45,644 - root - INFO - selected domain list>1, reward:0.0832449197769165
2024-06-11 21:25:52,307 - root - INFO - selected domain list>1, reward:0.013348519802093506
2024-06-11 21:25:52,341 - root - INFO - selection probs: [0.5057381987571716, 0.5057815909385681, 0.5059213638305664, 0.50601726770401]
2024-06-11 21:25:58,105 - root - INFO - selected domain list=1, reward:0.017755776643753052
2024-06-11 21:26:05,256 - root - INFO - selected domain list>1, reward:-0.08504945039749146
2024-06-11 21:26:10,480 - root - INFO - selected domain list>1, reward:0.08289599418640137
2024-06-11 21:26:17,526 - root - INFO - selected domain list>1, reward:0.012029021978378296
2024-06-11 21:26:17,564 - root - INFO - selection probs: [0.5061624646186829, 0.5062204003334045, 0.5063804984092712, 0.5064935684204102]
2024-06-11 21:26:17,655 - root - INFO - Epoch 27/100 - Policy Loss: 2.0925204753875732, Predictor Loss: 0.5569873452186584, Reward: -7.760773587506264e-05
2024-06-11 21:26:17,655 - root - INFO - Selected domain: [[3, 1, 2, 0], [3, 0, 2, 1], [3, 0, 2, 1]]
2024-06-11 21:26:17,733 - root - INFO - Accuracy on test target domain: 0.08
2024-06-11 21:26:17,733 - root - INFO - Selected test domain index: [2, 0, 3, 1]
2024-06-11 21:26:24,034 - root - INFO - selected domain list=1, reward:-0.008983045816421509
2024-06-11 21:26:30,348 - root - INFO - selected domain list>1, reward:0.04736530780792236
2024-06-11 21:26:35,607 - root - INFO - selected domain list>1, reward:-0.08659595251083374
2024-06-11 21:26:38,409 - root - INFO - selected domain list>1, reward:0.08390837907791138
2024-06-11 21:26:38,421 - root - INFO - selection probs: [0.5069063305854797, 0.5070875287055969, 0.5071664452552795, 0.5073626041412354]
2024-06-11 21:26:45,067 - root - INFO - selected domain list=1, reward:-0.0029747486114501953
2024-06-11 21:26:52,209 - root - INFO - selected domain list>1, reward:0.018367528915405273
2024-06-11 21:27:00,901 - root - INFO - selected domain list>1, reward:0.04574006795883179
2024-06-11 21:27:08,538 - root - INFO - selected domain list>1, reward:-0.08852386474609375
2024-06-11 21:27:08,566 - root - INFO - selection probs: [0.5075052380561829, 0.5076813101768494, 0.5078763961791992, 0.5079739093780518]
2024-06-11 21:27:14,230 - root - INFO - selected domain list=1, reward:0.013485610485076904
2024-06-11 21:27:20,814 - root - INFO - selected domain list>1, reward:0.0067663490772247314
2024-06-11 21:27:27,641 - root - INFO - selected domain list>1, reward:0.050824642181396484
2024-06-11 21:27:31,722 - root - INFO - selected domain list>1, reward:-0.09016686677932739
2024-06-11 21:27:31,745 - root - INFO - selection probs: [0.5081977844238281, 0.5083627700805664, 0.5085948705673218, 0.5086984634399414]
2024-06-11 21:27:31,855 - root - INFO - Epoch 28/100 - Policy Loss: -4.458398818969727, Predictor Loss: 0.4882863461971283, Reward: -0.0008988827466964722
2024-06-11 21:27:31,855 - root - INFO - Selected domain: [[1, 3, 0, 2], [1, 2, 3, 0], [2, 1, 3, 0]]
2024-06-11 21:27:31,934 - root - INFO - Accuracy on test target domain: 0.08
2024-06-11 21:27:31,934 - root - INFO - Selected test domain index: [0, 2, 1, 3]
2024-06-11 21:27:36,932 - root - INFO - selected domain list=1, reward:0.010259807109832764
2024-06-11 21:27:42,835 - root - INFO - selected domain list>1, reward:0.05122017860412598
2024-06-11 21:27:52,091 - root - INFO - selected domain list>1, reward:-0.01365363597869873
2024-06-11 21:28:00,186 - root - INFO - selected domain list>1, reward:-0.05840221047401428
2024-06-11 21:28:00,212 - root - INFO - selection probs: [0.5091416835784912, 0.5093898177146912, 0.5095481276512146, 0.5096826553344727]
2024-06-11 21:28:05,764 - root - INFO - selected domain list=1, reward:0.05758678913116455
2024-06-11 21:28:11,636 - root - INFO - selected domain list>1, reward:-0.09298872947692871
2024-06-11 21:28:18,883 - root - INFO - selected domain list>1, reward:0.07599338889122009
2024-06-11 21:28:25,330 - root - INFO - selected domain list>1, reward:0.030795037746429443
2024-06-11 21:28:25,370 - root - INFO - selection probs: [0.5099645853042603, 0.5100521445274353, 0.5102617144584656, 0.510441780090332]
2024-06-11 21:28:33,340 - root - INFO - selected domain list=1, reward:0.04096364974975586
2024-06-11 21:28:42,263 - root - INFO - selected domain list>1, reward:0.0438881516456604
2024-06-11 21:28:48,391 - root - INFO - selected domain list>1, reward:-0.03471332788467407
2024-06-11 21:28:55,836 - root - INFO - selected domain list>1, reward:-0.04989024996757507
2024-06-11 21:28:55,873 - root - INFO - selection probs: [0.5105928182601929, 0.5107724070549011, 0.5108522772789001, 0.5109371542930603]
2024-06-11 21:28:55,991 - root - INFO - Epoch 29/100 - Policy Loss: -2.4729833602905273, Predictor Loss: 0.4191119372844696, Reward: 0.005088237579911947
2024-06-11 21:28:55,991 - root - INFO - Selected domain: [[1, 3, 2, 0], [3, 0, 1, 2], [2, 3, 1, 0]]
2024-06-11 21:28:56,058 - root - INFO - Accuracy on test target domain: 0.08
2024-06-11 21:28:56,058 - root - INFO - Selected test domain index: [3, 0, 2, 1]
2024-06-11 21:29:02,514 - root - INFO - selected domain list=1, reward:0.022806376218795776
2024-06-11 21:29:10,628 - root - INFO - selected domain list>1, reward:0.03291374444961548
2024-06-11 21:29:20,587 - root - INFO - selected domain list>1, reward:0.04374825954437256
2024-06-11 21:29:25,892 - root - INFO - selected domain list>1, reward:-0.0964168906211853
2024-06-11 21:29:25,931 - root - INFO - selection probs: [0.5112136602401733, 0.5113034844398499, 0.5114017128944397, 0.5113988518714905]
2024-06-11 21:29:30,598 - root - INFO - selected domain list=1, reward:0.022970855236053467
2024-06-11 21:29:38,143 - root - INFO - selected domain list>1, reward:0.05734407901763916
2024-06-11 21:29:44,369 - root - INFO - selected domain list>1, reward:-0.015827476978302002
2024-06-11 21:29:50,785 - root - INFO - selected domain list>1, reward:-0.06450521945953369
2024-06-11 21:29:50,816 - root - INFO - selection probs: [0.5114898681640625, 0.5115718841552734, 0.511580765247345, 0.5115777850151062]
2024-06-11 21:29:58,313 - root - INFO - selected domain list=1, reward:0.0695379376411438
2024-06-11 21:30:06,370 - root - INFO - selected domain list>1, reward:-0.0412638783454895
2024-06-11 21:30:12,006 - root - INFO - selected domain list>1, reward:0.03373515605926514
2024-06-11 21:30:19,488 - root - INFO - selected domain list>1, reward:-0.0698191225528717
2024-06-11 21:30:19,528 - root - INFO - selection probs: [0.5116687417030334, 0.5116544961929321, 0.5116699934005737, 0.5116432309150696]
2024-06-11 21:30:19,631 - root - INFO - Epoch 30/100 - Policy Loss: -11.468507766723633, Predictor Loss: 0.38754838705062866, Reward: -0.000398014992242679
2024-06-11 21:30:19,631 - root - INFO - Selected domain: [[1, 2, 3, 0], [1, 3, 2, 0], [3, 1, 2, 0]]
2024-06-11 21:30:19,639 - root - INFO - Accuracy on test target domain: 0.08
2024-06-11 21:30:19,639 - root - INFO - Selected test domain index: [3, 1, 0, 2]
2024-06-11 21:30:23,578 - root - INFO - selected domain list=1, reward:0.04312700033187866
2024-06-11 21:30:34,047 - root - INFO - selected domain list>1, reward:0.03242146968841553
2024-06-11 21:30:40,794 - root - INFO - selected domain list>1, reward:-0.09583929181098938
2024-06-11 21:30:47,128 - root - INFO - selected domain list>1, reward:0.06919071078300476
2024-06-11 21:30:47,166 - root - INFO - selection probs: [0.5115549564361572, 0.5115858316421509, 0.5115180611610413, 0.5115413069725037]
2024-06-11 21:30:52,195 - root - INFO - selected domain list=1, reward:0.03907674551010132
2024-06-11 21:30:59,127 - root - INFO - selected domain list>1, reward:0.030941545963287354
2024-06-11 21:31:07,418 - root - INFO - selected domain list>1, reward:-0.04415574669837952
2024-06-11 21:31:14,687 - root - INFO - selected domain list>1, reward:-0.04362279176712036
2024-06-11 21:31:14,725 - root - INFO - selection probs: [0.511533260345459, 0.5115499496459961, 0.5115007758140564, 0.5114569664001465]
2024-06-11 21:31:19,918 - root - INFO - selected domain list=1, reward:0.012706249952316284
2024-06-11 21:31:24,580 - root - INFO - selected domain list>1, reward:-0.04316598176956177
2024-06-11 21:31:32,252 - root - INFO - selected domain list>1, reward:0.08903735876083374
2024-06-11 21:31:38,285 - root - INFO - selected domain list>1, reward:0.03022587299346924
2024-06-11 21:31:38,324 - root - INFO - selection probs: [0.5114717483520508, 0.5114288330078125, 0.511443555355072, 0.5114533305168152]
2024-06-11 21:31:38,427 - root - INFO - Epoch 31/100 - Policy Loss: 4.550664901733398, Predictor Loss: 0.3753471374511719, Reward: 0.009995262138545513
2024-06-11 21:31:38,427 - root - INFO - Selected domain: [[2, 3, 0, 1], [2, 3, 1, 0], [1, 0, 2, 3]]
2024-06-11 21:31:38,510 - root - INFO - Accuracy on test target domain: 0.08
2024-06-11 21:31:38,510 - root - INFO - Selected test domain index: [0, 1, 3, 2]
2024-06-11 21:31:45,191 - root - INFO - selected domain list=1, reward:0.05715906620025635
2024-06-11 21:31:52,929 - root - INFO - selected domain list>1, reward:-0.09700793027877808
2024-06-11 21:32:00,041 - root - INFO - selected domain list>1, reward:0.06747660040855408
2024-06-11 21:32:07,591 - root - INFO - selected domain list>1, reward:0.03122401237487793
2024-06-11 21:32:07,623 - root - INFO - selection probs: [0.511435329914093, 0.5113657116889954, 0.5113832950592041, 0.5113735795021057]
2024-06-11 21:32:12,700 - root - INFO - selected domain list=1, reward:-0.04497450590133667
2024-06-11 21:32:21,759 - root - INFO - selected domain list>1, reward:0.06774505972862244
2024-06-11 21:32:27,684 - root - INFO - selected domain list>1, reward:0.05786794424057007
2024-06-11 21:32:38,390 - root - INFO - selected domain list>1, reward:-0.02401489019393921
2024-06-11 21:32:38,427 - root - INFO - selection probs: [0.5113307237625122, 0.5113503932952881, 0.5113747119903564, 0.5113406181335449]
2024-06-11 21:32:43,260 - root - INFO - selected domain list=1, reward:-0.047659605741500854
2024-06-11 21:32:49,050 - root - INFO - selected domain list>1, reward:0.08830481767654419
2024-06-11 21:33:01,174 - root - INFO - selected domain list>1, reward:-0.01300811767578125
2024-06-11 21:33:07,845 - root - INFO - selected domain list>1, reward:0.05809223651885986
2024-06-11 21:33:07,883 - root - INFO - selection probs: [0.5113027691841125, 0.5113293528556824, 0.5113244652748108, 0.5113513469696045]
2024-06-11 21:33:07,976 - root - INFO - Epoch 32/100 - Policy Loss: 15.045583724975586, Predictor Loss: 0.3674752712249756, Reward: 0.01676705852150917
2024-06-11 21:33:07,976 - root - INFO - Selected domain: [[3, 0, 1, 2], [0, 1, 3, 2], [0, 2, 1, 3]]
2024-06-11 21:33:08,050 - root - INFO - Accuracy on test target domain: 0.08
2024-06-11 21:33:08,051 - root - INFO - Selected test domain index: [0, 1, 3, 2]
2024-06-11 21:33:11,955 - root - INFO - selected domain list=1, reward:-0.0498521625995636
2024-06-11 21:33:18,355 - root - INFO - selected domain list>1, reward:0.08816152811050415
2024-06-11 21:33:26,934 - root - INFO - selected domain list>1, reward:-0.012177795171737671
2024-06-11 21:33:33,353 - root - INFO - selected domain list>1, reward:0.05847984552383423
2024-06-11 21:33:33,391 - root - INFO - selection probs: [0.5115737915039062, 0.511604368686676, 0.511600911617279, 0.5116323828697205]
2024-06-11 21:33:37,966 - root - INFO - selected domain list=1, reward:-0.05147784948348999
2024-06-11 21:33:46,670 - root - INFO - selected domain list>1, reward:0.06829127669334412
2024-06-11 21:33:53,041 - root - INFO - selected domain list>1, reward:0.05880165100097656
2024-06-11 21:34:01,438 - root - INFO - selected domain list>1, reward:-0.02333897352218628
2024-06-11 21:34:01,474 - root - INFO - selection probs: [0.5115699172019958, 0.511599600315094, 0.5116322636604309, 0.5116049647331238]
2024-06-11 21:34:08,518 - root - INFO - selected domain list=1, reward:-0.0014057755470275879
2024-06-11 21:34:16,484 - root - INFO - selected domain list>1, reward:0.030461668968200684
2024-06-11 21:34:23,494 - root - INFO - selected domain list>1, reward:0.0360599160194397
2024-06-11 21:34:29,050 - root - INFO - selected domain list>1, reward:-0.09291490912437439
2024-06-11 21:34:29,080 - root - INFO - selection probs: [0.5116013884544373, 0.5116064548492432, 0.5116350650787354, 0.5115765929222107]
2024-06-11 21:34:29,188 - root - INFO - Epoch 33/100 - Policy Loss: 6.415065765380859, Predictor Loss: 0.3623681962490082, Reward: 0.009090702049434185
2024-06-11 21:34:29,188 - root - INFO - Selected domain: [[0, 2, 1, 3], [0, 1, 3, 2], [1, 2, 3, 0]]
2024-06-11 21:34:29,269 - root - INFO - Accuracy on test target domain: 0.08
2024-06-11 21:34:29,269 - root - INFO - Selected test domain index: [0, 2, 1, 3]
2024-06-11 21:34:36,697 - root - INFO - selected domain list=1, reward:-0.003142446279525757
2024-06-11 21:34:43,637 - root - INFO - selected domain list>1, reward:0.030775606632232666
2024-06-11 21:34:52,079 - root - INFO - selected domain list>1, reward:-0.061768293380737305
2024-06-11 21:34:59,829 - root - INFO - selected domain list>1, reward:0.11580252647399902
2024-06-11 21:34:59,859 - root - INFO - selection probs: [0.511980414390564, 0.5119882225990295, 0.5119518637657166, 0.5120208263397217]
2024-06-11 21:35:07,671 - root - INFO - selected domain list=1, reward:0.04339274764060974
2024-06-11 21:35:13,872 - root - INFO - selected domain list>1, reward:-0.022812843322753906
2024-06-11 21:35:19,426 - root - INFO - selected domain list>1, reward:-0.06061011552810669
2024-06-11 21:35:27,928 - root - INFO - selected domain list>1, reward:0.06782636046409607
2024-06-11 21:35:27,952 - root - INFO - selection probs: [0.5120217204093933, 0.511993944644928, 0.5119580626487732, 0.5119922757148743]
2024-06-11 21:35:32,953 - root - INFO - selected domain list=1, reward:-0.056572020053863525
2024-06-11 21:35:46,070 - root - INFO - selected domain list>1, reward:0.06793978810310364
2024-06-11 21:35:52,686 - root - INFO - selected domain list>1, reward:0.030225157737731934
2024-06-11 21:35:59,980 - root - INFO - selected domain list>1, reward:0.037778258323669434
2024-06-11 21:36:00,017 - root - INFO - selection probs: [0.5119619369506836, 0.5119959712028503, 0.5120037198066711, 0.5120306015014648]
2024-06-11 21:36:00,120 - root - INFO - Epoch 34/100 - Policy Loss: 16.36683464050293, Predictor Loss: 0.3588069677352905, Reward: 0.015736227855086327
2024-06-11 21:36:00,120 - root - INFO - Selected domain: [[1, 2, 0, 3], [3, 2, 0, 1], [0, 1, 2, 3]]
2024-06-11 21:36:00,201 - root - INFO - Accuracy on test target domain: 0.08
2024-06-11 21:36:00,201 - root - INFO - Selected test domain index: [2, 3, 1, 0]
2024-06-11 21:36:05,358 - root - INFO - selected domain list=1, reward:-0.007058590650558472
2024-06-11 21:36:13,171 - root - INFO - selected domain list>1, reward:0.030284225940704346
2024-06-11 21:36:19,995 - root - INFO - selected domain list>1, reward:-0.060344427824020386
2024-06-11 21:36:25,163 - root - INFO - selected domain list>1, reward:0.11528390645980835
2024-06-11 21:36:25,187 - root - INFO - selection probs: [0.5125760436058044, 0.5125841498374939, 0.512542188167572, 0.5126189589500427]
2024-06-11 21:36:30,264 - root - INFO - selected domain list=1, reward:0.010167300701141357
2024-06-11 21:36:39,851 - root - INFO - selected domain list>1, reward:0.03881347179412842
2024-06-11 21:36:44,594 - root - INFO - selected domain list>1, reward:-0.09008327126502991
2024-06-11 21:36:48,604 - root - INFO - selected domain list>1, reward:0.0680677592754364
2024-06-11 21:36:48,628 - root - INFO - selection probs: [0.512588620185852, 0.5126209259033203, 0.5125497579574585, 0.5125844478607178]
2024-06-11 21:36:52,673 - root - INFO - selected domain list=1, reward:-0.059703439474105835
2024-06-11 21:37:01,076 - root - INFO - selected domain list>1, reward:0.11528217792510986
2024-06-11 21:37:07,096 - root - INFO - selected domain list>1, reward:-0.024440228939056396
2024-06-11 21:37:14,682 - root - INFO - selected domain list>1, reward:-0.006971478462219238
2024-06-11 21:37:14,719 - root - INFO - selection probs: [0.5125517249107361, 0.5126250982284546, 0.5125901103019714, 0.5125830173492432]
2024-06-11 21:37:14,799 - root - INFO - Epoch 35/100 - Policy Loss: 10.824951171875, Predictor Loss: 0.3562281131744385, Reward: 0.010774783790111542
2024-06-11 21:37:14,799 - root - INFO - Selected domain: [[1, 2, 0, 3], [2, 3, 0, 1], [0, 3, 2, 1]]
2024-06-11 21:37:14,826 - root - INFO - Accuracy on test target domain: 0.08
2024-06-11 21:37:14,826 - root - INFO - Selected test domain index: [1, 2, 0, 3]
2024-06-11 21:37:22,616 - root - INFO - selected domain list=1, reward:-0.010503560304641724
2024-06-11 21:37:29,219 - root - INFO - selected domain list>1, reward:0.029350697994232178
2024-06-11 21:37:38,174 - root - INFO - selected domain list>1, reward:-0.05709570646286011
2024-06-11 21:37:44,055 - root - INFO - selected domain list>1, reward:0.11531370878219604
2024-06-11 21:37:44,086 - root - INFO - selection probs: [0.5132729411125183, 0.5132818222045898, 0.513232409954071, 0.5133166313171387]
2024-06-11 21:37:49,569 - root - INFO - selected domain list=1, reward:-0.06154718995094299
2024-06-11 21:37:56,644 - root - INFO - selected domain list>1, reward:0.08476334810256958
2024-06-11 21:38:01,932 - root - INFO - selected domain list>1, reward:-0.006746083498001099
2024-06-11 21:38:08,955 - root - INFO - selected domain list>1, reward:0.059293508529663086
2024-06-11 21:38:08,994 - root - INFO - selection probs: [0.5132354497909546, 0.5132843852043152, 0.513273298740387, 0.51332026720047]
2024-06-11 21:38:14,017 - root - INFO - selected domain list=1, reward:0.034953415393829346
2024-06-11 21:38:23,834 - root - INFO - selected domain list>1, reward:-0.03929424285888672
2024-06-11 21:38:29,922 - root - INFO - selected domain list>1, reward:-0.03805789351463318
2024-06-11 21:38:35,099 - root - INFO - selected domain list>1, reward:0.08403348922729492
2024-06-11 21:38:35,129 - root - INFO - selection probs: [0.5133170485496521, 0.5132741332054138, 0.5132364630699158, 0.5132858753204346]
2024-06-11 21:38:35,237 - root - INFO - Epoch 36/100 - Policy Loss: 18.413776397705078, Predictor Loss: 0.35424870252609253, Reward: 0.01620529219508171
2024-06-11 21:38:35,237 - root - INFO - Selected domain: [[1, 2, 0, 3], [0, 2, 1, 3], [3, 1, 0, 2]]
2024-06-11 21:38:35,299 - root - INFO - Accuracy on test target domain: 0.08
2024-06-11 21:38:35,299 - root - INFO - Selected test domain index: [3, 1, 2, 0]
2024-06-11 21:38:44,370 - root - INFO - selected domain list=1, reward:0.034138262271881104
2024-06-11 21:38:53,940 - root - INFO - selected domain list>1, reward:-0.04154711961746216
2024-06-11 21:38:58,118 - root - INFO - selected domain list>1, reward:0.028191477060317993
2024-06-11 21:39:05,955 - root - INFO - selected domain list>1, reward:-0.05604782700538635
2024-06-11 21:39:05,995 - root - INFO - selection probs: [0.514190137386322, 0.5141353011131287, 0.5141538381576538, 0.5140900015830994]
2024-06-11 21:39:18,421 - root - INFO - selected domain list=1, reward:0.002014368772506714
2024-06-11 21:39:25,497 - root - INFO - selected domain list>1, reward:-0.055436909198760986
2024-06-11 21:39:30,483 - root - INFO - selected domain list>1, reward:0.11462938785552979
2024-06-11 21:39:37,301 - root - INFO - selected domain list>1, reward:-0.0380268394947052
2024-06-11 21:39:37,329 - root - INFO - selection probs: [0.5141496658325195, 0.51409512758255, 0.514191746711731, 0.5141373872756958]
2024-06-11 21:39:45,380 - root - INFO - selected domain list=1, reward:-0.06463515758514404
2024-06-11 21:39:49,594 - root - INFO - selected domain list>1, reward:0.08341634273529053
2024-06-11 21:39:56,514 - root - INFO - selected domain list>1, reward:-0.003960847854614258
2024-06-11 21:40:03,919 - root - INFO - selected domain list>1, reward:0.0584985613822937
2024-06-11 21:40:03,968 - root - INFO - selection probs: [0.5140960812568665, 0.5141562819480896, 0.5141362547874451, 0.5141855478286743]
2024-06-11 21:40:04,110 - root - INFO - Epoch 37/100 - Policy Loss: 4.806375503540039, Predictor Loss: 0.3527822196483612, Reward: 0.005102808587253094
2024-06-11 21:40:04,110 - root - INFO - Selected domain: [[3, 1, 2, 0], [2, 0, 3, 1], [0, 2, 1, 3]]
2024-06-11 21:40:04,176 - root - INFO - Accuracy on test target domain: 0.08
2024-06-11 21:40:04,176 - root - INFO - Selected test domain index: [0, 2, 3, 1]
2024-06-11 21:40:10,225 - root - INFO - selected domain list=1, reward:-0.015682220458984375
2024-06-11 21:40:17,479 - root - INFO - selected domain list>1, reward:0.02742859721183777
2024-06-11 21:40:26,636 - root - INFO - selected domain list>1, reward:0.04149782657623291
2024-06-11 21:40:33,025 - root - INFO - selected domain list>1, reward:-0.08784860372543335
2024-06-11 21:40:33,049 - root - INFO - selection probs: [0.5149902701377869, 0.5150123238563538, 0.5150496363639832, 0.5149455666542053]
2024-06-11 21:40:38,705 - root - INFO - selected domain list=1, reward:-0.016577690839767456
2024-06-11 21:40:46,763 - root - INFO - selected domain list>1, reward:0.05866724252700806
2024-06-11 21:40:54,089 - root - INFO - selected domain list>1, reward:-0.08893418312072754
2024-06-11 21:41:03,507 - root - INFO - selected domain list>1, reward:0.08221384882926941
2024-06-11 21:41:03,545 - root - INFO - selection probs: [0.5149936676025391, 0.5150578022003174, 0.5149444937705994, 0.5150143504142761]
2024-06-11 21:41:10,839 - root - INFO - selected domain list=1, reward:-0.0026562511920928955
2024-06-11 21:41:16,899 - root - INFO - selected domain list>1, reward:-0.05287724733352661
2024-06-11 21:41:23,223 - root - INFO - selected domain list>1, reward:0.0670158863067627
2024-06-11 21:41:31,385 - root - INFO - selected domain list>1, reward:0.0583723783493042
2024-06-11 21:41:31,424 - root - INFO - selection probs: [0.5150162577629089, 0.5149419903755188, 0.5149886012077332, 0.5150545239448547]
2024-06-11 21:41:31,513 - root - INFO - Epoch 38/100 - Policy Loss: 6.572458267211914, Predictor Loss: 0.3515905737876892, Reward: 0.005884965416043997
2024-06-11 21:41:31,513 - root - INFO - Selected domain: [[1, 2, 3, 0], [1, 3, 0, 2], [2, 0, 1, 3]]
2024-06-11 21:41:31,524 - root - INFO - Accuracy on test target domain: 0.08
2024-06-11 21:41:31,524 - root - INFO - Selected test domain index: [2, 3, 1, 0]
2024-06-11 21:41:38,328 - root - INFO - selected domain list=1, reward:-0.017719566822052002
2024-06-11 21:41:46,606 - root - INFO - selected domain list>1, reward:0.05836373567581177
2024-06-11 21:41:54,206 - root - INFO - selected domain list>1, reward:-0.09062743186950684
2024-06-11 21:42:02,428 - root - INFO - selected domain list>1, reward:0.08109146356582642
2024-06-11 21:42:02,468 - root - INFO - selection probs: [0.5158252120018005, 0.5159057378768921, 0.5157789587974548, 0.5158551931381226]
